2023-06-10 10:25:41 [INFO] /Users/sumith/Documents/Projects/vercel/phenv/lib/python3.9/site-packages/django/utils/autoreload.py:668 Watching for file changes with StatReloader
2023-06-10 10:25:44 [INFO] /Users/sumith/Documents/Projects/vercel/phenv/lib/python3.9/site-packages/django/utils/autoreload.py:266 /Users/sumith/Documents/Projects/vercel/ph-django-main/vercel_app/settings.py changed, reloading.
2023-06-10 10:25:44 [INFO] /Users/sumith/Documents/Projects/vercel/phenv/lib/python3.9/site-packages/django/utils/autoreload.py:668 Watching for file changes with StatReloader
2023-06-10 10:26:07 [INFO] /Users/sumith/Documents/Projects/vercel/phenv/lib/python3.9/site-packages/django/utils/autoreload.py:266 /Users/sumith/Documents/Projects/vercel/ph-django-main/vercel_app/urls.py changed, reloading.
2023-06-10 10:26:07 [INFO] /Users/sumith/Documents/Projects/vercel/phenv/lib/python3.9/site-packages/django/utils/autoreload.py:668 Watching for file changes with StatReloader
2023-06-10 10:26:11 [INFO] /Users/sumith/Documents/Projects/vercel/phenv/lib/python3.9/site-packages/django/utils/autoreload.py:266 /Users/sumith/Documents/Projects/vercel/ph-django-main/vercel_app/urls.py changed, reloading.
2023-06-10 10:26:12 [INFO] /Users/sumith/Documents/Projects/vercel/phenv/lib/python3.9/site-packages/django/utils/autoreload.py:668 Watching for file changes with StatReloader
2023-06-10 10:26:14 [INFO] /Users/sumith/Documents/Projects/vercel/phenv/lib/python3.9/site-packages/django/utils/autoreload.py:266 /Users/sumith/Documents/Projects/vercel/ph-django-main/vercel_app/urls.py changed, reloading.
2023-06-10 10:26:14 [INFO] /Users/sumith/Documents/Projects/vercel/phenv/lib/python3.9/site-packages/django/utils/autoreload.py:668 Watching for file changes with StatReloader
2023-06-10 10:26:38 [INFO] /Users/sumith/Documents/Projects/vercel/phenv/lib/python3.9/site-packages/django/utils/autoreload.py:266 /Users/sumith/Documents/Projects/vercel/ph-django-main/vercel_app/urls.py changed, reloading.
2023-06-10 10:26:38 [INFO] /Users/sumith/Documents/Projects/vercel/phenv/lib/python3.9/site-packages/django/utils/autoreload.py:668 Watching for file changes with StatReloader
2023-06-10 10:27:48 [INFO] /Users/sumith/Documents/Projects/vercel/phenv/lib/python3.9/site-packages/django/utils/autoreload.py:266 /Users/sumith/Documents/Projects/vercel/ph-django-main/employee/views.py changed, reloading.
2023-06-10 10:27:48 [INFO] /Users/sumith/Documents/Projects/vercel/phenv/lib/python3.9/site-packages/django/utils/autoreload.py:668 Watching for file changes with StatReloader
2023-06-10 10:27:49 [INFO] /Users/sumith/Documents/Projects/vercel/phenv/lib/python3.9/site-packages/django/utils/autoreload.py:266 /Users/sumith/Documents/Projects/vercel/ph-django-main/employee/views.py changed, reloading.
2023-06-10 10:27:50 [INFO] /Users/sumith/Documents/Projects/vercel/phenv/lib/python3.9/site-packages/django/utils/autoreload.py:668 Watching for file changes with StatReloader
2023-06-10 10:27:52 [INFO] /Users/sumith/Documents/Projects/vercel/phenv/lib/python3.9/site-packages/django/utils/autoreload.py:266 /Users/sumith/Documents/Projects/vercel/ph-django-main/employee/views.py changed, reloading.
2023-06-10 10:27:52 [INFO] /Users/sumith/Documents/Projects/vercel/phenv/lib/python3.9/site-packages/django/utils/autoreload.py:668 Watching for file changes with StatReloader
2023-06-10 10:28:12 [INFO] /Users/sumith/Documents/Projects/vercel/phenv/lib/python3.9/site-packages/django/utils/autoreload.py:266 /Users/sumith/Documents/Projects/vercel/ph-django-main/employee/views.py changed, reloading.
2023-06-10 10:28:12 [INFO] /Users/sumith/Documents/Projects/vercel/phenv/lib/python3.9/site-packages/django/utils/autoreload.py:668 Watching for file changes with StatReloader
2023-06-10 10:28:21 [INFO] /Users/sumith/Documents/Projects/vercel/phenv/lib/python3.9/site-packages/django/utils/autoreload.py:266 /Users/sumith/Documents/Projects/vercel/ph-django-main/employee/views.py changed, reloading.
2023-06-10 10:28:21 [INFO] /Users/sumith/Documents/Projects/vercel/phenv/lib/python3.9/site-packages/django/utils/autoreload.py:668 Watching for file changes with StatReloader
2023-06-10 10:28:27 [INFO] /Users/sumith/Documents/Projects/vercel/phenv/lib/python3.9/site-packages/django/utils/autoreload.py:266 /Users/sumith/Documents/Projects/vercel/ph-django-main/employee/views.py changed, reloading.
2023-06-10 10:28:28 [INFO] /Users/sumith/Documents/Projects/vercel/phenv/lib/python3.9/site-packages/django/utils/autoreload.py:668 Watching for file changes with StatReloader
2023-06-10 10:28:30 [INFO] /Users/sumith/Documents/Projects/vercel/phenv/lib/python3.9/site-packages/django/utils/autoreload.py:266 /Users/sumith/Documents/Projects/vercel/ph-django-main/employee/views.py changed, reloading.
2023-06-10 10:28:30 [INFO] /Users/sumith/Documents/Projects/vercel/phenv/lib/python3.9/site-packages/django/utils/autoreload.py:668 Watching for file changes with StatReloader
2023-06-10 10:30:14 [INFO] /Users/sumith/Documents/Projects/vercel/phenv/lib/python3.9/site-packages/django/utils/autoreload.py:266 /Users/sumith/Documents/Projects/vercel/ph-django-main/employee/views.py changed, reloading.
2023-06-10 10:30:15 [INFO] /Users/sumith/Documents/Projects/vercel/phenv/lib/python3.9/site-packages/django/utils/autoreload.py:668 Watching for file changes with StatReloader
2023-06-10 10:30:37 [INFO] /Users/sumith/Documents/Projects/vercel/phenv/lib/python3.9/site-packages/django/utils/autoreload.py:266 /Users/sumith/Documents/Projects/vercel/ph-django-main/employee/views.py changed, reloading.
2023-06-10 10:30:37 [INFO] /Users/sumith/Documents/Projects/vercel/phenv/lib/python3.9/site-packages/django/utils/autoreload.py:668 Watching for file changes with StatReloader
2023-06-10 10:30:55 [INFO] /Users/sumith/Documents/Projects/vercel/phenv/lib/python3.9/site-packages/django/utils/autoreload.py:266 /Users/sumith/Documents/Projects/vercel/ph-django-main/employee/views.py changed, reloading.
2023-06-10 10:30:55 [INFO] /Users/sumith/Documents/Projects/vercel/phenv/lib/python3.9/site-packages/django/utils/autoreload.py:668 Watching for file changes with StatReloader
2023-06-10 10:31:06 [INFO] /Users/sumith/Documents/Projects/vercel/phenv/lib/python3.9/site-packages/django/utils/autoreload.py:266 /Users/sumith/Documents/Projects/vercel/ph-django-main/employee/views.py changed, reloading.
2023-06-10 10:31:06 [INFO] /Users/sumith/Documents/Projects/vercel/phenv/lib/python3.9/site-packages/django/utils/autoreload.py:668 Watching for file changes with StatReloader
2023-06-10 10:32:34 [INFO] /Users/sumith/Documents/Projects/vercel/phenv/lib/python3.9/site-packages/django/utils/autoreload.py:266 /Users/sumith/Documents/Projects/vercel/ph-django-main/employee/views.py changed, reloading.
2023-06-10 10:32:34 [INFO] /Users/sumith/Documents/Projects/vercel/phenv/lib/python3.9/site-packages/django/utils/autoreload.py:668 Watching for file changes with StatReloader
2023-06-10 10:32:38 [INFO] /Users/sumith/Documents/Projects/vercel/phenv/lib/python3.9/site-packages/django/utils/autoreload.py:266 /Users/sumith/Documents/Projects/vercel/ph-django-main/employee/views.py changed, reloading.
2023-06-10 10:32:39 [INFO] /Users/sumith/Documents/Projects/vercel/phenv/lib/python3.9/site-packages/django/utils/autoreload.py:668 Watching for file changes with StatReloader
2023-06-10 10:32:45 [INFO] /Users/sumith/Documents/Projects/vercel/ph-django-main/employee/views.py:53 User sign-in attempt: email=akash@gmail.com
2023-06-10 10:34:27 [WARNING] /Users/sumith/Documents/Projects/vercel/phenv/lib/python3.9/site-packages/django/utils/log.py:241 Forbidden: /signin/
2023-06-10 10:53:14 [INFO] /Users/sumith/Documents/Projects/vercel/phenv/lib/python3.9/site-packages/django/utils/autoreload.py:266 /Users/sumith/Documents/Projects/vercel/ph-django-main/employee/views.py changed, reloading.
2023-06-10 10:53:15 [INFO] /Users/sumith/Documents/Projects/vercel/phenv/lib/python3.9/site-packages/django/utils/autoreload.py:668 Watching for file changes with StatReloader
2023-06-10 10:53:16 [INFO] /Users/sumith/Documents/Projects/vercel/phenv/lib/python3.9/site-packages/django/utils/autoreload.py:266 /Users/sumith/Documents/Projects/vercel/ph-django-main/employee/views.py changed, reloading.
2023-06-10 10:53:16 [INFO] /Users/sumith/Documents/Projects/vercel/phenv/lib/python3.9/site-packages/django/utils/autoreload.py:668 Watching for file changes with StatReloader
2023-06-10 10:53:18 [INFO] /Users/sumith/Documents/Projects/vercel/phenv/lib/python3.9/site-packages/django/utils/autoreload.py:266 /Users/sumith/Documents/Projects/vercel/ph-django-main/employee/views.py changed, reloading.
2023-06-10 10:53:19 [INFO] /Users/sumith/Documents/Projects/vercel/phenv/lib/python3.9/site-packages/django/utils/autoreload.py:668 Watching for file changes with StatReloader
2023-06-10 10:56:04 [WARNING] /Users/sumith/Documents/Projects/vercel/phenv/lib/python3.9/site-packages/django/utils/log.py:241 Forbidden: /signup/
2023-06-10 11:01:26 [INFO] /Users/sumith/Documents/Projects/vercel/phenv/lib/python3.9/site-packages/django/utils/autoreload.py:266 /Users/sumith/Documents/Projects/vercel/ph-django-main/employee/views.py changed, reloading.
2023-06-10 11:01:27 [INFO] /Users/sumith/Documents/Projects/vercel/phenv/lib/python3.9/site-packages/django/utils/autoreload.py:668 Watching for file changes with StatReloader
2023-06-10 11:01:30 [INFO] /Users/sumith/Documents/Projects/vercel/phenv/lib/python3.9/site-packages/django/utils/autoreload.py:266 /Users/sumith/Documents/Projects/vercel/ph-django-main/employee/views.py changed, reloading.
2023-06-10 11:01:30 [INFO] /Users/sumith/Documents/Projects/vercel/phenv/lib/python3.9/site-packages/django/utils/autoreload.py:668 Watching for file changes with StatReloader
2023-06-10 11:01:37 [WARNING] /Users/sumith/Documents/Projects/vercel/phenv/lib/python3.9/site-packages/django/utils/log.py:241 Forbidden: /signup/
2023-06-10 11:01:55 [INFO] /Users/sumith/Documents/Projects/vercel/phenv/lib/python3.9/site-packages/django/utils/autoreload.py:266 /Users/sumith/Documents/Projects/vercel/ph-django-main/employee/views.py changed, reloading.
2023-06-10 11:01:55 [INFO] /Users/sumith/Documents/Projects/vercel/phenv/lib/python3.9/site-packages/django/utils/autoreload.py:668 Watching for file changes with StatReloader
2023-06-10 11:01:58 [INFO] /Users/sumith/Documents/Projects/vercel/phenv/lib/python3.9/site-packages/django/utils/autoreload.py:266 /Users/sumith/Documents/Projects/vercel/ph-django-main/employee/views.py changed, reloading.
2023-06-10 11:01:58 [INFO] /Users/sumith/Documents/Projects/vercel/phenv/lib/python3.9/site-packages/django/utils/autoreload.py:668 Watching for file changes with StatReloader
2023-06-10 11:02:00 [INFO] /Users/sumith/Documents/Projects/vercel/phenv/lib/python3.9/site-packages/django/utils/autoreload.py:266 /Users/sumith/Documents/Projects/vercel/ph-django-main/employee/views.py changed, reloading.
2023-06-10 11:02:00 [INFO] /Users/sumith/Documents/Projects/vercel/phenv/lib/python3.9/site-packages/django/utils/autoreload.py:668 Watching for file changes with StatReloader
2023-06-10 11:02:06 [INFO] /Users/sumith/Documents/Projects/vercel/phenv/lib/python3.9/site-packages/django/utils/autoreload.py:266 /Users/sumith/Documents/Projects/vercel/ph-django-main/employee/views.py changed, reloading.
2023-06-10 11:02:06 [INFO] /Users/sumith/Documents/Projects/vercel/phenv/lib/python3.9/site-packages/django/utils/autoreload.py:668 Watching for file changes with StatReloader
2023-06-10 11:02:13 [WARNING] /Users/sumith/Documents/Projects/vercel/phenv/lib/python3.9/site-packages/django/utils/log.py:241 Forbidden: /signup/
2023-06-10 11:02:19 [INFO] /Users/sumith/Documents/Projects/vercel/phenv/lib/python3.9/site-packages/django/utils/autoreload.py:266 /Users/sumith/Documents/Projects/vercel/ph-django-main/employee/views.py changed, reloading.
2023-06-10 11:02:20 [INFO] /Users/sumith/Documents/Projects/vercel/phenv/lib/python3.9/site-packages/django/utils/autoreload.py:668 Watching for file changes with StatReloader
2023-06-10 11:02:28 [WARNING] /Users/sumith/Documents/Projects/vercel/phenv/lib/python3.9/site-packages/django/utils/log.py:241 Forbidden: /signup/
2023-06-10 11:02:32 [WARNING] /Users/sumith/Documents/Projects/vercel/phenv/lib/python3.9/site-packages/django/utils/log.py:241 Forbidden: /signup/
2023-06-10 11:02:38 [INFO] /Users/sumith/Documents/Projects/vercel/phenv/lib/python3.9/site-packages/django/utils/autoreload.py:668 Watching for file changes with StatReloader
2023-06-10 11:02:47 [WARNING] /Users/sumith/Documents/Projects/vercel/phenv/lib/python3.9/site-packages/django/utils/log.py:241 Forbidden: /signup/
2023-06-10 11:15:43 [INFO] /Users/sumith/Documents/Projects/vercel/phenv/lib/python3.9/site-packages/django/utils/autoreload.py:266 /Users/sumith/Documents/Projects/vercel/ph-django-main/vercel_app/settings.py changed, reloading.
2023-06-10 11:15:43 [INFO] /Users/sumith/Documents/Projects/vercel/phenv/lib/python3.9/site-packages/django/utils/autoreload.py:668 Watching for file changes with StatReloader
2023-06-10 11:18:29 [INFO] /Users/sumith/Documents/Projects/vercel/phenv/lib/python3.9/site-packages/django/utils/autoreload.py:668 Watching for file changes with StatReloader
2023-06-10 11:18:38 [ERROR] /Users/sumith/Documents/Projects/vercel/phenv/lib/python3.9/site-packages/django/utils/log.py:241 Internal Server Error: /signup/
Traceback (most recent call last):
  File "/Users/sumith/Documents/Projects/vercel/phenv/lib/python3.9/site-packages/rest_framework/views.py", line 497, in dispatch
    self.initial(request, *args, **kwargs)
  File "/Users/sumith/Documents/Projects/vercel/phenv/lib/python3.9/site-packages/rest_framework/views.py", line 414, in initial
    self.perform_authentication(request)
  File "/Users/sumith/Documents/Projects/vercel/phenv/lib/python3.9/site-packages/rest_framework/views.py", line 324, in perform_authentication
    request.user
  File "/Users/sumith/Documents/Projects/vercel/phenv/lib/python3.9/site-packages/rest_framework/request.py", line 227, in user
    self._authenticate()
  File "/Users/sumith/Documents/Projects/vercel/phenv/lib/python3.9/site-packages/rest_framework/request.py", line 380, in _authenticate
    user_auth_tuple = authenticator.authenticate(self)
  File "/Users/sumith/Documents/Projects/vercel/phenv/lib/python3.9/site-packages/rest_framework/authentication.py", line 130, in authenticate
    self.enforce_csrf(request)
  File "/Users/sumith/Documents/Projects/vercel/phenv/lib/python3.9/site-packages/rest_framework/authentication.py", line 148, in enforce_csrf
    raise exceptions.PermissionDenied('CSRF Failed: %s' % reason)
rest_framework.exceptions.PermissionDenied: CSRF Failed: CSRF token missing.

During handling of the above exception, another exception occurred:

Traceback (most recent call last):
  File "/Users/sumith/Documents/Projects/vercel/phenv/lib/python3.9/site-packages/rest_framework/settings.py", line 177, in import_from_string
    return import_string(val)
  File "/Users/sumith/Documents/Projects/vercel/phenv/lib/python3.9/site-packages/django/utils/module_loading.py", line 30, in import_string
    return cached_import(module_path, class_name)
  File "/Users/sumith/Documents/Projects/vercel/phenv/lib/python3.9/site-packages/django/utils/module_loading.py", line 15, in cached_import
    module = import_module(module_path)
  File "/Users/sumith/opt/anaconda3/lib/python3.9/importlib/__init__.py", line 127, in import_module
    return _bootstrap._gcd_import(name[level:], package, level)
  File "<frozen importlib._bootstrap>", line 1030, in _gcd_import
  File "<frozen importlib._bootstrap>", line 1007, in _find_and_load
  File "<frozen importlib._bootstrap>", line 972, in _find_and_load_unlocked
  File "<frozen importlib._bootstrap>", line 228, in _call_with_frames_removed
  File "<frozen importlib._bootstrap>", line 1030, in _gcd_import
  File "<frozen importlib._bootstrap>", line 1007, in _find_and_load
  File "<frozen importlib._bootstrap>", line 972, in _find_and_load_unlocked
  File "<frozen importlib._bootstrap>", line 228, in _call_with_frames_removed
  File "<frozen importlib._bootstrap>", line 1030, in _gcd_import
  File "<frozen importlib._bootstrap>", line 1007, in _find_and_load
  File "<frozen importlib._bootstrap>", line 984, in _find_and_load_unlocked
ModuleNotFoundError: No module named 'your_project_name'

During handling of the above exception, another exception occurred:

Traceback (most recent call last):
  File "/Users/sumith/Documents/Projects/vercel/phenv/lib/python3.9/site-packages/django/core/handlers/exception.py", line 55, in inner
    response = get_response(request)
  File "/Users/sumith/Documents/Projects/vercel/phenv/lib/python3.9/site-packages/django/core/handlers/base.py", line 197, in _get_response
    response = wrapped_callback(request, *callback_args, **callback_kwargs)
  File "/Users/sumith/Documents/Projects/vercel/phenv/lib/python3.9/site-packages/django/views/decorators/csrf.py", line 56, in wrapper_view
    return view_func(*args, **kwargs)
  File "/Users/sumith/Documents/Projects/vercel/phenv/lib/python3.9/site-packages/django/views/generic/base.py", line 104, in view
    return self.dispatch(request, *args, **kwargs)
  File "/Users/sumith/Documents/Projects/vercel/phenv/lib/python3.9/site-packages/django/views/decorators/csrf.py", line 56, in wrapper_view
    return view_func(*args, **kwargs)
  File "/Users/sumith/Documents/Projects/vercel/ph-django-main/employee/views.py", line 89, in dispatch
    return super().dispatch(request, *args, **kwargs)
  File "/Users/sumith/Documents/Projects/vercel/phenv/lib/python3.9/site-packages/rest_framework/views.py", line 509, in dispatch
    response = self.handle_exception(exc)
  File "/Users/sumith/Documents/Projects/vercel/phenv/lib/python3.9/site-packages/rest_framework/views.py", line 463, in handle_exception
    exception_handler = self.get_exception_handler()
  File "/Users/sumith/Documents/Projects/vercel/phenv/lib/python3.9/site-packages/rest_framework/views.py", line 298, in get_exception_handler
    return self.settings.EXCEPTION_HANDLER
  File "/Users/sumith/Documents/Projects/vercel/phenv/lib/python3.9/site-packages/rest_framework/settings.py", line 225, in __getattr__
    val = perform_import(val, attr)
  File "/Users/sumith/Documents/Projects/vercel/phenv/lib/python3.9/site-packages/rest_framework/settings.py", line 166, in perform_import
    return import_from_string(val, setting_name)
  File "/Users/sumith/Documents/Projects/vercel/phenv/lib/python3.9/site-packages/rest_framework/settings.py", line 180, in import_from_string
    raise ImportError(msg)
ImportError: Could not import 'your_project_name.api.exceptions.custom_exception_handler' for API setting 'EXCEPTION_HANDLER'. ModuleNotFoundError: No module named 'your_project_name'.
2023-06-10 11:18:58 [INFO] /Users/sumith/Documents/Projects/vercel/phenv/lib/python3.9/site-packages/django/utils/autoreload.py:266 /Users/sumith/Documents/Projects/vercel/ph-django-main/vercel_app/settings.py changed, reloading.
2023-06-10 11:18:59 [INFO] /Users/sumith/Documents/Projects/vercel/phenv/lib/python3.9/site-packages/django/utils/autoreload.py:668 Watching for file changes with StatReloader
2023-06-10 11:19:00 [INFO] /Users/sumith/Documents/Projects/vercel/phenv/lib/python3.9/site-packages/django/utils/autoreload.py:266 /Users/sumith/Documents/Projects/vercel/ph-django-main/vercel_app/settings.py changed, reloading.
2023-06-10 11:19:00 [INFO] /Users/sumith/Documents/Projects/vercel/phenv/lib/python3.9/site-packages/django/utils/autoreload.py:668 Watching for file changes with StatReloader
2023-06-10 11:19:06 [ERROR] /Users/sumith/Documents/Projects/vercel/phenv/lib/python3.9/site-packages/django/utils/log.py:241 Internal Server Error: /signup/
Traceback (most recent call last):
  File "/Users/sumith/Documents/Projects/vercel/phenv/lib/python3.9/site-packages/rest_framework/views.py", line 497, in dispatch
    self.initial(request, *args, **kwargs)
  File "/Users/sumith/Documents/Projects/vercel/phenv/lib/python3.9/site-packages/rest_framework/views.py", line 414, in initial
    self.perform_authentication(request)
  File "/Users/sumith/Documents/Projects/vercel/phenv/lib/python3.9/site-packages/rest_framework/views.py", line 324, in perform_authentication
    request.user
  File "/Users/sumith/Documents/Projects/vercel/phenv/lib/python3.9/site-packages/rest_framework/request.py", line 227, in user
    self._authenticate()
  File "/Users/sumith/Documents/Projects/vercel/phenv/lib/python3.9/site-packages/rest_framework/request.py", line 380, in _authenticate
    user_auth_tuple = authenticator.authenticate(self)
  File "/Users/sumith/Documents/Projects/vercel/phenv/lib/python3.9/site-packages/rest_framework/authentication.py", line 130, in authenticate
    self.enforce_csrf(request)
  File "/Users/sumith/Documents/Projects/vercel/phenv/lib/python3.9/site-packages/rest_framework/authentication.py", line 148, in enforce_csrf
    raise exceptions.PermissionDenied('CSRF Failed: %s' % reason)
rest_framework.exceptions.PermissionDenied: CSRF Failed: CSRF token missing.

During handling of the above exception, another exception occurred:

Traceback (most recent call last):
  File "/Users/sumith/Documents/Projects/vercel/phenv/lib/python3.9/site-packages/rest_framework/settings.py", line 177, in import_from_string
    return import_string(val)
  File "/Users/sumith/Documents/Projects/vercel/phenv/lib/python3.9/site-packages/django/utils/module_loading.py", line 30, in import_string
    return cached_import(module_path, class_name)
  File "/Users/sumith/Documents/Projects/vercel/phenv/lib/python3.9/site-packages/django/utils/module_loading.py", line 15, in cached_import
    module = import_module(module_path)
  File "/Users/sumith/opt/anaconda3/lib/python3.9/importlib/__init__.py", line 127, in import_module
    return _bootstrap._gcd_import(name[level:], package, level)
  File "<frozen importlib._bootstrap>", line 1030, in _gcd_import
  File "<frozen importlib._bootstrap>", line 1007, in _find_and_load
  File "<frozen importlib._bootstrap>", line 972, in _find_and_load_unlocked
  File "<frozen importlib._bootstrap>", line 228, in _call_with_frames_removed
  File "<frozen importlib._bootstrap>", line 1030, in _gcd_import
  File "<frozen importlib._bootstrap>", line 1007, in _find_and_load
  File "<frozen importlib._bootstrap>", line 984, in _find_and_load_unlocked
ModuleNotFoundError: No module named 'vercel_app.api'

During handling of the above exception, another exception occurred:

Traceback (most recent call last):
  File "/Users/sumith/Documents/Projects/vercel/phenv/lib/python3.9/site-packages/django/core/handlers/exception.py", line 55, in inner
    response = get_response(request)
  File "/Users/sumith/Documents/Projects/vercel/phenv/lib/python3.9/site-packages/django/core/handlers/base.py", line 197, in _get_response
    response = wrapped_callback(request, *callback_args, **callback_kwargs)
  File "/Users/sumith/Documents/Projects/vercel/phenv/lib/python3.9/site-packages/django/views/decorators/csrf.py", line 56, in wrapper_view
    return view_func(*args, **kwargs)
  File "/Users/sumith/Documents/Projects/vercel/phenv/lib/python3.9/site-packages/django/views/generic/base.py", line 104, in view
    return self.dispatch(request, *args, **kwargs)
  File "/Users/sumith/Documents/Projects/vercel/phenv/lib/python3.9/site-packages/django/views/decorators/csrf.py", line 56, in wrapper_view
    return view_func(*args, **kwargs)
  File "/Users/sumith/Documents/Projects/vercel/ph-django-main/employee/views.py", line 89, in dispatch
    return super().dispatch(request, *args, **kwargs)
  File "/Users/sumith/Documents/Projects/vercel/phenv/lib/python3.9/site-packages/rest_framework/views.py", line 509, in dispatch
    response = self.handle_exception(exc)
  File "/Users/sumith/Documents/Projects/vercel/phenv/lib/python3.9/site-packages/rest_framework/views.py", line 463, in handle_exception
    exception_handler = self.get_exception_handler()
  File "/Users/sumith/Documents/Projects/vercel/phenv/lib/python3.9/site-packages/rest_framework/views.py", line 298, in get_exception_handler
    return self.settings.EXCEPTION_HANDLER
  File "/Users/sumith/Documents/Projects/vercel/phenv/lib/python3.9/site-packages/rest_framework/settings.py", line 225, in __getattr__
    val = perform_import(val, attr)
  File "/Users/sumith/Documents/Projects/vercel/phenv/lib/python3.9/site-packages/rest_framework/settings.py", line 166, in perform_import
    return import_from_string(val, setting_name)
  File "/Users/sumith/Documents/Projects/vercel/phenv/lib/python3.9/site-packages/rest_framework/settings.py", line 180, in import_from_string
    raise ImportError(msg)
ImportError: Could not import 'vercel_app.api.exceptions.custom_exception_handler' for API setting 'EXCEPTION_HANDLER'. ModuleNotFoundError: No module named 'vercel_app.api'.
2023-06-10 11:20:26 [INFO] /Users/sumith/Documents/Projects/vercel/phenv/lib/python3.9/site-packages/django/utils/autoreload.py:266 /Users/sumith/Documents/Projects/vercel/ph-django-main/vercel_app/settings.py changed, reloading.
2023-06-10 11:20:26 [INFO] /Users/sumith/Documents/Projects/vercel/phenv/lib/python3.9/site-packages/django/utils/autoreload.py:668 Watching for file changes with StatReloader
2023-06-10 11:20:27 [INFO] /Users/sumith/Documents/Projects/vercel/phenv/lib/python3.9/site-packages/django/utils/autoreload.py:266 /Users/sumith/Documents/Projects/vercel/ph-django-main/vercel_app/settings.py changed, reloading.
2023-06-10 11:20:27 [INFO] /Users/sumith/Documents/Projects/vercel/phenv/lib/python3.9/site-packages/django/utils/autoreload.py:668 Watching for file changes with StatReloader
2023-06-10 11:20:33 [WARNING] /Users/sumith/Documents/Projects/vercel/phenv/lib/python3.9/site-packages/django/utils/log.py:241 Forbidden: /signup/
2023-06-10 11:21:18 [WARNING] /Users/sumith/Documents/Projects/vercel/phenv/lib/python3.9/site-packages/django/utils/log.py:241 Forbidden: /signup/
2023-06-10 11:21:50 [INFO] /Users/sumith/Documents/Projects/vercel/phenv/lib/python3.9/site-packages/django/utils/autoreload.py:266 /Users/sumith/Documents/Projects/vercel/ph-django-main/vercel_app/settings.py changed, reloading.
2023-06-10 11:21:50 [INFO] /Users/sumith/Documents/Projects/vercel/phenv/lib/python3.9/site-packages/django/utils/autoreload.py:668 Watching for file changes with StatReloader
2023-06-10 11:21:53 [WARNING] /Users/sumith/Documents/Projects/vercel/phenv/lib/python3.9/site-packages/django/utils/log.py:241 Unauthorized: /signup/
2023-06-10 11:21:55 [WARNING] /Users/sumith/Documents/Projects/vercel/phenv/lib/python3.9/site-packages/django/utils/log.py:241 Unauthorized: /signup/
2023-06-10 11:22:08 [WARNING] /Users/sumith/Documents/Projects/vercel/phenv/lib/python3.9/site-packages/django/utils/log.py:241 Unauthorized: /signup/
2023-06-10 11:26:43 [INFO] /Users/sumith/Documents/Projects/vercel/phenv/lib/python3.9/site-packages/django/utils/autoreload.py:266 /Users/sumith/Documents/Projects/vercel/ph-django-main/vercel_app/settings.py changed, reloading.
2023-06-10 11:26:43 [INFO] /Users/sumith/Documents/Projects/vercel/phenv/lib/python3.9/site-packages/django/utils/autoreload.py:668 Watching for file changes with StatReloader
2023-06-10 11:26:47 [WARNING] /Users/sumith/Documents/Projects/vercel/phenv/lib/python3.9/site-packages/django/utils/log.py:241 Forbidden: /signup/
2023-06-10 11:27:02 [INFO] /Users/sumith/Documents/Projects/vercel/phenv/lib/python3.9/site-packages/django/utils/autoreload.py:266 /Users/sumith/Documents/Projects/vercel/ph-django-main/vercel_app/settings.py changed, reloading.
2023-06-10 11:27:03 [INFO] /Users/sumith/Documents/Projects/vercel/phenv/lib/python3.9/site-packages/django/utils/autoreload.py:668 Watching for file changes with StatReloader
2023-06-10 11:42:03 [INFO] /Users/sumith/Documents/Projects/vercel/phenv/lib/python3.9/site-packages/django/utils/autoreload.py:668 Watching for file changes with StatReloader
2023-06-10 11:59:31 [INFO] /Users/sumith/Documents/Projects/vercel/phenv/lib/python3.9/site-packages/django/utils/autoreload.py:668 Watching for file changes with StatReloader
2023-06-10 12:38:10 [INFO] /Users/sumith/Documents/Projects/vercel/phenv/lib/python3.9/site-packages/django/utils/autoreload.py:668 Watching for file changes with StatReloader
2023-06-10 12:38:43 [INFO] /Users/sumith/Documents/Projects/vercel/ph-django-main/employee/views.py:53 User sign-in attempt: email=example@example.com
2023-06-10 12:39:20 [WARNING] /Users/sumith/Documents/Projects/vercel/phenv/lib/python3.9/site-packages/django/utils/log.py:241 Forbidden: /signin/
2023-06-10 12:39:29 [WARNING] /Users/sumith/Documents/Projects/vercel/phenv/lib/python3.9/site-packages/django/utils/log.py:241 Forbidden: /signin/
2023-06-10 12:39:38 [INFO] /Users/sumith/Documents/Projects/vercel/ph-django-main/employee/views.py:53 User sign-in attempt: email=akash@gmail.com
2023-06-10 12:46:17 [INFO] /Users/sumith/Documents/Projects/vercel/phenv/lib/python3.9/site-packages/django/utils/autoreload.py:668 Watching for file changes with StatReloader
2023-06-14 14:59:56 [INFO] /Users/sumith/Documents/Projects/vercel/phenv/lib/python3.9/site-packages/django/utils/autoreload.py:668 Watching for file changes with StatReloader
2023-06-14 15:00:15 [INFO] /Users/sumith/Documents/Projects/vercel/phenv/lib/python3.9/site-packages/django/utils/autoreload.py:266 /Users/sumith/Documents/Projects/vercel/ph-django-main/feedback/models.py changed, reloading.
2023-06-14 15:00:15 [INFO] /Users/sumith/Documents/Projects/vercel/phenv/lib/python3.9/site-packages/django/utils/autoreload.py:668 Watching for file changes with StatReloader
2023-06-14 15:00:17 [INFO] /Users/sumith/Documents/Projects/vercel/phenv/lib/python3.9/site-packages/django/utils/autoreload.py:266 /Users/sumith/Documents/Projects/vercel/ph-django-main/feedback/models.py changed, reloading.
2023-06-14 15:00:18 [INFO] /Users/sumith/Documents/Projects/vercel/phenv/lib/python3.9/site-packages/django/utils/autoreload.py:668 Watching for file changes with StatReloader
2023-06-14 15:01:01 [INFO] /Users/sumith/Documents/Projects/vercel/phenv/lib/python3.9/site-packages/django/utils/autoreload.py:668 Watching for file changes with StatReloader
2023-06-14 15:01:04 [WARNING] /Users/sumith/Documents/Projects/vercel/phenv/lib/python3.9/site-packages/django/utils/log.py:241 Not Found: /feedback/
2023-06-14 15:01:35 [INFO] /Users/sumith/Documents/Projects/vercel/phenv/lib/python3.9/site-packages/django/utils/autoreload.py:266 /Users/sumith/Documents/Projects/vercel/ph-django-main/vercel_app/urls.py changed, reloading.
2023-06-14 15:01:36 [INFO] /Users/sumith/Documents/Projects/vercel/phenv/lib/python3.9/site-packages/django/utils/autoreload.py:668 Watching for file changes with StatReloader
2023-06-14 15:01:50 [INFO] /Users/sumith/Documents/Projects/vercel/phenv/lib/python3.9/site-packages/django/utils/autoreload.py:266 /Users/sumith/Documents/Projects/vercel/ph-django-main/vercel_app/urls.py changed, reloading.
2023-06-14 15:01:51 [INFO] /Users/sumith/Documents/Projects/vercel/phenv/lib/python3.9/site-packages/django/utils/autoreload.py:668 Watching for file changes with StatReloader
2023-06-15 11:45:21 [INFO] /Users/sumith/Documents/Projects/vercel/phenv/lib/python3.9/site-packages/django/utils/autoreload.py:266 /Users/sumith/Documents/Projects/vercel/ph-django-main/vercel_app/settings.py changed, reloading.
2023-06-15 11:45:21 [INFO] /Users/sumith/Documents/Projects/vercel/phenv/lib/python3.9/site-packages/django/utils/autoreload.py:668 Watching for file changes with StatReloader
2023-06-15 11:49:39 [INFO] /Users/sumith/Documents/Projects/vercel/phenv/lib/python3.9/site-packages/django/utils/autoreload.py:266 /Users/sumith/Documents/Projects/vercel/ph-django-main/employee/models.py changed, reloading.
2023-06-15 11:49:40 [INFO] /Users/sumith/Documents/Projects/vercel/phenv/lib/python3.9/site-packages/django/utils/autoreload.py:668 Watching for file changes with StatReloader
2023-06-15 11:49:42 [INFO] /Users/sumith/Documents/Projects/vercel/phenv/lib/python3.9/site-packages/django/utils/autoreload.py:266 /Users/sumith/Documents/Projects/vercel/ph-django-main/employee/models.py changed, reloading.
2023-06-15 11:49:42 [INFO] /Users/sumith/Documents/Projects/vercel/phenv/lib/python3.9/site-packages/django/utils/autoreload.py:668 Watching for file changes with StatReloader
2023-06-15 11:49:53 [INFO] /Users/sumith/Documents/Projects/vercel/phenv/lib/python3.9/site-packages/django/utils/autoreload.py:266 /Users/sumith/Documents/Projects/vercel/ph-django-main/employee/models.py changed, reloading.
2023-06-15 11:49:54 [INFO] /Users/sumith/Documents/Projects/vercel/phenv/lib/python3.9/site-packages/django/utils/autoreload.py:668 Watching for file changes with StatReloader
2023-06-15 11:49:58 [INFO] /Users/sumith/Documents/Projects/vercel/phenv/lib/python3.9/site-packages/django/utils/autoreload.py:266 /Users/sumith/Documents/Projects/vercel/ph-django-main/employee/models.py changed, reloading.
2023-06-15 11:49:58 [INFO] /Users/sumith/Documents/Projects/vercel/phenv/lib/python3.9/site-packages/django/utils/autoreload.py:668 Watching for file changes with StatReloader
2023-06-15 11:50:09 [INFO] /Users/sumith/Documents/Projects/vercel/phenv/lib/python3.9/site-packages/django/utils/autoreload.py:266 /Users/sumith/Documents/Projects/vercel/ph-django-main/employee/models.py changed, reloading.
2023-06-15 11:50:09 [INFO] /Users/sumith/Documents/Projects/vercel/phenv/lib/python3.9/site-packages/django/utils/autoreload.py:668 Watching for file changes with StatReloader
2023-06-15 11:50:11 [INFO] /Users/sumith/Documents/Projects/vercel/phenv/lib/python3.9/site-packages/django/utils/autoreload.py:266 /Users/sumith/Documents/Projects/vercel/ph-django-main/employee/models.py changed, reloading.
2023-06-15 11:50:11 [INFO] /Users/sumith/Documents/Projects/vercel/phenv/lib/python3.9/site-packages/django/utils/autoreload.py:668 Watching for file changes with StatReloader
2023-06-15 13:29:20 [INFO] /Users/sumith/Documents/Projects/vercel/phenv/lib/python3.9/site-packages/django/utils/autoreload.py:668 Watching for file changes with StatReloader
2023-06-15 13:32:34 [INFO] /Users/sumith/Documents/Projects/vercel/phenv/lib/python3.9/site-packages/django/utils/autoreload.py:266 /Users/sumith/Documents/Projects/vercel/ph-django-main/recommendations/models.py changed, reloading.
2023-06-15 13:32:34 [INFO] /Users/sumith/Documents/Projects/vercel/phenv/lib/python3.9/site-packages/django/utils/autoreload.py:668 Watching for file changes with StatReloader
2023-06-15 13:33:15 [INFO] /Users/sumith/Documents/Projects/vercel/phenv/lib/python3.9/site-packages/django/utils/autoreload.py:266 /Users/sumith/Documents/Projects/vercel/ph-django-main/vercel_app/urls.py changed, reloading.
2023-06-15 13:33:15 [INFO] /Users/sumith/Documents/Projects/vercel/phenv/lib/python3.9/site-packages/django/utils/autoreload.py:668 Watching for file changes with StatReloader
2023-06-15 13:38:51 [INFO] /Users/sumith/Documents/Projects/vercel/phenv/lib/python3.9/site-packages/django/utils/autoreload.py:668 Watching for file changes with StatReloader
2023-06-15 13:39:30 [INFO] /Users/sumith/Documents/Projects/vercel/phenv/lib/python3.9/site-packages/django/utils/autoreload.py:668 Watching for file changes with StatReloader
2023-06-15 13:39:38 [INFO] /Users/sumith/Documents/Projects/vercel/phenv/lib/python3.9/site-packages/django/utils/autoreload.py:266 /Users/sumith/Documents/Projects/vercel/ph-django-main/vercel_app/urls.py changed, reloading.
2023-06-15 13:39:38 [INFO] /Users/sumith/Documents/Projects/vercel/phenv/lib/python3.9/site-packages/django/utils/autoreload.py:668 Watching for file changes with StatReloader
2023-06-15 13:42:58 [INFO] /Users/sumith/Documents/Projects/vercel/phenv/lib/python3.9/site-packages/django/utils/autoreload.py:266 /Users/sumith/Documents/Projects/vercel/ph-django-main/recommendations/views.py changed, reloading.
2023-06-15 13:42:59 [INFO] /Users/sumith/Documents/Projects/vercel/phenv/lib/python3.9/site-packages/django/utils/autoreload.py:668 Watching for file changes with StatReloader
2023-06-15 13:43:00 [INFO] /Users/sumith/Documents/Projects/vercel/phenv/lib/python3.9/site-packages/django/utils/autoreload.py:266 /Users/sumith/Documents/Projects/vercel/ph-django-main/recommendations/views.py changed, reloading.
2023-06-15 13:43:00 [INFO] /Users/sumith/Documents/Projects/vercel/phenv/lib/python3.9/site-packages/django/utils/autoreload.py:668 Watching for file changes with StatReloader
2023-06-15 13:46:20 [INFO] /Users/sumith/Documents/Projects/vercel/phenv/lib/python3.9/site-packages/django/utils/autoreload.py:266 /Users/sumith/Documents/Projects/vercel/ph-django-main/recommendations/models.py changed, reloading.
2023-06-15 13:46:21 [INFO] /Users/sumith/Documents/Projects/vercel/phenv/lib/python3.9/site-packages/django/utils/autoreload.py:668 Watching for file changes with StatReloader
2023-06-15 13:47:51 [WARNING] /Users/sumith/Documents/Projects/vercel/phenv/lib/python3.9/site-packages/django/utils/log.py:241 Unsupported Media Type: /api/testparagraphs/
2023-06-15 13:48:13 [ERROR] /Users/sumith/Documents/Projects/vercel/phenv/lib/python3.9/site-packages/django/utils/log.py:241 Internal Server Error: /api/testparagraphs/
Traceback (most recent call last):
  File "/Users/sumith/Documents/Projects/vercel/phenv/lib/python3.9/site-packages/django/db/backends/utils.py", line 89, in _execute
    return self.cursor.execute(sql, params)
psycopg2.errors.UndefinedTable: relation "test_paragraph" does not exist
LINE 1: INSERT INTO "test_paragraph" ("test_record_id", "para_ee", "...
                    ^


The above exception was the direct cause of the following exception:

Traceback (most recent call last):
  File "/Users/sumith/Documents/Projects/vercel/phenv/lib/python3.9/site-packages/django/core/handlers/exception.py", line 55, in inner
    response = get_response(request)
  File "/Users/sumith/Documents/Projects/vercel/phenv/lib/python3.9/site-packages/django/core/handlers/base.py", line 197, in _get_response
    response = wrapped_callback(request, *callback_args, **callback_kwargs)
  File "/Users/sumith/Documents/Projects/vercel/phenv/lib/python3.9/site-packages/django/views/decorators/csrf.py", line 56, in wrapper_view
    return view_func(*args, **kwargs)
  File "/Users/sumith/Documents/Projects/vercel/phenv/lib/python3.9/site-packages/rest_framework/viewsets.py", line 125, in view
    return self.dispatch(request, *args, **kwargs)
  File "/Users/sumith/Documents/Projects/vercel/phenv/lib/python3.9/site-packages/rest_framework/views.py", line 509, in dispatch
    response = self.handle_exception(exc)
  File "/Users/sumith/Documents/Projects/vercel/phenv/lib/python3.9/site-packages/rest_framework/views.py", line 469, in handle_exception
    self.raise_uncaught_exception(exc)
  File "/Users/sumith/Documents/Projects/vercel/phenv/lib/python3.9/site-packages/rest_framework/views.py", line 480, in raise_uncaught_exception
    raise exc
  File "/Users/sumith/Documents/Projects/vercel/phenv/lib/python3.9/site-packages/rest_framework/views.py", line 506, in dispatch
    response = handler(request, *args, **kwargs)
  File "/Users/sumith/Documents/Projects/vercel/ph-django-main/recommendations/views.py", line 14, in create
    self.perform_create(serializer)
  File "/Users/sumith/Documents/Projects/vercel/phenv/lib/python3.9/site-packages/rest_framework/mixins.py", line 24, in perform_create
    serializer.save()
  File "/Users/sumith/Documents/Projects/vercel/phenv/lib/python3.9/site-packages/rest_framework/serializers.py", line 212, in save
    self.instance = self.create(validated_data)
  File "/Users/sumith/Documents/Projects/vercel/phenv/lib/python3.9/site-packages/rest_framework/serializers.py", line 962, in create
    instance = ModelClass._default_manager.create(**validated_data)
  File "/Users/sumith/Documents/Projects/vercel/phenv/lib/python3.9/site-packages/django/db/models/manager.py", line 87, in manager_method
    return getattr(self.get_queryset(), name)(*args, **kwargs)
  File "/Users/sumith/Documents/Projects/vercel/phenv/lib/python3.9/site-packages/django/db/models/query.py", line 658, in create
    obj.save(force_insert=True, using=self.db)
  File "/Users/sumith/Documents/Projects/vercel/phenv/lib/python3.9/site-packages/django/db/models/base.py", line 814, in save
    self.save_base(
  File "/Users/sumith/Documents/Projects/vercel/phenv/lib/python3.9/site-packages/django/db/models/base.py", line 877, in save_base
    updated = self._save_table(
  File "/Users/sumith/Documents/Projects/vercel/phenv/lib/python3.9/site-packages/django/db/models/base.py", line 1020, in _save_table
    results = self._do_insert(
  File "/Users/sumith/Documents/Projects/vercel/phenv/lib/python3.9/site-packages/django/db/models/base.py", line 1061, in _do_insert
    return manager._insert(
  File "/Users/sumith/Documents/Projects/vercel/phenv/lib/python3.9/site-packages/django/db/models/manager.py", line 87, in manager_method
    return getattr(self.get_queryset(), name)(*args, **kwargs)
  File "/Users/sumith/Documents/Projects/vercel/phenv/lib/python3.9/site-packages/django/db/models/query.py", line 1805, in _insert
    return query.get_compiler(using=using).execute_sql(returning_fields)
  File "/Users/sumith/Documents/Projects/vercel/phenv/lib/python3.9/site-packages/django/db/models/sql/compiler.py", line 1820, in execute_sql
    cursor.execute(sql, params)
  File "/Users/sumith/Documents/Projects/vercel/phenv/lib/python3.9/site-packages/django/db/backends/utils.py", line 102, in execute
    return super().execute(sql, params)
  File "/Users/sumith/Documents/Projects/vercel/phenv/lib/python3.9/site-packages/django/db/backends/utils.py", line 67, in execute
    return self._execute_with_wrappers(
  File "/Users/sumith/Documents/Projects/vercel/phenv/lib/python3.9/site-packages/django/db/backends/utils.py", line 80, in _execute_with_wrappers
    return executor(sql, params, many, context)
  File "/Users/sumith/Documents/Projects/vercel/phenv/lib/python3.9/site-packages/django/db/backends/utils.py", line 89, in _execute
    return self.cursor.execute(sql, params)
  File "/Users/sumith/Documents/Projects/vercel/phenv/lib/python3.9/site-packages/django/db/utils.py", line 91, in __exit__
    raise dj_exc_value.with_traceback(traceback) from exc_value
  File "/Users/sumith/Documents/Projects/vercel/phenv/lib/python3.9/site-packages/django/db/backends/utils.py", line 89, in _execute
    return self.cursor.execute(sql, params)
django.db.utils.ProgrammingError: relation "test_paragraph" does not exist
LINE 1: INSERT INTO "test_paragraph" ("test_record_id", "para_ee", "...
                    ^

2023-06-15 13:49:02 [INFO] /Users/sumith/Documents/Projects/vercel/phenv/lib/python3.9/site-packages/django/utils/autoreload.py:668 Watching for file changes with StatReloader
2023-06-15 15:02:11 [INFO] /Users/sumith/Documents/Projects/vercel/phenv/lib/python3.9/site-packages/django/utils/autoreload.py:668 Watching for file changes with StatReloader
2023-06-15 15:02:20 [ERROR] /Users/sumith/Documents/Projects/vercel/phenv/lib/python3.9/site-packages/django/utils/log.py:241 Internal Server Error: /api/videorecommendations
Traceback (most recent call last):
  File "/Users/sumith/Documents/Projects/vercel/phenv/lib/python3.9/site-packages/django/core/handlers/exception.py", line 55, in inner
    response = get_response(request)
  File "/Users/sumith/Documents/Projects/vercel/phenv/lib/python3.9/site-packages/django/utils/deprecation.py", line 136, in __call__
    response = self.process_response(request, response)
  File "/Users/sumith/Documents/Projects/vercel/phenv/lib/python3.9/site-packages/django/middleware/common.py", line 108, in process_response
    return self.response_redirect_class(self.get_full_path_with_slash(request))
  File "/Users/sumith/Documents/Projects/vercel/phenv/lib/python3.9/site-packages/django/middleware/common.py", line 87, in get_full_path_with_slash
    raise RuntimeError(
RuntimeError: You called this URL via POST, but the URL doesn't end in a slash and you have APPEND_SLASH set. Django can't redirect to the slash URL while maintaining POST data. Change your form to point to localhost:8000/api/videorecommendations/ (note the trailing slash), or set APPEND_SLASH=False in your Django settings.
2023-06-15 15:02:34 [WARNING] /Users/sumith/Documents/Projects/vercel/phenv/lib/python3.9/site-packages/django/utils/log.py:241 Bad Request: /api/videorecommendations/
2023-06-15 15:07:47 [WARNING] /Users/sumith/Documents/Projects/vercel/phenv/lib/python3.9/site-packages/django/utils/log.py:241 Bad Request: /api/videorecommendations/
2023-06-17 15:24:24 [INFO] /Users/sumith/Documents/Projects/vercel/phenv/lib/python3.9/site-packages/django/utils/autoreload.py:266 /Users/sumith/Documents/Projects/vercel/ph-django-main/recommendations/views.py changed, reloading.
2023-06-17 15:24:25 [INFO] /Users/sumith/Documents/Projects/vercel/phenv/lib/python3.9/site-packages/django/utils/autoreload.py:668 Watching for file changes with StatReloader
2023-06-17 15:24:30 [INFO] /Users/sumith/Documents/Projects/vercel/phenv/lib/python3.9/site-packages/django/utils/autoreload.py:266 /Users/sumith/Documents/Projects/vercel/ph-django-main/recommendations/views.py changed, reloading.
2023-06-17 15:24:31 [INFO] /Users/sumith/Documents/Projects/vercel/phenv/lib/python3.9/site-packages/django/utils/autoreload.py:668 Watching for file changes with StatReloader
2023-06-17 15:24:51 [INFO] /Users/sumith/Documents/Projects/vercel/phenv/lib/python3.9/site-packages/django/utils/autoreload.py:266 /Users/sumith/Documents/Projects/vercel/ph-django-main/vercel_app/urls.py changed, reloading.
2023-06-17 15:24:52 [INFO] /Users/sumith/Documents/Projects/vercel/phenv/lib/python3.9/site-packages/django/utils/autoreload.py:668 Watching for file changes with StatReloader
2023-06-17 15:24:54 [INFO] /Users/sumith/Documents/Projects/vercel/phenv/lib/python3.9/site-packages/django/utils/autoreload.py:266 /Users/sumith/Documents/Projects/vercel/ph-django-main/vercel_app/urls.py changed, reloading.
2023-06-17 15:24:54 [INFO] /Users/sumith/Documents/Projects/vercel/phenv/lib/python3.9/site-packages/django/utils/autoreload.py:668 Watching for file changes with StatReloader
2023-06-17 15:25:14 [INFO] /Users/sumith/Documents/Projects/vercel/phenv/lib/python3.9/site-packages/django/utils/autoreload.py:266 /Users/sumith/Documents/Projects/vercel/ph-django-main/recommendations/serializers.py changed, reloading.
2023-06-17 15:25:14 [INFO] /Users/sumith/Documents/Projects/vercel/phenv/lib/python3.9/site-packages/django/utils/autoreload.py:668 Watching for file changes with StatReloader
2023-06-17 15:25:16 [INFO] /Users/sumith/Documents/Projects/vercel/phenv/lib/python3.9/site-packages/django/utils/autoreload.py:266 /Users/sumith/Documents/Projects/vercel/ph-django-main/recommendations/serializers.py changed, reloading.
2023-06-17 15:25:17 [INFO] /Users/sumith/Documents/Projects/vercel/phenv/lib/python3.9/site-packages/django/utils/autoreload.py:668 Watching for file changes with StatReloader
2023-06-17 15:26:17 [INFO] /Users/sumith/Documents/Projects/vercel/phenv/lib/python3.9/site-packages/django/utils/autoreload.py:266 /Users/sumith/Documents/Projects/vercel/ph-django-main/vercel_app/urls.py changed, reloading.
2023-06-17 15:26:17 [INFO] /Users/sumith/Documents/Projects/vercel/phenv/lib/python3.9/site-packages/django/utils/autoreload.py:668 Watching for file changes with StatReloader
2023-06-17 15:27:04 [INFO] /Users/sumith/Documents/Projects/vercel/phenv/lib/python3.9/site-packages/django/utils/autoreload.py:266 /Users/sumith/Documents/Projects/vercel/ph-django-main/recommendations/views.py changed, reloading.
2023-06-17 15:27:04 [INFO] /Users/sumith/Documents/Projects/vercel/phenv/lib/python3.9/site-packages/django/utils/autoreload.py:668 Watching for file changes with StatReloader
2023-06-17 15:27:10 [INFO] /Users/sumith/Documents/Projects/vercel/phenv/lib/python3.9/site-packages/django/utils/autoreload.py:266 /Users/sumith/Documents/Projects/vercel/ph-django-main/recommendations/views.py changed, reloading.
2023-06-17 15:27:10 [INFO] /Users/sumith/Documents/Projects/vercel/phenv/lib/python3.9/site-packages/django/utils/autoreload.py:668 Watching for file changes with StatReloader
2023-06-17 15:27:16 [INFO] /Users/sumith/Documents/Projects/vercel/phenv/lib/python3.9/site-packages/django/utils/autoreload.py:266 /Users/sumith/Documents/Projects/vercel/ph-django-main/recommendations/views.py changed, reloading.
2023-06-17 15:27:17 [INFO] /Users/sumith/Documents/Projects/vercel/phenv/lib/python3.9/site-packages/django/utils/autoreload.py:668 Watching for file changes with StatReloader
2023-06-17 15:27:23 [INFO] /Users/sumith/Documents/Projects/vercel/phenv/lib/python3.9/site-packages/django/utils/autoreload.py:266 /Users/sumith/Documents/Projects/vercel/ph-django-main/recommendations/views.py changed, reloading.
2023-06-17 15:27:23 [INFO] /Users/sumith/Documents/Projects/vercel/phenv/lib/python3.9/site-packages/django/utils/autoreload.py:668 Watching for file changes with StatReloader
2023-06-17 15:36:45 [INFO] /Users/sumith/Documents/Projects/vercel/phenv/lib/python3.9/site-packages/django/utils/autoreload.py:266 /Users/sumith/Documents/Projects/vercel/ph-django-main/recommendations/views.py changed, reloading.
2023-06-17 15:36:45 [INFO] /Users/sumith/Documents/Projects/vercel/phenv/lib/python3.9/site-packages/django/utils/autoreload.py:668 Watching for file changes with StatReloader
2023-06-17 15:36:51 [INFO] /Users/sumith/Documents/Projects/vercel/phenv/lib/python3.9/site-packages/django/utils/autoreload.py:266 /Users/sumith/Documents/Projects/vercel/ph-django-main/recommendations/views.py changed, reloading.
2023-06-17 15:36:51 [INFO] /Users/sumith/Documents/Projects/vercel/phenv/lib/python3.9/site-packages/django/utils/autoreload.py:668 Watching for file changes with StatReloader
2023-06-17 16:33:06 [INFO] /Users/sumith/Documents/Projects/vercel/phenv/lib/python3.9/site-packages/django/utils/autoreload.py:266 /Users/sumith/Documents/Projects/vercel/ph-django-main/vercel_app/urls.py changed, reloading.
2023-06-17 16:33:06 [INFO] /Users/sumith/Documents/Projects/vercel/phenv/lib/python3.9/site-packages/django/utils/autoreload.py:668 Watching for file changes with StatReloader
2023-06-17 16:33:09 [INFO] /Users/sumith/Documents/Projects/vercel/phenv/lib/python3.9/site-packages/django/utils/autoreload.py:266 /Users/sumith/Documents/Projects/vercel/ph-django-main/vercel_app/urls.py changed, reloading.
2023-06-17 16:33:10 [INFO] /Users/sumith/Documents/Projects/vercel/phenv/lib/python3.9/site-packages/django/utils/autoreload.py:668 Watching for file changes with StatReloader
2023-06-17 16:33:18 [INFO] /Users/sumith/Documents/Projects/vercel/phenv/lib/python3.9/site-packages/django/utils/autoreload.py:266 /Users/sumith/Documents/Projects/vercel/ph-django-main/vercel_app/urls.py changed, reloading.
2023-06-17 16:33:18 [INFO] /Users/sumith/Documents/Projects/vercel/phenv/lib/python3.9/site-packages/django/utils/autoreload.py:668 Watching for file changes with StatReloader
2023-06-17 16:33:21 [INFO] /Users/sumith/Documents/Projects/vercel/phenv/lib/python3.9/site-packages/django/utils/autoreload.py:266 /Users/sumith/Documents/Projects/vercel/ph-django-main/vercel_app/urls.py changed, reloading.
2023-06-17 16:33:22 [INFO] /Users/sumith/Documents/Projects/vercel/phenv/lib/python3.9/site-packages/django/utils/autoreload.py:668 Watching for file changes with StatReloader
2023-06-17 16:33:25 [INFO] /Users/sumith/Documents/Projects/vercel/phenv/lib/python3.9/site-packages/django/utils/autoreload.py:266 /Users/sumith/Documents/Projects/vercel/ph-django-main/vercel_app/urls.py changed, reloading.
2023-06-17 16:33:25 [INFO] /Users/sumith/Documents/Projects/vercel/phenv/lib/python3.9/site-packages/django/utils/autoreload.py:668 Watching for file changes with StatReloader
2023-06-17 16:33:30 [INFO] /Users/sumith/Documents/Projects/vercel/phenv/lib/python3.9/site-packages/django/utils/autoreload.py:266 /Users/sumith/Documents/Projects/vercel/ph-django-main/vercel_app/urls.py changed, reloading.
2023-06-17 16:33:30 [INFO] /Users/sumith/Documents/Projects/vercel/phenv/lib/python3.9/site-packages/django/utils/autoreload.py:668 Watching for file changes with StatReloader
2023-06-17 16:33:32 [INFO] /Users/sumith/Documents/Projects/vercel/phenv/lib/python3.9/site-packages/django/utils/autoreload.py:266 /Users/sumith/Documents/Projects/vercel/ph-django-main/vercel_app/urls.py changed, reloading.
2023-06-17 16:33:32 [INFO] /Users/sumith/Documents/Projects/vercel/phenv/lib/python3.9/site-packages/django/utils/autoreload.py:668 Watching for file changes with StatReloader
2023-06-17 16:33:36 [INFO] /Users/sumith/Documents/Projects/vercel/phenv/lib/python3.9/site-packages/django/utils/autoreload.py:266 /Users/sumith/Documents/Projects/vercel/ph-django-main/vercel_app/urls.py changed, reloading.
2023-06-17 16:33:36 [INFO] /Users/sumith/Documents/Projects/vercel/phenv/lib/python3.9/site-packages/django/utils/autoreload.py:668 Watching for file changes with StatReloader
2023-06-17 16:33:37 [INFO] /Users/sumith/Documents/Projects/vercel/phenv/lib/python3.9/site-packages/django/utils/autoreload.py:266 /Users/sumith/Documents/Projects/vercel/ph-django-main/vercel_app/urls.py changed, reloading.
2023-06-17 16:33:38 [INFO] /Users/sumith/Documents/Projects/vercel/phenv/lib/python3.9/site-packages/django/utils/autoreload.py:668 Watching for file changes with StatReloader
2023-06-17 16:33:56 [INFO] /Users/sumith/Documents/Projects/vercel/phenv/lib/python3.9/site-packages/django/utils/autoreload.py:266 /Users/sumith/Documents/Projects/vercel/ph-django-main/recommendations/views.py changed, reloading.
2023-06-17 16:33:57 [INFO] /Users/sumith/Documents/Projects/vercel/phenv/lib/python3.9/site-packages/django/utils/autoreload.py:668 Watching for file changes with StatReloader
2023-06-17 16:34:04 [INFO] /Users/sumith/Documents/Projects/vercel/phenv/lib/python3.9/site-packages/django/utils/autoreload.py:266 /Users/sumith/Documents/Projects/vercel/ph-django-main/recommendations/views.py changed, reloading.
2023-06-17 16:34:04 [INFO] /Users/sumith/Documents/Projects/vercel/phenv/lib/python3.9/site-packages/django/utils/autoreload.py:668 Watching for file changes with StatReloader
2023-06-19 17:21:41 [INFO] /Users/sumith/Documents/Projects/vercel/phenv/lib/python3.9/site-packages/django/utils/autoreload.py:668 Watching for file changes with StatReloader
2023-06-19 17:27:49 [INFO] /Users/sumith/Documents/Projects/vercel/phenv/lib/python3.9/site-packages/django/utils/autoreload.py:668 Watching for file changes with StatReloader
2023-06-19 17:28:23 [INFO] /Users/sumith/Documents/Projects/vercel/phenv/lib/python3.9/site-packages/django/utils/autoreload.py:668 Watching for file changes with StatReloader
2023-06-19 17:32:35 [INFO] /Users/sumith/Documents/Projects/vercel/phenv/lib/python3.9/site-packages/django/utils/autoreload.py:668 Watching for file changes with StatReloader
2023-06-19 17:43:48 [INFO] /Users/sumith/Documents/Projects/vercel/phenv/lib/python3.9/site-packages/django/utils/autoreload.py:668 Watching for file changes with StatReloader
2023-06-19 17:45:13 [INFO] /Users/sumith/Documents/Projects/vercel/phenv/lib/python3.9/site-packages/django/utils/autoreload.py:668 Watching for file changes with StatReloader
2023-06-19 17:45:49 [INFO] /Users/sumith/Documents/Projects/vercel/phenv/lib/python3.9/site-packages/django/utils/autoreload.py:668 Watching for file changes with StatReloader
2023-06-19 17:46:53 [INFO] /Users/sumith/Documents/Projects/vercel/phenv/lib/python3.9/site-packages/django/utils/autoreload.py:668 Watching for file changes with StatReloader
2023-06-19 17:47:27 [INFO] /Users/sumith/Documents/Projects/vercel/phenv/lib/python3.9/site-packages/django/utils/autoreload.py:668 Watching for file changes with StatReloader
2023-06-19 17:47:55 [INFO] /Users/sumith/Documents/Projects/vercel/phenv/lib/python3.9/site-packages/django/utils/autoreload.py:266 /Users/sumith/Documents/Projects/vercel/ph-django-main/recommendations/views.py changed, reloading.
2023-06-19 17:47:56 [INFO] /Users/sumith/Documents/Projects/vercel/phenv/lib/python3.9/site-packages/django/utils/autoreload.py:668 Watching for file changes with StatReloader
2023-06-19 17:48:28 [INFO] /Users/sumith/Documents/Projects/vercel/phenv/lib/python3.9/site-packages/django/utils/autoreload.py:668 Watching for file changes with StatReloader
2023-06-19 17:49:00 [INFO] /Users/sumith/Documents/Projects/vercel/phenv/lib/python3.9/site-packages/django/utils/autoreload.py:668 Watching for file changes with StatReloader
2023-06-19 17:49:11 [INFO] /Users/sumith/Documents/Projects/vercel/phenv/lib/python3.9/site-packages/django/utils/autoreload.py:266 /Users/sumith/Documents/Projects/vercel/ph-django-main/recommendations/views.py changed, reloading.
2023-06-19 17:49:12 [INFO] /Users/sumith/Documents/Projects/vercel/phenv/lib/python3.9/site-packages/django/utils/autoreload.py:668 Watching for file changes with StatReloader
2023-06-19 17:50:33 [INFO] /Users/sumith/Documents/Projects/vercel/phenv/lib/python3.9/site-packages/django/utils/autoreload.py:668 Watching for file changes with StatReloader
2023-06-19 17:51:00 [INFO] /Users/sumith/Documents/Projects/vercel/phenv/lib/python3.9/site-packages/django/utils/autoreload.py:668 Watching for file changes with StatReloader
2023-06-19 17:51:21 [INFO] /Users/sumith/Documents/Projects/vercel/phenv/lib/python3.9/site-packages/django/utils/autoreload.py:266 /Users/sumith/Documents/Projects/vercel/ph-django-main/recommendations/views.py changed, reloading.
2023-06-19 17:51:22 [INFO] /Users/sumith/Documents/Projects/vercel/phenv/lib/python3.9/site-packages/django/utils/autoreload.py:668 Watching for file changes with StatReloader
2023-06-19 17:52:12 [INFO] /Users/sumith/Documents/Projects/vercel/phenv/lib/python3.9/site-packages/django/utils/autoreload.py:668 Watching for file changes with StatReloader
2023-06-19 17:54:30 [INFO] /Users/sumith/Documents/Projects/vercel/phenv/lib/python3.9/site-packages/django/utils/autoreload.py:668 Watching for file changes with StatReloader
2023-06-19 17:54:40 [INFO] /Users/sumith/Documents/Projects/vercel/phenv/lib/python3.9/site-packages/django/utils/autoreload.py:266 /Users/sumith/Documents/Projects/vercel/ph-django-main/recommendations/views.py changed, reloading.
2023-06-19 17:54:41 [INFO] /Users/sumith/Documents/Projects/vercel/phenv/lib/python3.9/site-packages/django/utils/autoreload.py:668 Watching for file changes with StatReloader
2023-06-19 17:55:07 [INFO] /Users/sumith/Documents/Projects/vercel/phenv/lib/python3.9/site-packages/django/utils/autoreload.py:668 Watching for file changes with StatReloader
2023-06-19 17:55:47 [INFO] /Users/sumith/Documents/Projects/vercel/phenv/lib/python3.9/site-packages/django/utils/autoreload.py:668 Watching for file changes with StatReloader
2023-06-19 17:57:03 [INFO] /Users/sumith/Documents/Projects/vercel/phenv/lib/python3.9/site-packages/django/utils/autoreload.py:668 Watching for file changes with StatReloader
2023-06-19 17:57:09 [INFO] /Users/sumith/Documents/Projects/vercel/phenv/lib/python3.9/site-packages/django/utils/autoreload.py:266 /Users/sumith/Documents/Projects/vercel/ph-django-main/recommendations/views.py changed, reloading.
2023-06-19 17:57:10 [INFO] /Users/sumith/Documents/Projects/vercel/phenv/lib/python3.9/site-packages/django/utils/autoreload.py:668 Watching for file changes with StatReloader
2023-06-19 17:57:27 [INFO] /Users/sumith/Documents/Projects/vercel/phenv/lib/python3.9/site-packages/django/utils/autoreload.py:668 Watching for file changes with StatReloader
2023-06-19 17:58:01 [INFO] /Users/sumith/Documents/Projects/vercel/phenv/lib/python3.9/site-packages/django/utils/autoreload.py:668 Watching for file changes with StatReloader
2023-06-19 17:58:34 [INFO] /Users/sumith/Documents/Projects/vercel/phenv/lib/python3.9/site-packages/django/utils/autoreload.py:668 Watching for file changes with StatReloader
2023-06-19 18:05:22 [INFO] /Users/sumith/Documents/Projects/vercel/phenv/lib/python3.9/site-packages/django/utils/autoreload.py:668 Watching for file changes with StatReloader
2023-06-19 18:05:32 [INFO] /Users/sumith/Documents/Projects/vercel/phenv/lib/python3.9/site-packages/django/utils/autoreload.py:266 /Users/sumith/Documents/Projects/vercel/ph-django-main/recommendations/views.py changed, reloading.
2023-06-19 18:05:33 [INFO] /Users/sumith/Documents/Projects/vercel/phenv/lib/python3.9/site-packages/django/utils/autoreload.py:668 Watching for file changes with StatReloader
2023-06-20 07:11:26 [INFO] /Users/sumith/Documents/Projects/vercel/phenv/lib/python3.9/site-packages/django/utils/autoreload.py:266 /Users/sumith/Documents/Projects/vercel/ph-django-main/recommendations/views.py changed, reloading.
2023-06-20 07:11:28 [INFO] /Users/sumith/Documents/Projects/vercel/phenv/lib/python3.9/site-packages/django/utils/autoreload.py:668 Watching for file changes with StatReloader
2023-06-20 07:12:02 [INFO] /Users/sumith/Documents/Projects/vercel/phenv/lib/python3.9/site-packages/django/utils/autoreload.py:266 /Users/sumith/Documents/Projects/vercel/ph-django-main/recommendations/views.py changed, reloading.
2023-06-20 07:12:03 [INFO] /Users/sumith/Documents/Projects/vercel/phenv/lib/python3.9/site-packages/django/utils/autoreload.py:668 Watching for file changes with StatReloader
2023-06-20 07:12:29 [INFO] /Users/sumith/Documents/Projects/vercel/phenv/lib/python3.9/site-packages/django/utils/autoreload.py:266 /Users/sumith/Documents/Projects/vercel/ph-django-main/recommendations/views.py changed, reloading.
2023-06-20 07:12:30 [INFO] /Users/sumith/Documents/Projects/vercel/phenv/lib/python3.9/site-packages/django/utils/autoreload.py:668 Watching for file changes with StatReloader
2023-06-20 07:14:25 [INFO] /Users/sumith/Documents/Projects/vercel/phenv/lib/python3.9/site-packages/django/utils/autoreload.py:266 /Users/sumith/Documents/Projects/vercel/ph-django-main/recommendations/views.py changed, reloading.
2023-06-20 07:14:25 [INFO] /Users/sumith/Documents/Projects/vercel/phenv/lib/python3.9/site-packages/django/utils/autoreload.py:668 Watching for file changes with StatReloader
2023-06-20 07:14:36 [INFO] /Users/sumith/Documents/Projects/vercel/phenv/lib/python3.9/site-packages/django/utils/autoreload.py:266 /Users/sumith/Documents/Projects/vercel/ph-django-main/recommendations/views.py changed, reloading.
2023-06-20 07:14:37 [INFO] /Users/sumith/Documents/Projects/vercel/phenv/lib/python3.9/site-packages/django/utils/autoreload.py:668 Watching for file changes with StatReloader
2023-06-20 07:14:52 [INFO] /Users/sumith/Documents/Projects/vercel/phenv/lib/python3.9/site-packages/django/utils/autoreload.py:266 /Users/sumith/Documents/Projects/vercel/ph-django-main/vercel_app/urls.py changed, reloading.
2023-06-20 07:14:53 [INFO] /Users/sumith/Documents/Projects/vercel/phenv/lib/python3.9/site-packages/django/utils/autoreload.py:668 Watching for file changes with StatReloader
2023-06-20 07:23:17 [INFO] /Users/sumith/Documents/Projects/vercel/phenv/lib/python3.9/site-packages/django/utils/autoreload.py:266 /Users/sumith/Documents/Projects/vercel/ph-django-main/recommendations/views.py changed, reloading.
2023-06-20 07:23:20 [INFO] /Users/sumith/Documents/Projects/vercel/phenv/lib/python3.9/site-packages/django/utils/autoreload.py:668 Watching for file changes with StatReloader
2023-06-20 07:23:56 [INFO] /Users/sumith/Documents/Projects/vercel/phenv/lib/python3.9/site-packages/django/utils/autoreload.py:668 Watching for file changes with StatReloader
2023-06-20 07:33:17 [INFO] /Users/sumith/Documents/Projects/vercel/phenv/lib/python3.9/site-packages/django/utils/autoreload.py:668 Watching for file changes with StatReloader
2023-06-20 07:33:24 [INFO] /Users/sumith/Documents/Projects/vercel/phenv/lib/python3.9/site-packages/sentence_transformers/SentenceTransformer.py:66 Load pretrained SentenceTransformer: bert-base-nli-mean-tokens
2023-06-20 07:33:27 [INFO] /Users/sumith/Documents/Projects/vercel/phenv/lib/python3.9/site-packages/sentence_transformers/SentenceTransformer.py:105 Use pytorch device: cpu
2023-06-20 07:33:42 [INFO] /Users/sumith/Documents/Projects/vercel/phenv/lib/python3.9/site-packages/django/utils/autoreload.py:266 /Users/sumith/Documents/Projects/vercel/ph-django-main/vercel_app/urls.py changed, reloading.
2023-06-20 07:33:43 [INFO] /Users/sumith/Documents/Projects/vercel/phenv/lib/python3.9/site-packages/django/utils/autoreload.py:668 Watching for file changes with StatReloader
2023-06-20 07:33:46 [INFO] /Users/sumith/Documents/Projects/vercel/phenv/lib/python3.9/site-packages/sentence_transformers/SentenceTransformer.py:66 Load pretrained SentenceTransformer: bert-base-nli-mean-tokens
2023-06-20 07:33:48 [INFO] /Users/sumith/Documents/Projects/vercel/phenv/lib/python3.9/site-packages/sentence_transformers/SentenceTransformer.py:105 Use pytorch device: cpu
2023-06-20 07:34:30 [ERROR] /Users/sumith/Documents/Projects/vercel/phenv/lib/python3.9/site-packages/django/utils/log.py:241 Internal Server Error: /api/recommend/
Traceback (most recent call last):
  File "/Users/sumith/Documents/Projects/vercel/phenv/lib/python3.9/site-packages/django/core/handlers/exception.py", line 55, in inner
    response = get_response(request)
  File "/Users/sumith/Documents/Projects/vercel/phenv/lib/python3.9/site-packages/django/core/handlers/base.py", line 197, in _get_response
    response = wrapped_callback(request, *callback_args, **callback_kwargs)
  File "/Users/sumith/Documents/Projects/vercel/phenv/lib/python3.9/site-packages/django/views/decorators/csrf.py", line 56, in wrapper_view
    return view_func(*args, **kwargs)
  File "/Users/sumith/Documents/Projects/vercel/ph-django-main/recommendations/views.py", line 255, in recommend_videos
    json_data = json.loads(data)
NameError: name 'json' is not defined
2023-06-20 07:34:50 [INFO] /Users/sumith/Documents/Projects/vercel/phenv/lib/python3.9/site-packages/django/utils/autoreload.py:266 /Users/sumith/Documents/Projects/vercel/ph-django-main/recommendations/views.py changed, reloading.
2023-06-20 07:34:53 [INFO] /Users/sumith/Documents/Projects/vercel/phenv/lib/python3.9/site-packages/django/utils/autoreload.py:668 Watching for file changes with StatReloader
2023-06-20 07:34:58 [INFO] /Users/sumith/Documents/Projects/vercel/phenv/lib/python3.9/site-packages/sentence_transformers/SentenceTransformer.py:66 Load pretrained SentenceTransformer: bert-base-nli-mean-tokens
2023-06-20 07:34:59 [INFO] /Users/sumith/Documents/Projects/vercel/phenv/lib/python3.9/site-packages/sentence_transformers/SentenceTransformer.py:105 Use pytorch device: cpu
2023-06-20 07:54:12 [INFO] /Users/sumith/Documents/Projects/vercel/phenv/lib/python3.9/site-packages/django/utils/autoreload.py:266 /Users/sumith/Documents/Projects/vercel/ph-django-main/recommendations/views.py changed, reloading.
2023-06-20 07:54:15 [INFO] /Users/sumith/Documents/Projects/vercel/phenv/lib/python3.9/site-packages/django/utils/autoreload.py:668 Watching for file changes with StatReloader
2023-06-20 07:54:19 [INFO] /Users/sumith/Documents/Projects/vercel/phenv/lib/python3.9/site-packages/sentence_transformers/SentenceTransformer.py:66 Load pretrained SentenceTransformer: bert-base-nli-mean-tokens
2023-06-20 07:54:21 [INFO] /Users/sumith/Documents/Projects/vercel/phenv/lib/python3.9/site-packages/sentence_transformers/SentenceTransformer.py:105 Use pytorch device: cpu
2023-06-20 07:59:33 [INFO] /Users/sumith/Documents/Projects/vercel/phenv/lib/python3.9/site-packages/django/utils/autoreload.py:266 /Users/sumith/Documents/Projects/vercel/ph-django-main/recommendations/views.py changed, reloading.
2023-06-20 07:59:35 [INFO] /Users/sumith/Documents/Projects/vercel/phenv/lib/python3.9/site-packages/django/utils/autoreload.py:668 Watching for file changes with StatReloader
2023-06-20 07:59:39 [INFO] /Users/sumith/Documents/Projects/vercel/phenv/lib/python3.9/site-packages/sentence_transformers/SentenceTransformer.py:66 Load pretrained SentenceTransformer: bert-base-nli-mean-tokens
2023-06-20 07:59:40 [INFO] /Users/sumith/Documents/Projects/vercel/phenv/lib/python3.9/site-packages/sentence_transformers/SentenceTransformer.py:105 Use pytorch device: cpu
2023-06-20 08:00:36 [INFO] /Users/sumith/Documents/Projects/vercel/phenv/lib/python3.9/site-packages/sentence_transformers/SentenceTransformer.py:66 Load pretrained SentenceTransformer: bert-base-nli-mean-tokens
2023-06-20 08:00:38 [INFO] /Users/sumith/Documents/Projects/vercel/phenv/lib/python3.9/site-packages/sentence_transformers/SentenceTransformer.py:105 Use pytorch device: cpu
2023-06-20 08:02:41 [ERROR] /Users/sumith/Documents/Projects/vercel/phenv/lib/python3.9/site-packages/django/utils/log.py:241 Internal Server Error: /api/recommend/
Traceback (most recent call last):
  File "/Users/sumith/Documents/Projects/vercel/phenv/lib/python3.9/site-packages/django/core/handlers/exception.py", line 55, in inner
    response = get_response(request)
  File "/Users/sumith/Documents/Projects/vercel/phenv/lib/python3.9/site-packages/django/core/handlers/base.py", line 197, in _get_response
    response = wrapped_callback(request, *callback_args, **callback_kwargs)
  File "/Users/sumith/Documents/Projects/vercel/phenv/lib/python3.9/site-packages/django/views/decorators/csrf.py", line 56, in wrapper_view
    return view_func(*args, **kwargs)
  File "/Users/sumith/Documents/Projects/vercel/ph-django-main/recommendations/views.py", line 278, in recommend_videos
    similarity_scores = calculate_similarity_bert(query_embeddings, corpus_embeddings)
  File "/Users/sumith/Documents/Projects/vercel/ph-django-main/recommendations/views.py", line 257, in calculate_similarity_bert
    similarity_scores = cosine_similarity([query_embedding], corpus_embeddings)[0]
  File "/Users/sumith/Documents/Projects/vercel/phenv/lib/python3.9/site-packages/sklearn/metrics/pairwise.py", line 1393, in cosine_similarity
    X, Y = check_pairwise_arrays(X, Y)
  File "/Users/sumith/Documents/Projects/vercel/phenv/lib/python3.9/site-packages/sklearn/metrics/pairwise.py", line 155, in check_pairwise_arrays
    X = check_array(
  File "/Users/sumith/Documents/Projects/vercel/phenv/lib/python3.9/site-packages/sklearn/utils/validation.py", line 915, in check_array
    raise ValueError(
ValueError: Found array with dim 3. check_pairwise_arrays expected <= 2.
2023-06-20 08:05:27 [INFO] /Users/sumith/Documents/Projects/vercel/phenv/lib/python3.9/site-packages/django/utils/autoreload.py:266 /Users/sumith/Documents/Projects/vercel/ph-django-main/recommendations/views.py changed, reloading.
2023-06-20 08:05:29 [INFO] /Users/sumith/Documents/Projects/vercel/phenv/lib/python3.9/site-packages/django/utils/autoreload.py:668 Watching for file changes with StatReloader
2023-06-20 08:05:33 [INFO] /Users/sumith/Documents/Projects/vercel/phenv/lib/python3.9/site-packages/sentence_transformers/SentenceTransformer.py:66 Load pretrained SentenceTransformer: bert-base-nli-mean-tokens
2023-06-20 08:05:34 [INFO] /Users/sumith/Documents/Projects/vercel/phenv/lib/python3.9/site-packages/sentence_transformers/SentenceTransformer.py:105 Use pytorch device: cpu
2023-06-20 08:21:27 [INFO] /Users/sumith/Documents/Projects/vercel/phenv/lib/python3.9/site-packages/django/utils/autoreload.py:266 /Users/sumith/Documents/Projects/vercel/ph-django-main/recommendations/views.py changed, reloading.
2023-06-20 08:21:29 [INFO] /Users/sumith/Documents/Projects/vercel/phenv/lib/python3.9/site-packages/django/utils/autoreload.py:668 Watching for file changes with StatReloader
2023-06-20 08:21:32 [INFO] /Users/sumith/Documents/Projects/vercel/phenv/lib/python3.9/site-packages/sentence_transformers/SentenceTransformer.py:66 Load pretrained SentenceTransformer: bert-base-nli-mean-tokens
2023-06-20 08:21:34 [INFO] /Users/sumith/Documents/Projects/vercel/phenv/lib/python3.9/site-packages/sentence_transformers/SentenceTransformer.py:105 Use pytorch device: cpu
2023-06-20 08:21:50 [INFO] /Users/sumith/Documents/Projects/vercel/phenv/lib/python3.9/site-packages/django/utils/autoreload.py:266 /Users/sumith/Documents/Projects/vercel/ph-django-main/recommendations/views.py changed, reloading.
2023-06-20 08:21:52 [INFO] /Users/sumith/Documents/Projects/vercel/phenv/lib/python3.9/site-packages/django/utils/autoreload.py:668 Watching for file changes with StatReloader
2023-06-20 08:21:55 [INFO] /Users/sumith/Documents/Projects/vercel/phenv/lib/python3.9/site-packages/sentence_transformers/SentenceTransformer.py:66 Load pretrained SentenceTransformer: bert-base-nli-mean-tokens
2023-06-20 08:21:57 [INFO] /Users/sumith/Documents/Projects/vercel/phenv/lib/python3.9/site-packages/sentence_transformers/SentenceTransformer.py:105 Use pytorch device: cpu
2023-06-20 08:22:11 [INFO] /Users/sumith/Documents/Projects/vercel/phenv/lib/python3.9/site-packages/django/utils/autoreload.py:266 /Users/sumith/Documents/Projects/vercel/ph-django-main/recommendations/views.py changed, reloading.
2023-06-20 08:22:12 [INFO] /Users/sumith/Documents/Projects/vercel/phenv/lib/python3.9/site-packages/django/utils/autoreload.py:668 Watching for file changes with StatReloader
2023-06-20 08:22:16 [INFO] /Users/sumith/Documents/Projects/vercel/phenv/lib/python3.9/site-packages/sentence_transformers/SentenceTransformer.py:66 Load pretrained SentenceTransformer: bert-base-nli-mean-tokens
2023-06-20 08:22:17 [INFO] /Users/sumith/Documents/Projects/vercel/phenv/lib/python3.9/site-packages/sentence_transformers/SentenceTransformer.py:105 Use pytorch device: cpu
2023-06-20 08:22:28 [ERROR] /Users/sumith/Documents/Projects/vercel/phenv/lib/python3.9/site-packages/django/utils/log.py:241 Internal Server Error: /api/recommend/
Traceback (most recent call last):
  File "/Users/sumith/Documents/Projects/vercel/phenv/lib/python3.9/site-packages/django/core/handlers/exception.py", line 55, in inner
    response = get_response(request)
  File "/Users/sumith/Documents/Projects/vercel/phenv/lib/python3.9/site-packages/django/core/handlers/base.py", line 197, in _get_response
    response = wrapped_callback(request, *callback_args, **callback_kwargs)
  File "/Users/sumith/Documents/Projects/vercel/phenv/lib/python3.9/site-packages/django/views/decorators/csrf.py", line 56, in wrapper_view
    return view_func(*args, **kwargs)
  File "/Users/sumith/Documents/Projects/vercel/ph-django-main/recommendations/views.py", line 303, in recommend_videos
    level = eval(paragraph + "_level")
  File "<string>", line 1, in <module>
NameError: name 'ee_llm_level' is not defined
2023-06-20 08:25:07 [INFO] /Users/sumith/Documents/Projects/vercel/phenv/lib/python3.9/site-packages/django/utils/autoreload.py:266 /Users/sumith/Documents/Projects/vercel/ph-django-main/recommendations/views.py changed, reloading.
2023-06-20 08:25:09 [INFO] /Users/sumith/Documents/Projects/vercel/phenv/lib/python3.9/site-packages/django/utils/autoreload.py:668 Watching for file changes with StatReloader
2023-06-20 08:25:13 [INFO] /Users/sumith/Documents/Projects/vercel/phenv/lib/python3.9/site-packages/django/utils/autoreload.py:266 /Users/sumith/Documents/Projects/vercel/ph-django-main/recommendations/views.py changed, reloading.
2023-06-20 08:25:13 [INFO] /Users/sumith/Documents/Projects/vercel/phenv/lib/python3.9/site-packages/django/utils/autoreload.py:668 Watching for file changes with StatReloader
2023-06-20 08:25:17 [INFO] /Users/sumith/Documents/Projects/vercel/phenv/lib/python3.9/site-packages/django/utils/autoreload.py:266 /Users/sumith/Documents/Projects/vercel/ph-django-main/recommendations/views.py changed, reloading.
2023-06-20 08:25:18 [INFO] /Users/sumith/Documents/Projects/vercel/phenv/lib/python3.9/site-packages/django/utils/autoreload.py:668 Watching for file changes with StatReloader
2023-06-20 08:25:22 [INFO] /Users/sumith/Documents/Projects/vercel/phenv/lib/python3.9/site-packages/sentence_transformers/SentenceTransformer.py:66 Load pretrained SentenceTransformer: bert-base-nli-mean-tokens
2023-06-20 08:25:23 [INFO] /Users/sumith/Documents/Projects/vercel/phenv/lib/python3.9/site-packages/sentence_transformers/SentenceTransformer.py:105 Use pytorch device: cpu
2023-06-20 08:27:27 [INFO] /Users/sumith/Documents/Projects/vercel/phenv/lib/python3.9/site-packages/django/utils/autoreload.py:266 /Users/sumith/Documents/Projects/vercel/ph-django-main/recommendations/views.py changed, reloading.
2023-06-20 08:27:28 [INFO] /Users/sumith/Documents/Projects/vercel/phenv/lib/python3.9/site-packages/django/utils/autoreload.py:668 Watching for file changes with StatReloader
2023-06-20 08:27:32 [INFO] /Users/sumith/Documents/Projects/vercel/phenv/lib/python3.9/site-packages/sentence_transformers/SentenceTransformer.py:66 Load pretrained SentenceTransformer: bert-base-nli-mean-tokens
2023-06-20 08:27:33 [INFO] /Users/sumith/Documents/Projects/vercel/phenv/lib/python3.9/site-packages/sentence_transformers/SentenceTransformer.py:105 Use pytorch device: cpu
2023-06-20 08:27:42 [INFO] /Users/sumith/Documents/Projects/vercel/phenv/lib/python3.9/site-packages/django/utils/autoreload.py:266 /Users/sumith/Documents/Projects/vercel/ph-django-main/recommendations/views.py changed, reloading.
2023-06-20 08:27:43 [INFO] /Users/sumith/Documents/Projects/vercel/phenv/lib/python3.9/site-packages/django/utils/autoreload.py:668 Watching for file changes with StatReloader
2023-06-20 08:27:47 [INFO] /Users/sumith/Documents/Projects/vercel/phenv/lib/python3.9/site-packages/django/utils/autoreload.py:266 /Users/sumith/Documents/Projects/vercel/ph-django-main/recommendations/views.py changed, reloading.
2023-06-20 08:27:47 [INFO] /Users/sumith/Documents/Projects/vercel/phenv/lib/python3.9/site-packages/django/utils/autoreload.py:668 Watching for file changes with StatReloader
2023-06-20 08:27:50 [INFO] /Users/sumith/Documents/Projects/vercel/phenv/lib/python3.9/site-packages/sentence_transformers/SentenceTransformer.py:66 Load pretrained SentenceTransformer: bert-base-nli-mean-tokens
2023-06-20 08:27:52 [INFO] /Users/sumith/Documents/Projects/vercel/phenv/lib/python3.9/site-packages/sentence_transformers/SentenceTransformer.py:105 Use pytorch device: cpu
2023-06-20 08:27:58 [INFO] /Users/sumith/Documents/Projects/vercel/phenv/lib/python3.9/site-packages/django/utils/autoreload.py:266 /Users/sumith/Documents/Projects/vercel/ph-django-main/recommendations/views.py changed, reloading.
2023-06-20 08:27:59 [INFO] /Users/sumith/Documents/Projects/vercel/phenv/lib/python3.9/site-packages/django/utils/autoreload.py:668 Watching for file changes with StatReloader
2023-06-20 08:28:02 [INFO] /Users/sumith/Documents/Projects/vercel/phenv/lib/python3.9/site-packages/sentence_transformers/SentenceTransformer.py:66 Load pretrained SentenceTransformer: bert-base-nli-mean-tokens
2023-06-20 08:28:03 [INFO] /Users/sumith/Documents/Projects/vercel/phenv/lib/python3.9/site-packages/sentence_transformers/SentenceTransformer.py:105 Use pytorch device: cpu
2023-06-20 08:28:04 [INFO] /Users/sumith/Documents/Projects/vercel/phenv/lib/python3.9/site-packages/django/utils/autoreload.py:266 /Users/sumith/Documents/Projects/vercel/ph-django-main/recommendations/views.py changed, reloading.
2023-06-20 08:28:05 [INFO] /Users/sumith/Documents/Projects/vercel/phenv/lib/python3.9/site-packages/django/utils/autoreload.py:668 Watching for file changes with StatReloader
2023-06-20 08:28:08 [INFO] /Users/sumith/Documents/Projects/vercel/phenv/lib/python3.9/site-packages/sentence_transformers/SentenceTransformer.py:66 Load pretrained SentenceTransformer: bert-base-nli-mean-tokens
2023-06-20 08:28:09 [INFO] /Users/sumith/Documents/Projects/vercel/phenv/lib/python3.9/site-packages/sentence_transformers/SentenceTransformer.py:105 Use pytorch device: cpu
2023-06-20 08:28:21 [ERROR] /Users/sumith/Documents/Projects/vercel/phenv/lib/python3.9/site-packages/django/utils/log.py:241 Internal Server Error: /api/recommend/
Traceback (most recent call last):
  File "/Users/sumith/Documents/Projects/vercel/phenv/lib/python3.9/site-packages/django/core/handlers/exception.py", line 55, in inner
    response = get_response(request)
  File "/Users/sumith/Documents/Projects/vercel/phenv/lib/python3.9/site-packages/django/core/handlers/base.py", line 197, in _get_response
    response = wrapped_callback(request, *callback_args, **callback_kwargs)
  File "/Users/sumith/Documents/Projects/vercel/phenv/lib/python3.9/site-packages/django/views/decorators/csrf.py", line 56, in wrapper_view
    return view_func(*args, **kwargs)
  File "/Users/sumith/Documents/Projects/vercel/ph-django-main/recommendations/views.py", line 314, in recommend_videos
    return JsonResponse(result, safe=False)
  File "/Users/sumith/Documents/Projects/vercel/phenv/lib/python3.9/site-packages/django/http/response.py", line 731, in __init__
    data = json.dumps(data, cls=encoder, **json_dumps_params)
  File "/Users/sumith/opt/anaconda3/lib/python3.9/json/__init__.py", line 234, in dumps
    return cls(
  File "/Users/sumith/opt/anaconda3/lib/python3.9/json/encoder.py", line 199, in encode
    chunks = self.iterencode(o, _one_shot=True)
  File "/Users/sumith/opt/anaconda3/lib/python3.9/json/encoder.py", line 257, in iterencode
    return _iterencode(o, 0)
  File "/Users/sumith/Documents/Projects/vercel/phenv/lib/python3.9/site-packages/django/core/serializers/json.py", line 106, in default
    return super().default(o)
  File "/Users/sumith/opt/anaconda3/lib/python3.9/json/encoder.py", line 179, in default
    raise TypeError(f'Object of type {o.__class__.__name__} '
TypeError: Object of type DataFrame is not JSON serializable
2023-06-20 08:29:38 [INFO] /Users/sumith/Documents/Projects/vercel/phenv/lib/python3.9/site-packages/django/utils/autoreload.py:266 /Users/sumith/Documents/Projects/vercel/ph-django-main/recommendations/views.py changed, reloading.
2023-06-20 08:29:39 [INFO] /Users/sumith/Documents/Projects/vercel/phenv/lib/python3.9/site-packages/django/utils/autoreload.py:668 Watching for file changes with StatReloader
2023-06-20 08:29:43 [INFO] /Users/sumith/Documents/Projects/vercel/phenv/lib/python3.9/site-packages/sentence_transformers/SentenceTransformer.py:66 Load pretrained SentenceTransformer: bert-base-nli-mean-tokens
2023-06-20 08:29:44 [INFO] /Users/sumith/Documents/Projects/vercel/phenv/lib/python3.9/site-packages/sentence_transformers/SentenceTransformer.py:105 Use pytorch device: cpu
2023-06-20 08:42:10 [INFO] /Users/sumith/Documents/Projects/vercel/phenv/lib/python3.9/site-packages/django/utils/autoreload.py:266 /Users/sumith/Documents/Projects/vercel/ph-django-main/recommendations/views.py changed, reloading.
2023-06-20 08:42:13 [INFO] /Users/sumith/Documents/Projects/vercel/phenv/lib/python3.9/site-packages/django/utils/autoreload.py:668 Watching for file changes with StatReloader
2023-06-20 08:42:16 [INFO] /Users/sumith/Documents/Projects/vercel/phenv/lib/python3.9/site-packages/sentence_transformers/SentenceTransformer.py:66 Load pretrained SentenceTransformer: bert-base-nli-mean-tokens
2023-06-20 08:42:17 [INFO] /Users/sumith/Documents/Projects/vercel/phenv/lib/python3.9/site-packages/sentence_transformers/SentenceTransformer.py:105 Use pytorch device: cpu
2023-06-20 08:45:21 [INFO] /Users/sumith/Documents/Projects/vercel/phenv/lib/python3.9/site-packages/django/utils/autoreload.py:266 /Users/sumith/Documents/Projects/vercel/ph-django-main/recommendations/views.py changed, reloading.
2023-06-20 08:45:23 [INFO] /Users/sumith/Documents/Projects/vercel/phenv/lib/python3.9/site-packages/django/utils/autoreload.py:668 Watching for file changes with StatReloader
2023-06-20 08:45:26 [INFO] /Users/sumith/Documents/Projects/vercel/phenv/lib/python3.9/site-packages/sentence_transformers/SentenceTransformer.py:66 Load pretrained SentenceTransformer: bert-base-nli-mean-tokens
2023-06-20 08:45:28 [INFO] /Users/sumith/Documents/Projects/vercel/phenv/lib/python3.9/site-packages/sentence_transformers/SentenceTransformer.py:105 Use pytorch device: cpu
2023-06-20 08:45:45 [ERROR] /Users/sumith/Documents/Projects/vercel/phenv/lib/python3.9/site-packages/django/utils/log.py:241 Internal Server Error: /api/recommend/
Traceback (most recent call last):
  File "/Users/sumith/Documents/Projects/vercel/phenv/lib/python3.9/site-packages/django/core/handlers/exception.py", line 55, in inner
    response = get_response(request)
  File "/Users/sumith/Documents/Projects/vercel/phenv/lib/python3.9/site-packages/django/core/handlers/base.py", line 197, in _get_response
    response = wrapped_callback(request, *callback_args, **callback_kwargs)
  File "/Users/sumith/Documents/Projects/vercel/phenv/lib/python3.9/site-packages/django/views/decorators/csrf.py", line 56, in wrapper_view
    return view_func(*args, **kwargs)
  File "/Users/sumith/Documents/Projects/vercel/ph-django-main/recommendations/views.py", line 313, in recommend_videos
    query = result[paragraph]
KeyError: 'ee_llm'
2023-06-20 08:46:16 [INFO] /Users/sumith/Documents/Projects/vercel/phenv/lib/python3.9/site-packages/django/utils/autoreload.py:266 /Users/sumith/Documents/Projects/vercel/ph-django-main/recommendations/views.py changed, reloading.
2023-06-20 08:46:17 [INFO] /Users/sumith/Documents/Projects/vercel/phenv/lib/python3.9/site-packages/django/utils/autoreload.py:668 Watching for file changes with StatReloader
2023-06-20 08:46:20 [INFO] /Users/sumith/Documents/Projects/vercel/phenv/lib/python3.9/site-packages/sentence_transformers/SentenceTransformer.py:66 Load pretrained SentenceTransformer: bert-base-nli-mean-tokens
2023-06-20 08:46:22 [INFO] /Users/sumith/Documents/Projects/vercel/phenv/lib/python3.9/site-packages/sentence_transformers/SentenceTransformer.py:105 Use pytorch device: cpu
2023-06-20 08:55:29 [INFO] /Users/sumith/Documents/Projects/vercel/phenv/lib/python3.9/site-packages/django/utils/autoreload.py:266 /Users/sumith/Documents/Projects/vercel/ph-django-main/recommendations/views.py changed, reloading.
2023-06-20 08:55:32 [INFO] /Users/sumith/Documents/Projects/vercel/phenv/lib/python3.9/site-packages/django/utils/autoreload.py:668 Watching for file changes with StatReloader
2023-06-20 08:55:35 [INFO] /Users/sumith/Documents/Projects/vercel/phenv/lib/python3.9/site-packages/sentence_transformers/SentenceTransformer.py:66 Load pretrained SentenceTransformer: bert-base-nli-mean-tokens
2023-06-20 08:55:37 [INFO] /Users/sumith/Documents/Projects/vercel/phenv/lib/python3.9/site-packages/sentence_transformers/SentenceTransformer.py:105 Use pytorch device: cpu
2023-06-20 08:55:50 [ERROR] /Users/sumith/Documents/Projects/vercel/phenv/lib/python3.9/site-packages/django/utils/log.py:241 Internal Server Error: /api/recommend/
Traceback (most recent call last):
  File "/Users/sumith/Documents/Projects/vercel/phenv/lib/python3.9/site-packages/django/core/handlers/exception.py", line 55, in inner
    response = get_response(request)
  File "/Users/sumith/Documents/Projects/vercel/phenv/lib/python3.9/site-packages/django/core/handlers/base.py", line 197, in _get_response
    response = wrapped_callback(request, *callback_args, **callback_kwargs)
  File "/Users/sumith/Documents/Projects/vercel/phenv/lib/python3.9/site-packages/django/views/decorators/csrf.py", line 56, in wrapper_view
    return view_func(*args, **kwargs)
  File "/Users/sumith/Documents/Projects/vercel/ph-django-main/recommendations/views.py", line 344, in recommend_videos
    return JsonResponse(result, safe=False)
  File "/Users/sumith/Documents/Projects/vercel/phenv/lib/python3.9/site-packages/django/http/response.py", line 731, in __init__
    data = json.dumps(data, cls=encoder, **json_dumps_params)
  File "/Users/sumith/opt/anaconda3/lib/python3.9/json/__init__.py", line 234, in dumps
    return cls(
  File "/Users/sumith/opt/anaconda3/lib/python3.9/json/encoder.py", line 199, in encode
    chunks = self.iterencode(o, _one_shot=True)
  File "/Users/sumith/opt/anaconda3/lib/python3.9/json/encoder.py", line 257, in iterencode
    return _iterencode(o, 0)
  File "/Users/sumith/Documents/Projects/vercel/phenv/lib/python3.9/site-packages/django/core/serializers/json.py", line 106, in default
    return super().default(o)
  File "/Users/sumith/opt/anaconda3/lib/python3.9/json/encoder.py", line 179, in default
    raise TypeError(f'Object of type {o.__class__.__name__} '
TypeError: Object of type float32 is not JSON serializable
2023-06-20 08:56:56 [INFO] /Users/sumith/Documents/Projects/vercel/phenv/lib/python3.9/site-packages/django/utils/autoreload.py:266 /Users/sumith/Documents/Projects/vercel/ph-django-main/recommendations/views.py changed, reloading.
2023-06-20 08:56:58 [INFO] /Users/sumith/Documents/Projects/vercel/phenv/lib/python3.9/site-packages/django/utils/autoreload.py:668 Watching for file changes with StatReloader
2023-06-20 08:57:01 [INFO] /Users/sumith/Documents/Projects/vercel/phenv/lib/python3.9/site-packages/sentence_transformers/SentenceTransformer.py:66 Load pretrained SentenceTransformer: bert-base-nli-mean-tokens
2023-06-20 08:57:03 [INFO] /Users/sumith/Documents/Projects/vercel/phenv/lib/python3.9/site-packages/sentence_transformers/SentenceTransformer.py:105 Use pytorch device: cpu
2023-06-20 09:19:52 [INFO] /Users/sumith/Documents/Projects/vercel/phenv/lib/python3.9/site-packages/django/utils/autoreload.py:266 /Users/sumith/Documents/Projects/vercel/ph-django-main/recommendations/models.py changed, reloading.
2023-06-20 09:19:55 [INFO] /Users/sumith/Documents/Projects/vercel/phenv/lib/python3.9/site-packages/django/utils/autoreload.py:668 Watching for file changes with StatReloader
2023-06-20 09:19:59 [INFO] /Users/sumith/Documents/Projects/vercel/phenv/lib/python3.9/site-packages/sentence_transformers/SentenceTransformer.py:66 Load pretrained SentenceTransformer: bert-base-nli-mean-tokens
2023-06-20 09:20:01 [INFO] /Users/sumith/Documents/Projects/vercel/phenv/lib/python3.9/site-packages/sentence_transformers/SentenceTransformer.py:105 Use pytorch device: cpu
2023-06-20 09:21:08 [INFO] /Users/sumith/Documents/Projects/vercel/phenv/lib/python3.9/site-packages/django/utils/autoreload.py:266 /Users/sumith/Documents/Projects/vercel/ph-django-main/recommendations/models.py changed, reloading.
2023-06-20 09:21:09 [INFO] /Users/sumith/Documents/Projects/vercel/phenv/lib/python3.9/site-packages/django/utils/autoreload.py:668 Watching for file changes with StatReloader
2023-06-20 09:21:13 [INFO] /Users/sumith/Documents/Projects/vercel/phenv/lib/python3.9/site-packages/sentence_transformers/SentenceTransformer.py:66 Load pretrained SentenceTransformer: bert-base-nli-mean-tokens
2023-06-20 09:21:15 [INFO] /Users/sumith/Documents/Projects/vercel/phenv/lib/python3.9/site-packages/sentence_transformers/SentenceTransformer.py:105 Use pytorch device: cpu
2023-06-20 09:21:18 [INFO] /Users/sumith/Documents/Projects/vercel/phenv/lib/python3.9/site-packages/django/utils/autoreload.py:266 /Users/sumith/Documents/Projects/vercel/ph-django-main/recommendations/models.py changed, reloading.
2023-06-20 09:21:20 [INFO] /Users/sumith/Documents/Projects/vercel/phenv/lib/python3.9/site-packages/django/utils/autoreload.py:668 Watching for file changes with StatReloader
2023-06-20 09:21:23 [INFO] /Users/sumith/Documents/Projects/vercel/phenv/lib/python3.9/site-packages/sentence_transformers/SentenceTransformer.py:66 Load pretrained SentenceTransformer: bert-base-nli-mean-tokens
2023-06-20 09:21:25 [INFO] /Users/sumith/Documents/Projects/vercel/phenv/lib/python3.9/site-packages/sentence_transformers/SentenceTransformer.py:105 Use pytorch device: cpu
2023-06-20 09:21:45 [INFO] /Users/sumith/Documents/Projects/vercel/phenv/lib/python3.9/site-packages/django/utils/autoreload.py:266 /Users/sumith/Documents/Projects/vercel/ph-django-main/recommendations/models.py changed, reloading.
2023-06-20 09:21:47 [INFO] /Users/sumith/Documents/Projects/vercel/phenv/lib/python3.9/site-packages/django/utils/autoreload.py:668 Watching for file changes with StatReloader
2023-06-20 09:21:50 [INFO] /Users/sumith/Documents/Projects/vercel/phenv/lib/python3.9/site-packages/sentence_transformers/SentenceTransformer.py:66 Load pretrained SentenceTransformer: bert-base-nli-mean-tokens
2023-06-20 09:21:52 [INFO] /Users/sumith/Documents/Projects/vercel/phenv/lib/python3.9/site-packages/sentence_transformers/SentenceTransformer.py:105 Use pytorch device: cpu
2023-06-20 09:21:56 [INFO] /Users/sumith/Documents/Projects/vercel/phenv/lib/python3.9/site-packages/django/utils/autoreload.py:266 /Users/sumith/Documents/Projects/vercel/ph-django-main/recommendations/models.py changed, reloading.
2023-06-20 09:21:57 [INFO] /Users/sumith/Documents/Projects/vercel/phenv/lib/python3.9/site-packages/django/utils/autoreload.py:668 Watching for file changes with StatReloader
2023-06-20 09:22:00 [INFO] /Users/sumith/Documents/Projects/vercel/phenv/lib/python3.9/site-packages/sentence_transformers/SentenceTransformer.py:66 Load pretrained SentenceTransformer: bert-base-nli-mean-tokens
2023-06-20 09:22:02 [INFO] /Users/sumith/Documents/Projects/vercel/phenv/lib/python3.9/site-packages/sentence_transformers/SentenceTransformer.py:105 Use pytorch device: cpu
2023-06-20 09:22:26 [INFO] /Users/sumith/Documents/Projects/vercel/phenv/lib/python3.9/site-packages/sentence_transformers/SentenceTransformer.py:66 Load pretrained SentenceTransformer: bert-base-nli-mean-tokens
2023-06-20 09:22:28 [INFO] /Users/sumith/Documents/Projects/vercel/phenv/lib/python3.9/site-packages/sentence_transformers/SentenceTransformer.py:105 Use pytorch device: cpu
2023-06-20 09:22:43 [INFO] /Users/sumith/Documents/Projects/vercel/phenv/lib/python3.9/site-packages/sentence_transformers/SentenceTransformer.py:66 Load pretrained SentenceTransformer: bert-base-nli-mean-tokens
2023-06-20 09:22:44 [INFO] /Users/sumith/Documents/Projects/vercel/phenv/lib/python3.9/site-packages/sentence_transformers/SentenceTransformer.py:105 Use pytorch device: cpu
2023-06-20 09:25:19 [INFO] /Users/sumith/Documents/Projects/vercel/phenv/lib/python3.9/site-packages/django/utils/autoreload.py:668 Watching for file changes with StatReloader
2023-06-20 09:25:23 [INFO] /Users/sumith/Documents/Projects/vercel/phenv/lib/python3.9/site-packages/sentence_transformers/SentenceTransformer.py:66 Load pretrained SentenceTransformer: bert-base-nli-mean-tokens
2023-06-20 09:25:25 [INFO] /Users/sumith/Documents/Projects/vercel/phenv/lib/python3.9/site-packages/sentence_transformers/SentenceTransformer.py:105 Use pytorch device: cpu
2023-06-20 09:58:30 [INFO] /Users/sumith/Documents/Projects/vercel/phenv/lib/python3.9/site-packages/django/utils/autoreload.py:266 /Users/sumith/Documents/Projects/vercel/ph-django-main/recommendations/views.py changed, reloading.
2023-06-20 09:58:32 [INFO] /Users/sumith/Documents/Projects/vercel/phenv/lib/python3.9/site-packages/django/utils/autoreload.py:668 Watching for file changes with StatReloader
2023-06-20 09:58:36 [INFO] /Users/sumith/Documents/Projects/vercel/phenv/lib/python3.9/site-packages/sentence_transformers/SentenceTransformer.py:66 Load pretrained SentenceTransformer: bert-base-nli-mean-tokens
2023-06-20 09:58:37 [INFO] /Users/sumith/Documents/Projects/vercel/phenv/lib/python3.9/site-packages/sentence_transformers/SentenceTransformer.py:105 Use pytorch device: cpu
2023-06-20 09:58:38 [INFO] /Users/sumith/Documents/Projects/vercel/phenv/lib/python3.9/site-packages/sentence_transformers/SentenceTransformer.py:66 Load pretrained SentenceTransformer: bert-base-nli-mean-tokens
2023-06-20 09:58:39 [INFO] /Users/sumith/Documents/Projects/vercel/phenv/lib/python3.9/site-packages/sentence_transformers/SentenceTransformer.py:105 Use pytorch device: cpu
2023-06-20 09:58:50 [INFO] /Users/sumith/Documents/Projects/vercel/phenv/lib/python3.9/site-packages/django/utils/autoreload.py:266 /Users/sumith/Documents/Projects/vercel/ph-django-main/recommendations/views.py changed, reloading.
2023-06-20 09:58:51 [INFO] /Users/sumith/Documents/Projects/vercel/phenv/lib/python3.9/site-packages/django/utils/autoreload.py:668 Watching for file changes with StatReloader
2023-06-20 09:58:54 [INFO] /Users/sumith/Documents/Projects/vercel/phenv/lib/python3.9/site-packages/sentence_transformers/SentenceTransformer.py:66 Load pretrained SentenceTransformer: bert-base-nli-mean-tokens
2023-06-20 09:58:55 [INFO] /Users/sumith/Documents/Projects/vercel/phenv/lib/python3.9/site-packages/sentence_transformers/SentenceTransformer.py:105 Use pytorch device: cpu
2023-06-20 09:59:47 [INFO] /Users/sumith/Documents/Projects/vercel/phenv/lib/python3.9/site-packages/django/utils/autoreload.py:266 /Users/sumith/Documents/Projects/vercel/ph-django-main/vercel_app/urls.py changed, reloading.
2023-06-20 09:59:49 [INFO] /Users/sumith/Documents/Projects/vercel/phenv/lib/python3.9/site-packages/django/utils/autoreload.py:668 Watching for file changes with StatReloader
2023-06-20 09:59:52 [INFO] /Users/sumith/Documents/Projects/vercel/phenv/lib/python3.9/site-packages/sentence_transformers/SentenceTransformer.py:66 Load pretrained SentenceTransformer: bert-base-nli-mean-tokens
2023-06-20 09:59:54 [INFO] /Users/sumith/Documents/Projects/vercel/phenv/lib/python3.9/site-packages/sentence_transformers/SentenceTransformer.py:105 Use pytorch device: cpu
2023-06-20 09:59:55 [INFO] /Users/sumith/Documents/Projects/vercel/phenv/lib/python3.9/site-packages/django/utils/autoreload.py:266 /Users/sumith/Documents/Projects/vercel/ph-django-main/vercel_app/urls.py changed, reloading.
2023-06-20 09:59:56 [INFO] /Users/sumith/Documents/Projects/vercel/phenv/lib/python3.9/site-packages/django/utils/autoreload.py:668 Watching for file changes with StatReloader
2023-06-20 09:59:59 [INFO] /Users/sumith/Documents/Projects/vercel/phenv/lib/python3.9/site-packages/sentence_transformers/SentenceTransformer.py:66 Load pretrained SentenceTransformer: bert-base-nli-mean-tokens
2023-06-20 10:00:01 [INFO] /Users/sumith/Documents/Projects/vercel/phenv/lib/python3.9/site-packages/sentence_transformers/SentenceTransformer.py:105 Use pytorch device: cpu
2023-06-20 10:00:06 [INFO] /Users/sumith/Documents/Projects/vercel/phenv/lib/python3.9/site-packages/django/utils/autoreload.py:266 /Users/sumith/Documents/Projects/vercel/ph-django-main/vercel_app/urls.py changed, reloading.
2023-06-20 10:00:07 [INFO] /Users/sumith/Documents/Projects/vercel/phenv/lib/python3.9/site-packages/django/utils/autoreload.py:668 Watching for file changes with StatReloader
2023-06-20 10:00:09 [INFO] /Users/sumith/Documents/Projects/vercel/phenv/lib/python3.9/site-packages/sentence_transformers/SentenceTransformer.py:66 Load pretrained SentenceTransformer: bert-base-nli-mean-tokens
2023-06-20 10:00:11 [INFO] /Users/sumith/Documents/Projects/vercel/phenv/lib/python3.9/site-packages/sentence_transformers/SentenceTransformer.py:105 Use pytorch device: cpu
2023-06-20 10:05:02 [WARNING] /Users/sumith/Documents/Projects/vercel/phenv/lib/python3.9/site-packages/django/utils/log.py:241 Not Found: /get_videos/
2023-06-20 10:05:02 [WARNING] /Users/sumith/Documents/Projects/vercel/phenv/lib/python3.9/site-packages/django/utils/log.py:241 Not Found: /get_videos/
2023-06-20 10:05:51 [WARNING] /Users/sumith/Documents/Projects/vercel/phenv/lib/python3.9/site-packages/django/utils/log.py:241 Not Found: /get_videos/
2023-06-20 10:05:51 [WARNING] /Users/sumith/Documents/Projects/vercel/phenv/lib/python3.9/site-packages/django/utils/log.py:241 Not Found: /get_videos/
2023-06-20 16:13:16 [INFO] /Users/sumith/Documents/Projects/vercel/phenv/lib/python3.9/site-packages/django/utils/autoreload.py:266 /Users/sumith/Documents/Projects/vercel/ph-django-main/assesments/serializers.py changed, reloading.
2023-06-20 16:13:19 [INFO] /Users/sumith/Documents/Projects/vercel/phenv/lib/python3.9/site-packages/django/utils/autoreload.py:668 Watching for file changes with StatReloader
2023-06-20 16:13:23 [INFO] /Users/sumith/Documents/Projects/vercel/phenv/lib/python3.9/site-packages/sentence_transformers/SentenceTransformer.py:66 Load pretrained SentenceTransformer: bert-base-nli-mean-tokens
2023-06-20 16:13:25 [INFO] /Users/sumith/Documents/Projects/vercel/phenv/lib/python3.9/site-packages/sentence_transformers/SentenceTransformer.py:105 Use pytorch device: cpu
2023-06-20 16:14:25 [INFO] /Users/sumith/Documents/Projects/vercel/phenv/lib/python3.9/site-packages/django/utils/autoreload.py:266 /Users/sumith/Documents/Projects/vercel/ph-django-main/assesments/serializers.py changed, reloading.
2023-06-20 16:14:29 [INFO] /Users/sumith/Documents/Projects/vercel/phenv/lib/python3.9/site-packages/django/utils/autoreload.py:668 Watching for file changes with StatReloader
2023-06-20 16:14:33 [INFO] /Users/sumith/Documents/Projects/vercel/phenv/lib/python3.9/site-packages/sentence_transformers/SentenceTransformer.py:66 Load pretrained SentenceTransformer: bert-base-nli-mean-tokens
2023-06-20 16:14:35 [INFO] /Users/sumith/Documents/Projects/vercel/phenv/lib/python3.9/site-packages/sentence_transformers/SentenceTransformer.py:105 Use pytorch device: cpu
2023-06-20 19:06:55 [WARNING] /Users/sumith/Documents/Projects/vercel/phenv/lib/python3.9/site-packages/django/utils/log.py:241 Bad Request: /api/testparagraphs/
2023-06-20 19:07:33 [INFO] /Users/sumith/Documents/Projects/vercel/phenv/lib/python3.9/site-packages/django/utils/autoreload.py:266 /Users/sumith/Documents/Projects/vercel/ph-django-main/assesments/serializers.py changed, reloading.
2023-06-20 19:07:36 [INFO] /Users/sumith/Documents/Projects/vercel/phenv/lib/python3.9/site-packages/django/utils/autoreload.py:668 Watching for file changes with StatReloader
2023-06-20 19:07:40 [INFO] /Users/sumith/Documents/Projects/vercel/phenv/lib/python3.9/site-packages/sentence_transformers/SentenceTransformer.py:66 Load pretrained SentenceTransformer: bert-base-nli-mean-tokens
2023-06-20 19:07:41 [INFO] /Users/sumith/Documents/Projects/vercel/phenv/lib/python3.9/site-packages/sentence_transformers/SentenceTransformer.py:105 Use pytorch device: cpu
2023-06-20 19:08:54 [INFO] /Users/sumith/Documents/Projects/vercel/phenv/lib/python3.9/site-packages/django/utils/autoreload.py:266 /Users/sumith/Documents/Projects/vercel/ph-django-main/recommendations/views.py changed, reloading.
2023-06-20 19:08:55 [INFO] /Users/sumith/Documents/Projects/vercel/phenv/lib/python3.9/site-packages/django/utils/autoreload.py:668 Watching for file changes with StatReloader
2023-06-20 19:08:59 [INFO] /Users/sumith/Documents/Projects/vercel/phenv/lib/python3.9/site-packages/sentence_transformers/SentenceTransformer.py:66 Load pretrained SentenceTransformer: bert-base-nli-mean-tokens
2023-06-20 19:09:00 [INFO] /Users/sumith/Documents/Projects/vercel/phenv/lib/python3.9/site-packages/sentence_transformers/SentenceTransformer.py:105 Use pytorch device: cpu
2023-06-20 19:09:46 [WARNING] /Users/sumith/Documents/Projects/vercel/phenv/lib/python3.9/site-packages/django/utils/log.py:241 Bad Request: /api/testparagraphs/
2023-06-20 19:18:46 [INFO] /Users/sumith/Documents/Projects/vercel/phenv/lib/python3.9/site-packages/django/utils/autoreload.py:266 /Users/sumith/Documents/Projects/vercel/ph-django-main/recommendations/views.py changed, reloading.
2023-06-20 19:18:49 [INFO] /Users/sumith/Documents/Projects/vercel/phenv/lib/python3.9/site-packages/django/utils/autoreload.py:668 Watching for file changes with StatReloader
2023-06-20 19:18:52 [INFO] /Users/sumith/Documents/Projects/vercel/phenv/lib/python3.9/site-packages/sentence_transformers/SentenceTransformer.py:66 Load pretrained SentenceTransformer: bert-base-nli-mean-tokens
2023-06-20 19:18:54 [INFO] /Users/sumith/Documents/Projects/vercel/phenv/lib/python3.9/site-packages/sentence_transformers/SentenceTransformer.py:105 Use pytorch device: cpu
2023-06-20 19:18:56 [INFO] /Users/sumith/Documents/Projects/vercel/phenv/lib/python3.9/site-packages/django/utils/autoreload.py:266 /Users/sumith/Documents/Projects/vercel/ph-django-main/recommendations/views.py changed, reloading.
2023-06-20 19:18:57 [INFO] /Users/sumith/Documents/Projects/vercel/phenv/lib/python3.9/site-packages/django/utils/autoreload.py:668 Watching for file changes with StatReloader
2023-06-20 19:19:00 [INFO] /Users/sumith/Documents/Projects/vercel/phenv/lib/python3.9/site-packages/sentence_transformers/SentenceTransformer.py:66 Load pretrained SentenceTransformer: bert-base-nli-mean-tokens
2023-06-20 19:19:01 [INFO] /Users/sumith/Documents/Projects/vercel/phenv/lib/python3.9/site-packages/sentence_transformers/SentenceTransformer.py:105 Use pytorch device: cpu
2023-06-20 19:19:07 [INFO] /Users/sumith/Documents/Projects/vercel/phenv/lib/python3.9/site-packages/django/utils/autoreload.py:266 /Users/sumith/Documents/Projects/vercel/ph-django-main/recommendations/views.py changed, reloading.
2023-06-20 19:19:08 [INFO] /Users/sumith/Documents/Projects/vercel/phenv/lib/python3.9/site-packages/django/utils/autoreload.py:668 Watching for file changes with StatReloader
2023-06-20 19:19:11 [INFO] /Users/sumith/Documents/Projects/vercel/phenv/lib/python3.9/site-packages/sentence_transformers/SentenceTransformer.py:66 Load pretrained SentenceTransformer: bert-base-nli-mean-tokens
2023-06-20 19:19:12 [INFO] /Users/sumith/Documents/Projects/vercel/phenv/lib/python3.9/site-packages/sentence_transformers/SentenceTransformer.py:105 Use pytorch device: cpu
2023-06-20 19:19:14 [INFO] /Users/sumith/Documents/Projects/vercel/phenv/lib/python3.9/site-packages/django/utils/autoreload.py:266 /Users/sumith/Documents/Projects/vercel/ph-django-main/recommendations/views.py changed, reloading.
2023-06-20 19:19:15 [INFO] /Users/sumith/Documents/Projects/vercel/phenv/lib/python3.9/site-packages/django/utils/autoreload.py:668 Watching for file changes with StatReloader
2023-06-20 19:19:18 [INFO] /Users/sumith/Documents/Projects/vercel/phenv/lib/python3.9/site-packages/sentence_transformers/SentenceTransformer.py:66 Load pretrained SentenceTransformer: bert-base-nli-mean-tokens
2023-06-20 19:19:19 [INFO] /Users/sumith/Documents/Projects/vercel/phenv/lib/python3.9/site-packages/sentence_transformers/SentenceTransformer.py:105 Use pytorch device: cpu
2023-06-20 19:19:21 [INFO] /Users/sumith/Documents/Projects/vercel/phenv/lib/python3.9/site-packages/django/utils/autoreload.py:266 /Users/sumith/Documents/Projects/vercel/ph-django-main/recommendations/views.py changed, reloading.
2023-06-20 19:19:22 [INFO] /Users/sumith/Documents/Projects/vercel/phenv/lib/python3.9/site-packages/django/utils/autoreload.py:668 Watching for file changes with StatReloader
2023-06-20 19:19:25 [INFO] /Users/sumith/Documents/Projects/vercel/phenv/lib/python3.9/site-packages/sentence_transformers/SentenceTransformer.py:66 Load pretrained SentenceTransformer: bert-base-nli-mean-tokens
2023-06-20 19:19:26 [INFO] /Users/sumith/Documents/Projects/vercel/phenv/lib/python3.9/site-packages/sentence_transformers/SentenceTransformer.py:105 Use pytorch device: cpu
2023-06-20 19:20:12 [WARNING] /Users/sumith/Documents/Projects/vercel/phenv/lib/python3.9/site-packages/django/utils/log.py:241 Bad Request: /api/testparagraphs/
2023-06-20 19:24:05 [INFO] /Users/sumith/Documents/Projects/vercel/phenv/lib/python3.9/site-packages/django/utils/autoreload.py:266 /Users/sumith/Documents/Projects/vercel/ph-django-main/recommendations/views.py changed, reloading.
2023-06-20 19:24:07 [INFO] /Users/sumith/Documents/Projects/vercel/phenv/lib/python3.9/site-packages/django/utils/autoreload.py:668 Watching for file changes with StatReloader
2023-06-20 19:24:11 [INFO] /Users/sumith/Documents/Projects/vercel/phenv/lib/python3.9/site-packages/sentence_transformers/SentenceTransformer.py:66 Load pretrained SentenceTransformer: bert-base-nli-mean-tokens
2023-06-20 19:24:12 [INFO] /Users/sumith/Documents/Projects/vercel/phenv/lib/python3.9/site-packages/sentence_transformers/SentenceTransformer.py:105 Use pytorch device: cpu
2023-06-20 19:25:12 [WARNING] /Users/sumith/Documents/Projects/vercel/phenv/lib/python3.9/site-packages/django/utils/log.py:241 Bad Request: /api/testparagraphs/
2023-06-20 19:25:56 [WARNING] /Users/sumith/Documents/Projects/vercel/phenv/lib/python3.9/site-packages/django/utils/log.py:241 Bad Request: /api/testparagraphs/
2023-06-20 19:27:04 [WARNING] /Users/sumith/Documents/Projects/vercel/phenv/lib/python3.9/site-packages/django/utils/log.py:241 Bad Request: /api/testparagraphs/
2023-06-20 19:46:24 [WARNING] /Users/sumith/Documents/Projects/vercel/phenv/lib/python3.9/site-packages/django/utils/log.py:241 Bad Request: /api/testparagraphs/
2023-06-20 19:46:36 [WARNING] /Users/sumith/Documents/Projects/vercel/phenv/lib/python3.9/site-packages/django/utils/log.py:241 Bad Request: /api/testparagraphs/
2023-06-20 19:47:56 [INFO] /Users/sumith/Documents/Projects/vercel/phenv/lib/python3.9/site-packages/django/utils/autoreload.py:266 /Users/sumith/Documents/Projects/vercel/ph-django-main/recommendations/views.py changed, reloading.
2023-06-20 19:47:59 [INFO] /Users/sumith/Documents/Projects/vercel/phenv/lib/python3.9/site-packages/django/utils/autoreload.py:668 Watching for file changes with StatReloader
2023-06-20 19:48:03 [INFO] /Users/sumith/Documents/Projects/vercel/phenv/lib/python3.9/site-packages/sentence_transformers/SentenceTransformer.py:66 Load pretrained SentenceTransformer: bert-base-nli-mean-tokens
2023-06-20 19:48:05 [INFO] /Users/sumith/Documents/Projects/vercel/phenv/lib/python3.9/site-packages/sentence_transformers/SentenceTransformer.py:105 Use pytorch device: cpu
2023-06-20 19:48:47 [ERROR] /Users/sumith/Documents/Projects/vercel/phenv/lib/python3.9/site-packages/django/utils/log.py:241 Internal Server Error: /api/testparagraphs/
Traceback (most recent call last):
  File "/Users/sumith/Documents/Projects/vercel/phenv/lib/python3.9/site-packages/django/core/handlers/exception.py", line 55, in inner
    response = get_response(request)
  File "/Users/sumith/Documents/Projects/vercel/phenv/lib/python3.9/site-packages/django/core/handlers/base.py", line 197, in _get_response
    response = wrapped_callback(request, *callback_args, **callback_kwargs)
  File "/Users/sumith/Documents/Projects/vercel/phenv/lib/python3.9/site-packages/django/views/decorators/csrf.py", line 56, in wrapper_view
    return view_func(*args, **kwargs)
  File "/Users/sumith/Documents/Projects/vercel/phenv/lib/python3.9/site-packages/rest_framework/viewsets.py", line 125, in view
    return self.dispatch(request, *args, **kwargs)
  File "/Users/sumith/Documents/Projects/vercel/phenv/lib/python3.9/site-packages/rest_framework/views.py", line 509, in dispatch
    response = self.handle_exception(exc)
  File "/Users/sumith/Documents/Projects/vercel/phenv/lib/python3.9/site-packages/rest_framework/views.py", line 469, in handle_exception
    self.raise_uncaught_exception(exc)
  File "/Users/sumith/Documents/Projects/vercel/phenv/lib/python3.9/site-packages/rest_framework/views.py", line 480, in raise_uncaught_exception
    raise exc
  File "/Users/sumith/Documents/Projects/vercel/phenv/lib/python3.9/site-packages/rest_framework/views.py", line 506, in dispatch
    response = handler(request, *args, **kwargs)
  File "/Users/sumith/Documents/Projects/vercel/ph-django-main/recommendations/views.py", line 15, in create
    json_data = json.loads(request.data)
  File "/Users/sumith/opt/anaconda3/lib/python3.9/json/__init__.py", line 339, in loads
    raise TypeError(f'the JSON object must be str, bytes or bytearray, '
TypeError: the JSON object must be str, bytes or bytearray, not dict
2023-06-20 19:53:22 [INFO] /Users/sumith/Documents/Projects/vercel/phenv/lib/python3.9/site-packages/django/utils/autoreload.py:266 /Users/sumith/Documents/Projects/vercel/ph-django-main/recommendations/views.py changed, reloading.
2023-06-20 19:53:24 [INFO] /Users/sumith/Documents/Projects/vercel/phenv/lib/python3.9/site-packages/django/utils/autoreload.py:668 Watching for file changes with StatReloader
2023-06-20 19:53:27 [INFO] /Users/sumith/Documents/Projects/vercel/phenv/lib/python3.9/site-packages/sentence_transformers/SentenceTransformer.py:66 Load pretrained SentenceTransformer: bert-base-nli-mean-tokens
2023-06-20 19:53:29 [INFO] /Users/sumith/Documents/Projects/vercel/phenv/lib/python3.9/site-packages/sentence_transformers/SentenceTransformer.py:105 Use pytorch device: cpu
2023-06-20 19:54:22 [ERROR] /Users/sumith/Documents/Projects/vercel/phenv/lib/python3.9/site-packages/django/utils/log.py:241 Internal Server Error: /api/testparagraphs/
Traceback (most recent call last):
  File "/Users/sumith/Documents/Projects/vercel/phenv/lib/python3.9/site-packages/django/core/handlers/exception.py", line 55, in inner
    response = get_response(request)
  File "/Users/sumith/Documents/Projects/vercel/phenv/lib/python3.9/site-packages/django/core/handlers/base.py", line 197, in _get_response
    response = wrapped_callback(request, *callback_args, **callback_kwargs)
  File "/Users/sumith/Documents/Projects/vercel/phenv/lib/python3.9/site-packages/django/views/decorators/csrf.py", line 56, in wrapper_view
    return view_func(*args, **kwargs)
  File "/Users/sumith/Documents/Projects/vercel/phenv/lib/python3.9/site-packages/rest_framework/viewsets.py", line 125, in view
    return self.dispatch(request, *args, **kwargs)
  File "/Users/sumith/Documents/Projects/vercel/phenv/lib/python3.9/site-packages/rest_framework/views.py", line 509, in dispatch
    response = self.handle_exception(exc)
  File "/Users/sumith/Documents/Projects/vercel/phenv/lib/python3.9/site-packages/rest_framework/views.py", line 469, in handle_exception
    self.raise_uncaught_exception(exc)
  File "/Users/sumith/Documents/Projects/vercel/phenv/lib/python3.9/site-packages/rest_framework/views.py", line 480, in raise_uncaught_exception
    raise exc
  File "/Users/sumith/Documents/Projects/vercel/phenv/lib/python3.9/site-packages/rest_framework/views.py", line 506, in dispatch
    response = handler(request, *args, **kwargs)
  File "/Users/sumith/Documents/Projects/vercel/ph-django-main/recommendations/views.py", line 17, in create
    serializer = self.get_serializer(data=request.data)
NameError: name 'json_data' is not defined
2023-06-21 06:02:35 [INFO] /Users/sumith/Documents/Projects/vercel/phenv/lib/python3.9/site-packages/django/utils/autoreload.py:266 /Users/sumith/Documents/Projects/vercel/ph-django-main/recommendations/views.py changed, reloading.
2023-06-21 06:02:37 [INFO] /Users/sumith/Documents/Projects/vercel/phenv/lib/python3.9/site-packages/django/utils/autoreload.py:668 Watching for file changes with StatReloader
2023-06-21 06:02:41 [INFO] /Users/sumith/Documents/Projects/vercel/phenv/lib/python3.9/site-packages/sentence_transformers/SentenceTransformer.py:66 Load pretrained SentenceTransformer: bert-base-nli-mean-tokens
2023-06-21 06:02:43 [INFO] /Users/sumith/Documents/Projects/vercel/phenv/lib/python3.9/site-packages/sentence_transformers/SentenceTransformer.py:105 Use pytorch device: cpu
2023-06-21 06:03:31 [WARNING] /Users/sumith/Documents/Projects/vercel/phenv/lib/python3.9/site-packages/django/utils/log.py:241 Bad Request: /api/testparagraphs/
2023-06-21 06:03:45 [INFO] /Users/sumith/Documents/Projects/vercel/phenv/lib/python3.9/site-packages/django/utils/autoreload.py:266 /Users/sumith/Documents/Projects/vercel/ph-django-main/recommendations/views.py changed, reloading.
2023-06-21 06:03:47 [INFO] /Users/sumith/Documents/Projects/vercel/phenv/lib/python3.9/site-packages/django/utils/autoreload.py:668 Watching for file changes with StatReloader
2023-06-21 06:03:50 [INFO] /Users/sumith/Documents/Projects/vercel/phenv/lib/python3.9/site-packages/sentence_transformers/SentenceTransformer.py:66 Load pretrained SentenceTransformer: bert-base-nli-mean-tokens
2023-06-21 06:03:52 [INFO] /Users/sumith/Documents/Projects/vercel/phenv/lib/python3.9/site-packages/sentence_transformers/SentenceTransformer.py:105 Use pytorch device: cpu
2023-06-21 06:11:59 [INFO] /Users/sumith/Documents/Projects/vercel/phenv/lib/python3.9/site-packages/django/utils/autoreload.py:266 /Users/sumith/Documents/Projects/vercel/ph-django-main/recommendations/views.py changed, reloading.
2023-06-21 06:12:02 [INFO] /Users/sumith/Documents/Projects/vercel/phenv/lib/python3.9/site-packages/django/utils/autoreload.py:668 Watching for file changes with StatReloader
2023-06-21 06:12:05 [INFO] /Users/sumith/Documents/Projects/vercel/phenv/lib/python3.9/site-packages/sentence_transformers/SentenceTransformer.py:66 Load pretrained SentenceTransformer: bert-base-nli-mean-tokens
2023-06-21 06:12:07 [INFO] /Users/sumith/Documents/Projects/vercel/phenv/lib/python3.9/site-packages/sentence_transformers/SentenceTransformer.py:105 Use pytorch device: cpu
2023-06-21 06:13:06 [WARNING] /Users/sumith/Documents/Projects/vercel/phenv/lib/python3.9/site-packages/django/utils/log.py:241 Bad Request: /api/testparagraphs/
2023-06-21 06:16:12 [INFO] /Users/sumith/Documents/Projects/vercel/phenv/lib/python3.9/site-packages/django/utils/autoreload.py:266 /Users/sumith/Documents/Projects/vercel/ph-django-main/recommendations/views.py changed, reloading.
2023-06-21 06:16:14 [INFO] /Users/sumith/Documents/Projects/vercel/phenv/lib/python3.9/site-packages/django/utils/autoreload.py:668 Watching for file changes with StatReloader
2023-06-21 06:16:18 [INFO] /Users/sumith/Documents/Projects/vercel/phenv/lib/python3.9/site-packages/sentence_transformers/SentenceTransformer.py:66 Load pretrained SentenceTransformer: bert-base-nli-mean-tokens
2023-06-21 06:16:19 [INFO] /Users/sumith/Documents/Projects/vercel/phenv/lib/python3.9/site-packages/sentence_transformers/SentenceTransformer.py:105 Use pytorch device: cpu
2023-06-21 06:16:21 [INFO] /Users/sumith/Documents/Projects/vercel/phenv/lib/python3.9/site-packages/django/utils/autoreload.py:266 /Users/sumith/Documents/Projects/vercel/ph-django-main/recommendations/views.py changed, reloading.
2023-06-21 06:16:22 [INFO] /Users/sumith/Documents/Projects/vercel/phenv/lib/python3.9/site-packages/django/utils/autoreload.py:668 Watching for file changes with StatReloader
2023-06-21 06:16:25 [INFO] /Users/sumith/Documents/Projects/vercel/phenv/lib/python3.9/site-packages/sentence_transformers/SentenceTransformer.py:66 Load pretrained SentenceTransformer: bert-base-nli-mean-tokens
2023-06-21 06:16:27 [INFO] /Users/sumith/Documents/Projects/vercel/phenv/lib/python3.9/site-packages/sentence_transformers/SentenceTransformer.py:105 Use pytorch device: cpu
2023-06-21 06:17:28 [ERROR] /Users/sumith/Documents/Projects/vercel/phenv/lib/python3.9/site-packages/django/utils/log.py:241 Internal Server Error: /api/testparagraphs/
Traceback (most recent call last):
  File "/Users/sumith/Documents/Projects/vercel/phenv/lib/python3.9/site-packages/django/db/models/fields/__init__.py", line 2055, in get_prep_value
    return int(value)
ValueError: invalid literal for int() with base 10: '7c6a4774-e244-4098-8416-438c63ceac6d'

The above exception was the direct cause of the following exception:

Traceback (most recent call last):
  File "/Users/sumith/Documents/Projects/vercel/phenv/lib/python3.9/site-packages/django/core/handlers/exception.py", line 55, in inner
    response = get_response(request)
  File "/Users/sumith/Documents/Projects/vercel/phenv/lib/python3.9/site-packages/django/core/handlers/base.py", line 197, in _get_response
    response = wrapped_callback(request, *callback_args, **callback_kwargs)
  File "/Users/sumith/Documents/Projects/vercel/phenv/lib/python3.9/site-packages/django/views/decorators/csrf.py", line 56, in wrapper_view
    return view_func(*args, **kwargs)
  File "/Users/sumith/Documents/Projects/vercel/phenv/lib/python3.9/site-packages/rest_framework/viewsets.py", line 125, in view
    return self.dispatch(request, *args, **kwargs)
  File "/Users/sumith/Documents/Projects/vercel/phenv/lib/python3.9/site-packages/rest_framework/views.py", line 509, in dispatch
    response = self.handle_exception(exc)
  File "/Users/sumith/Documents/Projects/vercel/phenv/lib/python3.9/site-packages/rest_framework/views.py", line 469, in handle_exception
    self.raise_uncaught_exception(exc)
  File "/Users/sumith/Documents/Projects/vercel/phenv/lib/python3.9/site-packages/rest_framework/views.py", line 480, in raise_uncaught_exception
    raise exc
  File "/Users/sumith/Documents/Projects/vercel/phenv/lib/python3.9/site-packages/rest_framework/views.py", line 506, in dispatch
    response = handler(request, *args, **kwargs)
  File "/Users/sumith/Documents/Projects/vercel/ph-django-main/recommendations/views.py", line 44, in create
    test_record = TestRecord.objects.get(pk=test_record_pk)
  File "/Users/sumith/Documents/Projects/vercel/phenv/lib/python3.9/site-packages/django/db/models/manager.py", line 87, in manager_method
    return getattr(self.get_queryset(), name)(*args, **kwargs)
  File "/Users/sumith/Documents/Projects/vercel/phenv/lib/python3.9/site-packages/django/db/models/query.py", line 623, in get
    clone = self._chain() if self.query.combinator else self.filter(*args, **kwargs)
  File "/Users/sumith/Documents/Projects/vercel/phenv/lib/python3.9/site-packages/django/db/models/query.py", line 1436, in filter
    return self._filter_or_exclude(False, args, kwargs)
  File "/Users/sumith/Documents/Projects/vercel/phenv/lib/python3.9/site-packages/django/db/models/query.py", line 1454, in _filter_or_exclude
    clone._filter_or_exclude_inplace(negate, args, kwargs)
  File "/Users/sumith/Documents/Projects/vercel/phenv/lib/python3.9/site-packages/django/db/models/query.py", line 1461, in _filter_or_exclude_inplace
    self._query.add_q(Q(*args, **kwargs))
  File "/Users/sumith/Documents/Projects/vercel/phenv/lib/python3.9/site-packages/django/db/models/sql/query.py", line 1502, in add_q
    clause, _ = self._add_q(q_object, self.used_aliases)
  File "/Users/sumith/Documents/Projects/vercel/phenv/lib/python3.9/site-packages/django/db/models/sql/query.py", line 1533, in _add_q
    child_clause, needed_inner = self.build_filter(
  File "/Users/sumith/Documents/Projects/vercel/phenv/lib/python3.9/site-packages/django/db/models/sql/query.py", line 1448, in build_filter
    condition = self.build_lookup(lookups, col, value)
  File "/Users/sumith/Documents/Projects/vercel/phenv/lib/python3.9/site-packages/django/db/models/sql/query.py", line 1275, in build_lookup
    lookup = lookup_class(lhs, rhs)
  File "/Users/sumith/Documents/Projects/vercel/phenv/lib/python3.9/site-packages/django/db/models/lookups.py", line 27, in __init__
    self.rhs = self.get_prep_lookup()
  File "/Users/sumith/Documents/Projects/vercel/phenv/lib/python3.9/site-packages/django/db/models/lookups.py", line 341, in get_prep_lookup
    return super().get_prep_lookup()
  File "/Users/sumith/Documents/Projects/vercel/phenv/lib/python3.9/site-packages/django/db/models/lookups.py", line 85, in get_prep_lookup
    return self.lhs.output_field.get_prep_value(self.rhs)
  File "/Users/sumith/Documents/Projects/vercel/phenv/lib/python3.9/site-packages/django/db/models/fields/__init__.py", line 2057, in get_prep_value
    raise e.__class__(
ValueError: Field 'id' expected a number but got '7c6a4774-e244-4098-8416-438c63ceac6d'.
2023-06-21 06:18:05 [INFO] /Users/sumith/Documents/Projects/vercel/phenv/lib/python3.9/site-packages/django/utils/autoreload.py:266 /Users/sumith/Documents/Projects/vercel/ph-django-main/recommendations/views.py changed, reloading.
2023-06-21 06:18:06 [INFO] /Users/sumith/Documents/Projects/vercel/phenv/lib/python3.9/site-packages/django/utils/autoreload.py:668 Watching for file changes with StatReloader
2023-06-21 06:18:10 [INFO] /Users/sumith/Documents/Projects/vercel/phenv/lib/python3.9/site-packages/django/utils/autoreload.py:266 /Users/sumith/Documents/Projects/vercel/ph-django-main/recommendations/views.py changed, reloading.
2023-06-21 06:18:11 [INFO] /Users/sumith/Documents/Projects/vercel/phenv/lib/python3.9/site-packages/django/utils/autoreload.py:668 Watching for file changes with StatReloader
2023-06-21 06:18:14 [INFO] /Users/sumith/Documents/Projects/vercel/phenv/lib/python3.9/site-packages/sentence_transformers/SentenceTransformer.py:66 Load pretrained SentenceTransformer: bert-base-nli-mean-tokens
2023-06-21 06:18:16 [INFO] /Users/sumith/Documents/Projects/vercel/phenv/lib/python3.9/site-packages/sentence_transformers/SentenceTransformer.py:105 Use pytorch device: cpu
2023-06-21 06:19:26 [INFO] /Users/sumith/Documents/Projects/vercel/phenv/lib/python3.9/site-packages/django/utils/autoreload.py:266 /Users/sumith/Documents/Projects/vercel/ph-django-main/recommendations/views.py changed, reloading.
2023-06-21 06:19:27 [INFO] /Users/sumith/Documents/Projects/vercel/phenv/lib/python3.9/site-packages/django/utils/autoreload.py:668 Watching for file changes with StatReloader
2023-06-21 06:19:30 [INFO] /Users/sumith/Documents/Projects/vercel/phenv/lib/python3.9/site-packages/sentence_transformers/SentenceTransformer.py:66 Load pretrained SentenceTransformer: bert-base-nli-mean-tokens
2023-06-21 06:19:32 [INFO] /Users/sumith/Documents/Projects/vercel/phenv/lib/python3.9/site-packages/sentence_transformers/SentenceTransformer.py:105 Use pytorch device: cpu
2023-06-21 06:19:48 [INFO] /Users/sumith/Documents/Projects/vercel/phenv/lib/python3.9/site-packages/django/utils/autoreload.py:266 /Users/sumith/Documents/Projects/vercel/ph-django-main/recommendations/models.py changed, reloading.
2023-06-21 06:19:50 [INFO] /Users/sumith/Documents/Projects/vercel/phenv/lib/python3.9/site-packages/django/utils/autoreload.py:668 Watching for file changes with StatReloader
2023-06-21 06:19:52 [INFO] /Users/sumith/Documents/Projects/vercel/phenv/lib/python3.9/site-packages/sentence_transformers/SentenceTransformer.py:66 Load pretrained SentenceTransformer: bert-base-nli-mean-tokens
2023-06-21 06:19:54 [INFO] /Users/sumith/Documents/Projects/vercel/phenv/lib/python3.9/site-packages/sentence_transformers/SentenceTransformer.py:105 Use pytorch device: cpu
2023-06-21 06:29:13 [INFO] /Users/sumith/Documents/Projects/vercel/phenv/lib/python3.9/site-packages/django/utils/autoreload.py:266 /Users/sumith/Documents/Projects/vercel/ph-django-main/recommendations/models.py changed, reloading.
2023-06-21 06:29:15 [INFO] /Users/sumith/Documents/Projects/vercel/phenv/lib/python3.9/site-packages/django/utils/autoreload.py:668 Watching for file changes with StatReloader
2023-06-21 06:29:18 [INFO] /Users/sumith/Documents/Projects/vercel/phenv/lib/python3.9/site-packages/sentence_transformers/SentenceTransformer.py:66 Load pretrained SentenceTransformer: bert-base-nli-mean-tokens
2023-06-21 06:29:20 [INFO] /Users/sumith/Documents/Projects/vercel/phenv/lib/python3.9/site-packages/sentence_transformers/SentenceTransformer.py:105 Use pytorch device: cpu
2023-06-21 06:29:31 [INFO] /Users/sumith/Documents/Projects/vercel/phenv/lib/python3.9/site-packages/django/utils/autoreload.py:266 /Users/sumith/Documents/Projects/vercel/ph-django-main/recommendations/models.py changed, reloading.
2023-06-21 06:29:32 [INFO] /Users/sumith/Documents/Projects/vercel/phenv/lib/python3.9/site-packages/django/utils/autoreload.py:668 Watching for file changes with StatReloader
2023-06-21 06:29:36 [INFO] /Users/sumith/Documents/Projects/vercel/phenv/lib/python3.9/site-packages/sentence_transformers/SentenceTransformer.py:66 Load pretrained SentenceTransformer: bert-base-nli-mean-tokens
2023-06-21 06:29:37 [INFO] /Users/sumith/Documents/Projects/vercel/phenv/lib/python3.9/site-packages/sentence_transformers/SentenceTransformer.py:105 Use pytorch device: cpu
2023-06-21 06:29:44 [INFO] /Users/sumith/Documents/Projects/vercel/phenv/lib/python3.9/site-packages/sentence_transformers/SentenceTransformer.py:66 Load pretrained SentenceTransformer: bert-base-nli-mean-tokens
2023-06-21 06:29:46 [INFO] /Users/sumith/Documents/Projects/vercel/phenv/lib/python3.9/site-packages/sentence_transformers/SentenceTransformer.py:105 Use pytorch device: cpu
2023-06-21 06:29:55 [INFO] /Users/sumith/Documents/Projects/vercel/phenv/lib/python3.9/site-packages/sentence_transformers/SentenceTransformer.py:66 Load pretrained SentenceTransformer: bert-base-nli-mean-tokens
2023-06-21 06:29:57 [INFO] /Users/sumith/Documents/Projects/vercel/phenv/lib/python3.9/site-packages/sentence_transformers/SentenceTransformer.py:105 Use pytorch device: cpu
2023-06-21 06:30:21 [INFO] /Users/sumith/Documents/Projects/vercel/phenv/lib/python3.9/site-packages/django/utils/autoreload.py:668 Watching for file changes with StatReloader
2023-06-21 06:30:24 [INFO] /Users/sumith/Documents/Projects/vercel/phenv/lib/python3.9/site-packages/sentence_transformers/SentenceTransformer.py:66 Load pretrained SentenceTransformer: bert-base-nli-mean-tokens
2023-06-21 06:30:26 [INFO] /Users/sumith/Documents/Projects/vercel/phenv/lib/python3.9/site-packages/sentence_transformers/SentenceTransformer.py:105 Use pytorch device: cpu
2023-06-21 07:24:00 [INFO] /Users/sumith/Documents/Projects/vercel/phenv/lib/python3.9/site-packages/django/utils/autoreload.py:668 Watching for file changes with StatReloader
2023-06-21 07:24:13 [INFO] /Users/sumith/Documents/Projects/vercel/phenv/lib/python3.9/site-packages/numexpr/utils.py:160 NumExpr defaulting to 8 threads.
2023-06-21 07:24:20 [INFO] /Users/sumith/Documents/Projects/vercel/phenv/lib/python3.9/site-packages/sentence_transformers/SentenceTransformer.py:66 Load pretrained SentenceTransformer: bert-base-nli-mean-tokens
2023-06-21 07:24:21 [INFO] /Users/sumith/Documents/Projects/vercel/phenv/lib/python3.9/site-packages/sentence_transformers/SentenceTransformer.py:105 Use pytorch device: cpu
2023-06-21 07:26:05 [INFO] /Users/sumith/Documents/Projects/vercel/phenv/lib/python3.9/site-packages/django/utils/autoreload.py:266 /Users/sumith/Documents/Projects/vercel/ph-django-main/recommendations/views.py changed, reloading.
2023-06-21 07:26:07 [INFO] /Users/sumith/Documents/Projects/vercel/phenv/lib/python3.9/site-packages/django/utils/autoreload.py:668 Watching for file changes with StatReloader
2023-06-21 07:26:08 [INFO] /Users/sumith/Documents/Projects/vercel/phenv/lib/python3.9/site-packages/numexpr/utils.py:160 NumExpr defaulting to 8 threads.
2023-06-21 07:26:13 [INFO] /Users/sumith/Documents/Projects/vercel/phenv/lib/python3.9/site-packages/sentence_transformers/SentenceTransformer.py:66 Load pretrained SentenceTransformer: bert-base-nli-mean-tokens
2023-06-21 07:26:14 [INFO] /Users/sumith/Documents/Projects/vercel/phenv/lib/python3.9/site-packages/sentence_transformers/SentenceTransformer.py:105 Use pytorch device: cpu
2023-06-21 07:27:02 [ERROR] /Users/sumith/Documents/Projects/vercel/phenv/lib/python3.9/site-packages/django/utils/log.py:241 Internal Server Error: /api/testparagraphs/
Traceback (most recent call last):
  File "/Users/sumith/Documents/Projects/vercel/phenv/lib/python3.9/site-packages/langchain/llms/openai.py", line 243, in validate_environment
    import openai
ModuleNotFoundError: No module named 'openai'

During handling of the above exception, another exception occurred:

Traceback (most recent call last):
  File "/Users/sumith/Documents/Projects/vercel/phenv/lib/python3.9/site-packages/django/core/handlers/exception.py", line 55, in inner
    response = get_response(request)
  File "/Users/sumith/Documents/Projects/vercel/phenv/lib/python3.9/site-packages/django/core/handlers/base.py", line 197, in _get_response
    response = wrapped_callback(request, *callback_args, **callback_kwargs)
  File "/Users/sumith/Documents/Projects/vercel/phenv/lib/python3.9/site-packages/django/views/decorators/csrf.py", line 56, in wrapper_view
    return view_func(*args, **kwargs)
  File "/Users/sumith/Documents/Projects/vercel/phenv/lib/python3.9/site-packages/rest_framework/viewsets.py", line 125, in view
    return self.dispatch(request, *args, **kwargs)
  File "/Users/sumith/Documents/Projects/vercel/phenv/lib/python3.9/site-packages/rest_framework/views.py", line 509, in dispatch
    response = self.handle_exception(exc)
  File "/Users/sumith/Documents/Projects/vercel/phenv/lib/python3.9/site-packages/rest_framework/views.py", line 469, in handle_exception
    self.raise_uncaught_exception(exc)
  File "/Users/sumith/Documents/Projects/vercel/phenv/lib/python3.9/site-packages/rest_framework/views.py", line 480, in raise_uncaught_exception
    raise exc
  File "/Users/sumith/Documents/Projects/vercel/phenv/lib/python3.9/site-packages/rest_framework/views.py", line 506, in dispatch
    response = handler(request, *args, **kwargs)
  File "/Users/sumith/Documents/Projects/vercel/ph-django-main/recommendations/views.py", line 39, in create
    llm = OpenAI(openai_api_key=api_key, temperature=0.75)
  File "/Users/sumith/Documents/Projects/vercel/phenv/lib/python3.9/site-packages/langchain/load/serializable.py", line 64, in __init__
    super().__init__(**kwargs)
  File "pydantic/main.py", line 339, in pydantic.main.BaseModel.__init__
  File "pydantic/main.py", line 1102, in pydantic.main.validate_model
  File "/Users/sumith/Documents/Projects/vercel/phenv/lib/python3.9/site-packages/langchain/llms/openai.py", line 247, in validate_environment
    raise ImportError(
ImportError: Could not import openai python package. Please install it with `pip install openai`.
2023-06-21 07:27:23 [INFO] /Users/sumith/Documents/Projects/vercel/phenv/lib/python3.9/site-packages/django/utils/autoreload.py:668 Watching for file changes with StatReloader
2023-06-21 07:27:24 [INFO] /Users/sumith/Documents/Projects/vercel/phenv/lib/python3.9/site-packages/numexpr/utils.py:160 NumExpr defaulting to 8 threads.
2023-06-21 07:27:28 [INFO] /Users/sumith/Documents/Projects/vercel/phenv/lib/python3.9/site-packages/sentence_transformers/SentenceTransformer.py:66 Load pretrained SentenceTransformer: bert-base-nli-mean-tokens
2023-06-21 07:27:30 [INFO] /Users/sumith/Documents/Projects/vercel/phenv/lib/python3.9/site-packages/sentence_transformers/SentenceTransformer.py:105 Use pytorch device: cpu
2023-06-21 07:28:22 [WARNING] /Users/sumith/Documents/Projects/vercel/phenv/lib/python3.9/site-packages/django/utils/log.py:241 Bad Request: /api/testparagraphs/
2023-06-21 07:30:13 [INFO] /Users/sumith/Documents/Projects/vercel/phenv/lib/python3.9/site-packages/django/utils/autoreload.py:266 /Users/sumith/Documents/Projects/vercel/ph-django-main/recommendations/views.py changed, reloading.
2023-06-21 07:30:15 [INFO] /Users/sumith/Documents/Projects/vercel/phenv/lib/python3.9/site-packages/django/utils/autoreload.py:668 Watching for file changes with StatReloader
2023-06-21 07:30:16 [INFO] /Users/sumith/Documents/Projects/vercel/phenv/lib/python3.9/site-packages/numexpr/utils.py:160 NumExpr defaulting to 8 threads.
2023-06-21 07:30:20 [INFO] /Users/sumith/Documents/Projects/vercel/phenv/lib/python3.9/site-packages/sentence_transformers/SentenceTransformer.py:66 Load pretrained SentenceTransformer: bert-base-nli-mean-tokens
2023-06-21 07:30:21 [INFO] /Users/sumith/Documents/Projects/vercel/phenv/lib/python3.9/site-packages/sentence_transformers/SentenceTransformer.py:105 Use pytorch device: cpu
2023-06-21 07:31:07 [WARNING] /Users/sumith/Documents/Projects/vercel/phenv/lib/python3.9/site-packages/django/utils/log.py:241 Bad Request: /api/testparagraphs/
2023-06-21 07:31:53 [INFO] /Users/sumith/Documents/Projects/vercel/phenv/lib/python3.9/site-packages/django/utils/autoreload.py:266 /Users/sumith/Documents/Projects/vercel/ph-django-main/recommendations/views.py changed, reloading.
2023-06-21 07:31:56 [INFO] /Users/sumith/Documents/Projects/vercel/phenv/lib/python3.9/site-packages/django/utils/autoreload.py:668 Watching for file changes with StatReloader
2023-06-21 07:31:57 [INFO] /Users/sumith/Documents/Projects/vercel/phenv/lib/python3.9/site-packages/numexpr/utils.py:160 NumExpr defaulting to 8 threads.
2023-06-21 07:32:00 [INFO] /Users/sumith/Documents/Projects/vercel/phenv/lib/python3.9/site-packages/sentence_transformers/SentenceTransformer.py:66 Load pretrained SentenceTransformer: bert-base-nli-mean-tokens
2023-06-21 07:32:02 [INFO] /Users/sumith/Documents/Projects/vercel/phenv/lib/python3.9/site-packages/sentence_transformers/SentenceTransformer.py:105 Use pytorch device: cpu
2023-06-21 07:32:03 [INFO] /Users/sumith/Documents/Projects/vercel/phenv/lib/python3.9/site-packages/django/utils/autoreload.py:266 /Users/sumith/Documents/Projects/vercel/ph-django-main/recommendations/views.py changed, reloading.
2023-06-21 07:32:05 [INFO] /Users/sumith/Documents/Projects/vercel/phenv/lib/python3.9/site-packages/django/utils/autoreload.py:668 Watching for file changes with StatReloader
2023-06-21 07:32:05 [INFO] /Users/sumith/Documents/Projects/vercel/phenv/lib/python3.9/site-packages/numexpr/utils.py:160 NumExpr defaulting to 8 threads.
2023-06-21 07:32:09 [INFO] /Users/sumith/Documents/Projects/vercel/phenv/lib/python3.9/site-packages/sentence_transformers/SentenceTransformer.py:66 Load pretrained SentenceTransformer: bert-base-nli-mean-tokens
2023-06-21 07:32:10 [INFO] /Users/sumith/Documents/Projects/vercel/phenv/lib/python3.9/site-packages/sentence_transformers/SentenceTransformer.py:105 Use pytorch device: cpu
2023-06-21 07:33:09 [WARNING] /Users/sumith/Documents/Projects/vercel/phenv/lib/python3.9/site-packages/django/utils/log.py:241 Bad Request: /api/testparagraphs/
2023-06-21 07:35:05 [INFO] /Users/sumith/Documents/Projects/vercel/phenv/lib/python3.9/site-packages/django/utils/autoreload.py:266 /Users/sumith/Documents/Projects/vercel/ph-django-main/recommendations/views.py changed, reloading.
2023-06-21 07:35:07 [INFO] /Users/sumith/Documents/Projects/vercel/phenv/lib/python3.9/site-packages/django/utils/autoreload.py:668 Watching for file changes with StatReloader
2023-06-21 07:35:08 [INFO] /Users/sumith/Documents/Projects/vercel/phenv/lib/python3.9/site-packages/numexpr/utils.py:160 NumExpr defaulting to 8 threads.
2023-06-21 07:35:11 [INFO] /Users/sumith/Documents/Projects/vercel/phenv/lib/python3.9/site-packages/sentence_transformers/SentenceTransformer.py:66 Load pretrained SentenceTransformer: bert-base-nli-mean-tokens
2023-06-21 07:35:13 [INFO] /Users/sumith/Documents/Projects/vercel/phenv/lib/python3.9/site-packages/sentence_transformers/SentenceTransformer.py:105 Use pytorch device: cpu
2023-06-21 07:36:30 [ERROR] /Users/sumith/Documents/Projects/vercel/phenv/lib/python3.9/site-packages/django/utils/log.py:241 Internal Server Error: /api/testparagraphs/
Traceback (most recent call last):
  File "/Users/sumith/Documents/Projects/vercel/phenv/lib/python3.9/site-packages/rest_framework/views.py", line 506, in dispatch
    response = handler(request, *args, **kwargs)
  File "/Users/sumith/Documents/Projects/vercel/ph-django-main/recommendations/views.py", line 47, in create
    TestParagraph.objects.create(test_record=test_record, paragraph=paragraph, response=response)
  File "/Users/sumith/Documents/Projects/vercel/phenv/lib/python3.9/site-packages/django/db/models/manager.py", line 87, in manager_method
    return getattr(self.get_queryset(), name)(*args, **kwargs)
  File "/Users/sumith/Documents/Projects/vercel/phenv/lib/python3.9/site-packages/django/db/models/query.py", line 656, in create
    obj = self.model(**kwargs)
  File "/Users/sumith/Documents/Projects/vercel/phenv/lib/python3.9/site-packages/django/db/models/base.py", line 567, in __init__
    raise TypeError(
TypeError: TestParagraph() got unexpected keyword arguments: 'paragraph', 'response'

During handling of the above exception, another exception occurred:

Traceback (most recent call last):
  File "/Users/sumith/Documents/Projects/vercel/phenv/lib/python3.9/site-packages/django/core/handlers/exception.py", line 55, in inner
    response = get_response(request)
  File "/Users/sumith/Documents/Projects/vercel/phenv/lib/python3.9/site-packages/django/core/handlers/base.py", line 197, in _get_response
    response = wrapped_callback(request, *callback_args, **callback_kwargs)
  File "/Users/sumith/Documents/Projects/vercel/phenv/lib/python3.9/site-packages/django/views/decorators/csrf.py", line 56, in wrapper_view
    return view_func(*args, **kwargs)
  File "/Users/sumith/Documents/Projects/vercel/phenv/lib/python3.9/site-packages/rest_framework/viewsets.py", line 125, in view
    return self.dispatch(request, *args, **kwargs)
  File "/Users/sumith/Documents/Projects/vercel/phenv/lib/python3.9/site-packages/rest_framework/views.py", line 509, in dispatch
    response = self.handle_exception(exc)
  File "/Users/sumith/Documents/Projects/vercel/ph-django-main/recommendations/views.py", line 58, in handle_exception
    if isinstance(exc, serializers.ValidationError):
NameError: name 'serializers' is not defined
2023-06-21 07:37:22 [INFO] /Users/sumith/Documents/Projects/vercel/phenv/lib/python3.9/site-packages/django/utils/autoreload.py:266 /Users/sumith/Documents/Projects/vercel/ph-django-main/recommendations/views.py changed, reloading.
2023-06-21 07:37:24 [INFO] /Users/sumith/Documents/Projects/vercel/phenv/lib/python3.9/site-packages/django/utils/autoreload.py:668 Watching for file changes with StatReloader
2023-06-21 07:37:26 [INFO] /Users/sumith/Documents/Projects/vercel/phenv/lib/python3.9/site-packages/numexpr/utils.py:160 NumExpr defaulting to 8 threads.
2023-06-21 07:37:29 [INFO] /Users/sumith/Documents/Projects/vercel/phenv/lib/python3.9/site-packages/sentence_transformers/SentenceTransformer.py:66 Load pretrained SentenceTransformer: bert-base-nli-mean-tokens
2023-06-21 07:37:31 [INFO] /Users/sumith/Documents/Projects/vercel/phenv/lib/python3.9/site-packages/sentence_transformers/SentenceTransformer.py:105 Use pytorch device: cpu
2023-06-21 07:38:17 [ERROR] /Users/sumith/Documents/Projects/vercel/phenv/lib/python3.9/site-packages/django/utils/log.py:241 Internal Server Error: /api/testparagraphs/
Traceback (most recent call last):
  File "/Users/sumith/Documents/Projects/vercel/phenv/lib/python3.9/site-packages/django/core/handlers/exception.py", line 55, in inner
    response = get_response(request)
  File "/Users/sumith/Documents/Projects/vercel/phenv/lib/python3.9/site-packages/django/core/handlers/base.py", line 197, in _get_response
    response = wrapped_callback(request, *callback_args, **callback_kwargs)
  File "/Users/sumith/Documents/Projects/vercel/phenv/lib/python3.9/site-packages/django/views/decorators/csrf.py", line 56, in wrapper_view
    return view_func(*args, **kwargs)
  File "/Users/sumith/Documents/Projects/vercel/phenv/lib/python3.9/site-packages/rest_framework/viewsets.py", line 125, in view
    return self.dispatch(request, *args, **kwargs)
  File "/Users/sumith/Documents/Projects/vercel/phenv/lib/python3.9/site-packages/rest_framework/views.py", line 509, in dispatch
    response = self.handle_exception(exc)
  File "/Users/sumith/Documents/Projects/vercel/ph-django-main/recommendations/views.py", line 61, in handle_exception
    return super().handle_exception(exc)
  File "/Users/sumith/Documents/Projects/vercel/phenv/lib/python3.9/site-packages/rest_framework/views.py", line 469, in handle_exception
    self.raise_uncaught_exception(exc)
  File "/Users/sumith/Documents/Projects/vercel/phenv/lib/python3.9/site-packages/rest_framework/views.py", line 480, in raise_uncaught_exception
    raise exc
  File "/Users/sumith/Documents/Projects/vercel/phenv/lib/python3.9/site-packages/rest_framework/views.py", line 506, in dispatch
    response = handler(request, *args, **kwargs)
  File "/Users/sumith/Documents/Projects/vercel/ph-django-main/recommendations/views.py", line 47, in create
    TestParagraph.objects.create(test_record=test_record, paragraph=paragraph, response=response)
  File "/Users/sumith/Documents/Projects/vercel/phenv/lib/python3.9/site-packages/django/db/models/manager.py", line 87, in manager_method
    return getattr(self.get_queryset(), name)(*args, **kwargs)
  File "/Users/sumith/Documents/Projects/vercel/phenv/lib/python3.9/site-packages/django/db/models/query.py", line 656, in create
    obj = self.model(**kwargs)
  File "/Users/sumith/Documents/Projects/vercel/phenv/lib/python3.9/site-packages/django/db/models/base.py", line 567, in __init__
    raise TypeError(
TypeError: TestParagraph() got unexpected keyword arguments: 'paragraph', 'response'
2023-06-21 07:43:33 [INFO] /Users/sumith/Documents/Projects/vercel/phenv/lib/python3.9/site-packages/django/utils/autoreload.py:266 /Users/sumith/Documents/Projects/vercel/ph-django-main/recommendations/views.py changed, reloading.
2023-06-21 07:43:35 [INFO] /Users/sumith/Documents/Projects/vercel/phenv/lib/python3.9/site-packages/django/utils/autoreload.py:668 Watching for file changes with StatReloader
2023-06-21 07:43:42 [INFO] /Users/sumith/Documents/Projects/vercel/phenv/lib/python3.9/site-packages/django/utils/autoreload.py:266 /Users/sumith/Documents/Projects/vercel/ph-django-main/recommendations/views.py changed, reloading.
2023-06-21 07:43:43 [INFO] /Users/sumith/Documents/Projects/vercel/phenv/lib/python3.9/site-packages/django/utils/autoreload.py:668 Watching for file changes with StatReloader
2023-06-21 07:43:44 [INFO] /Users/sumith/Documents/Projects/vercel/phenv/lib/python3.9/site-packages/numexpr/utils.py:160 NumExpr defaulting to 8 threads.
2023-06-21 07:43:51 [INFO] /Users/sumith/Documents/Projects/vercel/phenv/lib/python3.9/site-packages/sentence_transformers/SentenceTransformer.py:66 Load pretrained SentenceTransformer: bert-base-nli-mean-tokens
2023-06-21 07:43:53 [INFO] /Users/sumith/Documents/Projects/vercel/phenv/lib/python3.9/site-packages/sentence_transformers/SentenceTransformer.py:105 Use pytorch device: cpu
2023-06-21 07:44:08 [INFO] /Users/sumith/Documents/Projects/vercel/phenv/lib/python3.9/site-packages/django/utils/autoreload.py:266 /Users/sumith/Documents/Projects/vercel/ph-django-main/recommendations/views.py changed, reloading.
2023-06-21 07:44:10 [INFO] /Users/sumith/Documents/Projects/vercel/phenv/lib/python3.9/site-packages/django/utils/autoreload.py:668 Watching for file changes with StatReloader
2023-06-21 07:44:10 [INFO] /Users/sumith/Documents/Projects/vercel/phenv/lib/python3.9/site-packages/numexpr/utils.py:160 NumExpr defaulting to 8 threads.
2023-06-21 07:44:13 [INFO] /Users/sumith/Documents/Projects/vercel/phenv/lib/python3.9/site-packages/sentence_transformers/SentenceTransformer.py:66 Load pretrained SentenceTransformer: bert-base-nli-mean-tokens
2023-06-21 07:44:15 [INFO] /Users/sumith/Documents/Projects/vercel/phenv/lib/python3.9/site-packages/sentence_transformers/SentenceTransformer.py:105 Use pytorch device: cpu
2023-06-21 07:52:18 [INFO] /Users/sumith/Documents/Projects/vercel/phenv/lib/python3.9/site-packages/django/utils/autoreload.py:266 /Users/sumith/Documents/Projects/vercel/ph-django-main/recommendations/views.py changed, reloading.
2023-06-21 07:52:21 [INFO] /Users/sumith/Documents/Projects/vercel/phenv/lib/python3.9/site-packages/django/utils/autoreload.py:668 Watching for file changes with StatReloader
2023-06-21 07:52:22 [INFO] /Users/sumith/Documents/Projects/vercel/phenv/lib/python3.9/site-packages/numexpr/utils.py:160 NumExpr defaulting to 8 threads.
2023-06-21 07:52:26 [INFO] /Users/sumith/Documents/Projects/vercel/phenv/lib/python3.9/site-packages/sentence_transformers/SentenceTransformer.py:66 Load pretrained SentenceTransformer: bert-base-nli-mean-tokens
2023-06-21 07:52:28 [INFO] /Users/sumith/Documents/Projects/vercel/phenv/lib/python3.9/site-packages/sentence_transformers/SentenceTransformer.py:105 Use pytorch device: cpu
2023-06-21 07:52:30 [INFO] /Users/sumith/Documents/Projects/vercel/phenv/lib/python3.9/site-packages/django/utils/autoreload.py:266 /Users/sumith/Documents/Projects/vercel/ph-django-main/recommendations/views.py changed, reloading.
2023-06-21 07:52:32 [INFO] /Users/sumith/Documents/Projects/vercel/phenv/lib/python3.9/site-packages/django/utils/autoreload.py:668 Watching for file changes with StatReloader
2023-06-21 07:52:33 [INFO] /Users/sumith/Documents/Projects/vercel/phenv/lib/python3.9/site-packages/numexpr/utils.py:160 NumExpr defaulting to 8 threads.
2023-06-21 07:52:36 [INFO] /Users/sumith/Documents/Projects/vercel/phenv/lib/python3.9/site-packages/sentence_transformers/SentenceTransformer.py:66 Load pretrained SentenceTransformer: bert-base-nli-mean-tokens
2023-06-21 07:52:37 [INFO] /Users/sumith/Documents/Projects/vercel/phenv/lib/python3.9/site-packages/sentence_transformers/SentenceTransformer.py:105 Use pytorch device: cpu
2023-06-21 07:53:46 [ERROR] /Users/sumith/Documents/Projects/vercel/phenv/lib/python3.9/site-packages/django/utils/log.py:241 Internal Server Error: /api/testparagraphs/
Traceback (most recent call last):
  File "/Users/sumith/Documents/Projects/vercel/phenv/lib/python3.9/site-packages/django/core/handlers/exception.py", line 55, in inner
    response = get_response(request)
  File "/Users/sumith/Documents/Projects/vercel/phenv/lib/python3.9/site-packages/django/core/handlers/base.py", line 197, in _get_response
    response = wrapped_callback(request, *callback_args, **callback_kwargs)
  File "/Users/sumith/Documents/Projects/vercel/phenv/lib/python3.9/site-packages/django/views/decorators/csrf.py", line 56, in wrapper_view
    return view_func(*args, **kwargs)
  File "/Users/sumith/Documents/Projects/vercel/phenv/lib/python3.9/site-packages/rest_framework/viewsets.py", line 125, in view
    return self.dispatch(request, *args, **kwargs)
  File "/Users/sumith/Documents/Projects/vercel/phenv/lib/python3.9/site-packages/rest_framework/views.py", line 509, in dispatch
    response = self.handle_exception(exc)
  File "/Users/sumith/Documents/Projects/vercel/ph-django-main/recommendations/views.py", line 84, in handle_exception
    return Response(errors, status=status.HTTP_400_BAD_REQUEST)
  File "/Users/sumith/Documents/Projects/vercel/phenv/lib/python3.9/site-packages/rest_framework/views.py", line 469, in handle_exception
    self.raise_uncaught_exception(exc)
  File "/Users/sumith/Documents/Projects/vercel/phenv/lib/python3.9/site-packages/rest_framework/views.py", line 480, in raise_uncaught_exception
    raise exc
  File "/Users/sumith/Documents/Projects/vercel/phenv/lib/python3.9/site-packages/rest_framework/views.py", line 506, in dispatch
    response = handler(request, *args, **kwargs)
  File "/Users/sumith/Documents/Projects/vercel/ph-django-main/recommendations/views.py", line 35, in create
    print(para_dp)
NameError: name 'pa' is not defined
2023-06-21 07:54:21 [INFO] /Users/sumith/Documents/Projects/vercel/phenv/lib/python3.9/site-packages/django/utils/autoreload.py:266 /Users/sumith/Documents/Projects/vercel/ph-django-main/recommendations/views.py changed, reloading.
2023-06-21 07:54:23 [INFO] /Users/sumith/Documents/Projects/vercel/phenv/lib/python3.9/site-packages/django/utils/autoreload.py:668 Watching for file changes with StatReloader
2023-06-21 07:54:24 [INFO] /Users/sumith/Documents/Projects/vercel/phenv/lib/python3.9/site-packages/numexpr/utils.py:160 NumExpr defaulting to 8 threads.
2023-06-21 07:54:27 [INFO] /Users/sumith/Documents/Projects/vercel/phenv/lib/python3.9/site-packages/sentence_transformers/SentenceTransformer.py:66 Load pretrained SentenceTransformer: bert-base-nli-mean-tokens
2023-06-21 07:54:29 [INFO] /Users/sumith/Documents/Projects/vercel/phenv/lib/python3.9/site-packages/sentence_transformers/SentenceTransformer.py:105 Use pytorch device: cpu
2023-06-21 07:58:08 [INFO] /Users/sumith/Documents/Projects/vercel/phenv/lib/python3.9/site-packages/django/utils/autoreload.py:266 /Users/sumith/Documents/Projects/vercel/ph-django-main/recommendations/views.py changed, reloading.
2023-06-21 07:58:10 [INFO] /Users/sumith/Documents/Projects/vercel/phenv/lib/python3.9/site-packages/django/utils/autoreload.py:668 Watching for file changes with StatReloader
2023-06-21 07:58:11 [INFO] /Users/sumith/Documents/Projects/vercel/phenv/lib/python3.9/site-packages/numexpr/utils.py:160 NumExpr defaulting to 8 threads.
2023-06-21 07:58:16 [INFO] /Users/sumith/Documents/Projects/vercel/phenv/lib/python3.9/site-packages/sentence_transformers/SentenceTransformer.py:66 Load pretrained SentenceTransformer: bert-base-nli-mean-tokens
2023-06-21 07:58:17 [INFO] /Users/sumith/Documents/Projects/vercel/phenv/lib/python3.9/site-packages/sentence_transformers/SentenceTransformer.py:105 Use pytorch device: cpu
2023-06-21 07:58:21 [INFO] /Users/sumith/Documents/Projects/vercel/phenv/lib/python3.9/site-packages/django/utils/autoreload.py:266 /Users/sumith/Documents/Projects/vercel/ph-django-main/recommendations/views.py changed, reloading.
2023-06-21 07:58:23 [INFO] /Users/sumith/Documents/Projects/vercel/phenv/lib/python3.9/site-packages/django/utils/autoreload.py:668 Watching for file changes with StatReloader
2023-06-21 07:58:23 [INFO] /Users/sumith/Documents/Projects/vercel/phenv/lib/python3.9/site-packages/numexpr/utils.py:160 NumExpr defaulting to 8 threads.
2023-06-21 07:58:27 [INFO] /Users/sumith/Documents/Projects/vercel/phenv/lib/python3.9/site-packages/sentence_transformers/SentenceTransformer.py:66 Load pretrained SentenceTransformer: bert-base-nli-mean-tokens
2023-06-21 07:58:28 [INFO] /Users/sumith/Documents/Projects/vercel/phenv/lib/python3.9/site-packages/sentence_transformers/SentenceTransformer.py:105 Use pytorch device: cpu
2023-06-21 07:58:29 [INFO] /Users/sumith/Documents/Projects/vercel/phenv/lib/python3.9/site-packages/django/utils/autoreload.py:266 /Users/sumith/Documents/Projects/vercel/ph-django-main/recommendations/views.py changed, reloading.
2023-06-21 07:58:31 [INFO] /Users/sumith/Documents/Projects/vercel/phenv/lib/python3.9/site-packages/django/utils/autoreload.py:668 Watching for file changes with StatReloader
2023-06-21 07:58:32 [INFO] /Users/sumith/Documents/Projects/vercel/phenv/lib/python3.9/site-packages/numexpr/utils.py:160 NumExpr defaulting to 8 threads.
2023-06-21 07:58:34 [INFO] /Users/sumith/Documents/Projects/vercel/phenv/lib/python3.9/site-packages/sentence_transformers/SentenceTransformer.py:66 Load pretrained SentenceTransformer: bert-base-nli-mean-tokens
2023-06-21 07:58:36 [INFO] /Users/sumith/Documents/Projects/vercel/phenv/lib/python3.9/site-packages/sentence_transformers/SentenceTransformer.py:105 Use pytorch device: cpu
2023-06-21 07:58:45 [INFO] /Users/sumith/Documents/Projects/vercel/phenv/lib/python3.9/site-packages/django/utils/autoreload.py:266 /Users/sumith/Documents/Projects/vercel/ph-django-main/recommendations/views.py changed, reloading.
2023-06-21 07:58:46 [INFO] /Users/sumith/Documents/Projects/vercel/phenv/lib/python3.9/site-packages/django/utils/autoreload.py:668 Watching for file changes with StatReloader
2023-06-21 07:58:47 [INFO] /Users/sumith/Documents/Projects/vercel/phenv/lib/python3.9/site-packages/numexpr/utils.py:160 NumExpr defaulting to 8 threads.
2023-06-21 07:58:50 [INFO] /Users/sumith/Documents/Projects/vercel/phenv/lib/python3.9/site-packages/sentence_transformers/SentenceTransformer.py:66 Load pretrained SentenceTransformer: bert-base-nli-mean-tokens
2023-06-21 07:58:51 [INFO] /Users/sumith/Documents/Projects/vercel/phenv/lib/python3.9/site-packages/sentence_transformers/SentenceTransformer.py:105 Use pytorch device: cpu
2023-06-21 08:07:07 [INFO] /Users/sumith/Documents/Projects/vercel/phenv/lib/python3.9/site-packages/django/utils/autoreload.py:266 /Users/sumith/Documents/Projects/vercel/ph-django-main/recommendations/views.py changed, reloading.
2023-06-21 08:07:09 [INFO] /Users/sumith/Documents/Projects/vercel/phenv/lib/python3.9/site-packages/django/utils/autoreload.py:668 Watching for file changes with StatReloader
2023-06-21 08:07:10 [INFO] /Users/sumith/Documents/Projects/vercel/phenv/lib/python3.9/site-packages/numexpr/utils.py:160 NumExpr defaulting to 8 threads.
2023-06-21 08:07:14 [INFO] /Users/sumith/Documents/Projects/vercel/phenv/lib/python3.9/site-packages/sentence_transformers/SentenceTransformer.py:66 Load pretrained SentenceTransformer: bert-base-nli-mean-tokens
2023-06-21 08:07:16 [INFO] /Users/sumith/Documents/Projects/vercel/phenv/lib/python3.9/site-packages/sentence_transformers/SentenceTransformer.py:105 Use pytorch device: cpu
2023-06-21 08:07:21 [INFO] /Users/sumith/Documents/Projects/vercel/phenv/lib/python3.9/site-packages/django/utils/autoreload.py:266 /Users/sumith/Documents/Projects/vercel/ph-django-main/recommendations/views.py changed, reloading.
2023-06-21 08:07:22 [INFO] /Users/sumith/Documents/Projects/vercel/phenv/lib/python3.9/site-packages/django/utils/autoreload.py:668 Watching for file changes with StatReloader
2023-06-21 08:07:23 [INFO] /Users/sumith/Documents/Projects/vercel/phenv/lib/python3.9/site-packages/numexpr/utils.py:160 NumExpr defaulting to 8 threads.
2023-06-21 08:07:26 [INFO] /Users/sumith/Documents/Projects/vercel/phenv/lib/python3.9/site-packages/sentence_transformers/SentenceTransformer.py:66 Load pretrained SentenceTransformer: bert-base-nli-mean-tokens
2023-06-21 08:07:27 [INFO] /Users/sumith/Documents/Projects/vercel/phenv/lib/python3.9/site-packages/sentence_transformers/SentenceTransformer.py:105 Use pytorch device: cpu
2023-06-21 08:36:10 [INFO] /Users/sumith/Documents/Projects/vercel/phenv/lib/python3.9/site-packages/django/utils/autoreload.py:266 /Users/sumith/Documents/Projects/vercel/ph-django-main/recommendations/views.py changed, reloading.
2023-06-21 08:36:13 [INFO] /Users/sumith/Documents/Projects/vercel/phenv/lib/python3.9/site-packages/django/utils/autoreload.py:668 Watching for file changes with StatReloader
2023-06-21 08:36:14 [INFO] /Users/sumith/Documents/Projects/vercel/phenv/lib/python3.9/site-packages/numexpr/utils.py:160 NumExpr defaulting to 8 threads.
2023-06-21 08:36:18 [INFO] /Users/sumith/Documents/Projects/vercel/phenv/lib/python3.9/site-packages/sentence_transformers/SentenceTransformer.py:66 Load pretrained SentenceTransformer: bert-base-nli-mean-tokens
2023-06-21 08:36:19 [INFO] /Users/sumith/Documents/Projects/vercel/phenv/lib/python3.9/site-packages/sentence_transformers/SentenceTransformer.py:105 Use pytorch device: cpu
2023-06-21 08:41:17 [INFO] /Users/sumith/Documents/Projects/vercel/phenv/lib/python3.9/site-packages/django/utils/autoreload.py:266 /Users/sumith/Documents/Projects/vercel/ph-django-main/recommendations/views.py changed, reloading.
2023-06-21 08:41:19 [INFO] /Users/sumith/Documents/Projects/vercel/phenv/lib/python3.9/site-packages/django/utils/autoreload.py:668 Watching for file changes with StatReloader
2023-06-21 08:41:20 [INFO] /Users/sumith/Documents/Projects/vercel/phenv/lib/python3.9/site-packages/numexpr/utils.py:160 NumExpr defaulting to 8 threads.
2023-06-21 08:41:24 [INFO] /Users/sumith/Documents/Projects/vercel/phenv/lib/python3.9/site-packages/sentence_transformers/SentenceTransformer.py:66 Load pretrained SentenceTransformer: bert-base-nli-mean-tokens
2023-06-21 08:41:26 [INFO] /Users/sumith/Documents/Projects/vercel/phenv/lib/python3.9/site-packages/sentence_transformers/SentenceTransformer.py:105 Use pytorch device: cpu
2023-06-21 08:41:42 [INFO] /Users/sumith/Documents/Projects/vercel/phenv/lib/python3.9/site-packages/django/utils/autoreload.py:266 /Users/sumith/Documents/Projects/vercel/ph-django-main/vercel_app/urls.py changed, reloading.
2023-06-21 08:41:44 [INFO] /Users/sumith/Documents/Projects/vercel/phenv/lib/python3.9/site-packages/django/utils/autoreload.py:668 Watching for file changes with StatReloader
2023-06-21 08:41:44 [INFO] /Users/sumith/Documents/Projects/vercel/phenv/lib/python3.9/site-packages/numexpr/utils.py:160 NumExpr defaulting to 8 threads.
2023-06-21 08:41:48 [INFO] /Users/sumith/Documents/Projects/vercel/phenv/lib/python3.9/site-packages/sentence_transformers/SentenceTransformer.py:66 Load pretrained SentenceTransformer: bert-base-nli-mean-tokens
2023-06-21 08:41:49 [INFO] /Users/sumith/Documents/Projects/vercel/phenv/lib/python3.9/site-packages/sentence_transformers/SentenceTransformer.py:105 Use pytorch device: cpu
2023-06-21 08:41:52 [INFO] /Users/sumith/Documents/Projects/vercel/phenv/lib/python3.9/site-packages/django/utils/autoreload.py:266 /Users/sumith/Documents/Projects/vercel/ph-django-main/vercel_app/urls.py changed, reloading.
2023-06-21 08:41:56 [INFO] /Users/sumith/Documents/Projects/vercel/phenv/lib/python3.9/site-packages/django/utils/autoreload.py:668 Watching for file changes with StatReloader
2023-06-21 08:41:58 [INFO] /Users/sumith/Documents/Projects/vercel/phenv/lib/python3.9/site-packages/numexpr/utils.py:160 NumExpr defaulting to 8 threads.
2023-06-21 08:42:01 [INFO] /Users/sumith/Documents/Projects/vercel/phenv/lib/python3.9/site-packages/sentence_transformers/SentenceTransformer.py:66 Load pretrained SentenceTransformer: bert-base-nli-mean-tokens
2023-06-21 08:42:02 [INFO] /Users/sumith/Documents/Projects/vercel/phenv/lib/python3.9/site-packages/sentence_transformers/SentenceTransformer.py:105 Use pytorch device: cpu
2023-06-21 09:37:10 [WARNING] /Users/sumith/Documents/Projects/vercel/phenv/lib/python3.9/site-packages/django/utils/log.py:241 Not Found: /test-paragraphs/${storedTestId}/
2023-06-21 09:37:56 [WARNING] /Users/sumith/Documents/Projects/vercel/phenv/lib/python3.9/site-packages/django/utils/log.py:241 Not Found: /test-paragraphs/
2023-06-21 11:49:46 [WARNING] /Users/sumith/Documents/Projects/vercel/phenv/lib/python3.9/site-packages/django/utils/log.py:241 Not Found: /test-paragraphs/b3d01adb-e481-403c-8374-2b0b6eb91d99/
2023-06-22 07:57:09 [INFO] /Users/sumith/Documents/Projects/vercel/phenv/lib/python3.9/site-packages/django/utils/autoreload.py:266 /Users/sumith/Documents/Projects/vercel/ph-django-main/recommendations/views.py changed, reloading.
2023-06-22 07:57:14 [INFO] /Users/sumith/Documents/Projects/vercel/phenv/lib/python3.9/site-packages/django/utils/autoreload.py:668 Watching for file changes with StatReloader
2023-06-22 07:57:15 [INFO] /Users/sumith/Documents/Projects/vercel/phenv/lib/python3.9/site-packages/numexpr/utils.py:160 NumExpr defaulting to 8 threads.
2023-06-22 07:57:20 [INFO] /Users/sumith/Documents/Projects/vercel/phenv/lib/python3.9/site-packages/sentence_transformers/SentenceTransformer.py:66 Load pretrained SentenceTransformer: bert-base-nli-mean-tokens
2023-06-22 07:57:21 [INFO] /Users/sumith/Documents/Projects/vercel/phenv/lib/python3.9/site-packages/sentence_transformers/SentenceTransformer.py:105 Use pytorch device: cpu
2023-06-22 07:57:54 [INFO] /Users/sumith/Documents/Projects/vercel/phenv/lib/python3.9/site-packages/openai/util.py:67 error_code=None error_message='Request failed due to server shutdown' error_param=None error_type=server_error message='OpenAI API error received' stream_error=False
2023-06-22 07:57:54 [WARNING] /Users/sumith/Documents/Projects/vercel/phenv/lib/python3.9/site-packages/tenacity/before_sleep.py:65 Retrying langchain.llms.openai.completion_with_retry.<locals>._completion_with_retry in 4.0 seconds as it raised APIError: Request failed due to server shutdown {
  "error": {
    "message": "Request failed due to server shutdown",
    "type": "server_error",
    "param": null,
    "code": null
  }
}
 500 {'error': {'message': 'Request failed due to server shutdown', 'type': 'server_error', 'param': None, 'code': None}} {'Date': 'Thu, 22 Jun 2023 07:57:54 GMT', 'Content-Type': 'application/json', 'Content-Length': '141', 'Connection': 'keep-alive', 'access-control-allow-origin': '*', 'openai-model': 'text-davinci-003', 'openai-organization': 'infosys-limited-cmoqkv', 'openai-processing-ms': '8284', 'openai-version': '2020-10-01', 'strict-transport-security': 'max-age=15724800; includeSubDomains', 'x-ratelimit-limit-requests': '60', 'x-ratelimit-limit-tokens': '150000', 'x-ratelimit-remaining-requests': '59', 'x-ratelimit-remaining-tokens': '149743', 'x-ratelimit-reset-requests': '1s', 'x-ratelimit-reset-tokens': '102ms', 'x-request-id': '5bbaabdd7dcea323d2f1aa276ab6227a', 'CF-Cache-Status': 'DYNAMIC', 'Server': 'cloudflare', 'CF-RAY': '7db2f13b5c2e31f9-BOM', 'alt-svc': 'h3=":443"; ma=86400'}.
2023-06-22 08:00:20 [INFO] /Users/sumith/Documents/Projects/vercel/phenv/lib/python3.9/site-packages/django/utils/autoreload.py:266 /Users/sumith/Documents/Projects/vercel/ph-django-main/recommendations/views.py changed, reloading.
2023-06-22 08:00:22 [INFO] /Users/sumith/Documents/Projects/vercel/phenv/lib/python3.9/site-packages/django/utils/autoreload.py:668 Watching for file changes with StatReloader
2023-06-22 08:00:23 [INFO] /Users/sumith/Documents/Projects/vercel/phenv/lib/python3.9/site-packages/numexpr/utils.py:160 NumExpr defaulting to 8 threads.
2023-06-22 08:00:29 [INFO] /Users/sumith/Documents/Projects/vercel/phenv/lib/python3.9/site-packages/sentence_transformers/SentenceTransformer.py:66 Load pretrained SentenceTransformer: bert-base-nli-mean-tokens
2023-06-22 08:00:30 [INFO] /Users/sumith/Documents/Projects/vercel/phenv/lib/python3.9/site-packages/sentence_transformers/SentenceTransformer.py:105 Use pytorch device: cpu
2023-06-22 08:04:34 [INFO] /Users/sumith/Documents/Projects/vercel/phenv/lib/python3.9/site-packages/django/utils/autoreload.py:266 /Users/sumith/Documents/Projects/vercel/ph-django-main/recommendations/views.py changed, reloading.
2023-06-22 08:04:38 [INFO] /Users/sumith/Documents/Projects/vercel/phenv/lib/python3.9/site-packages/django/utils/autoreload.py:668 Watching for file changes with StatReloader
2023-06-22 08:04:39 [INFO] /Users/sumith/Documents/Projects/vercel/phenv/lib/python3.9/site-packages/numexpr/utils.py:160 NumExpr defaulting to 8 threads.
2023-06-22 08:04:42 [INFO] /Users/sumith/Documents/Projects/vercel/phenv/lib/python3.9/site-packages/sentence_transformers/SentenceTransformer.py:66 Load pretrained SentenceTransformer: bert-base-nli-mean-tokens
2023-06-22 08:04:44 [INFO] /Users/sumith/Documents/Projects/vercel/phenv/lib/python3.9/site-packages/sentence_transformers/SentenceTransformer.py:105 Use pytorch device: cpu
2023-06-22 08:05:32 [ERROR] /Users/sumith/Documents/Projects/vercel/phenv/lib/python3.9/site-packages/django/utils/log.py:241 Internal Server Error: /api/testparagraphs/
Traceback (most recent call last):
  File "/Users/sumith/Documents/Projects/vercel/phenv/lib/python3.9/site-packages/django/core/handlers/exception.py", line 55, in inner
    response = get_response(request)
  File "/Users/sumith/Documents/Projects/vercel/phenv/lib/python3.9/site-packages/django/core/handlers/base.py", line 197, in _get_response
    response = wrapped_callback(request, *callback_args, **callback_kwargs)
  File "/Users/sumith/Documents/Projects/vercel/phenv/lib/python3.9/site-packages/django/views/decorators/csrf.py", line 56, in wrapper_view
    return view_func(*args, **kwargs)
  File "/Users/sumith/Documents/Projects/vercel/phenv/lib/python3.9/site-packages/rest_framework/viewsets.py", line 125, in view
    return self.dispatch(request, *args, **kwargs)
  File "/Users/sumith/Documents/Projects/vercel/phenv/lib/python3.9/site-packages/rest_framework/views.py", line 509, in dispatch
    response = self.handle_exception(exc)
  File "/Users/sumith/Documents/Projects/vercel/ph-django-main/recommendations/views.py", line 107, in handle_exception
    return super().handle_exception(exc)
  File "/Users/sumith/Documents/Projects/vercel/phenv/lib/python3.9/site-packages/rest_framework/views.py", line 469, in handle_exception
    self.raise_uncaught_exception(exc)
  File "/Users/sumith/Documents/Projects/vercel/phenv/lib/python3.9/site-packages/rest_framework/views.py", line 480, in raise_uncaught_exception
    raise exc
  File "/Users/sumith/Documents/Projects/vercel/phenv/lib/python3.9/site-packages/rest_framework/views.py", line 506, in dispatch
    response = handler(request, *args, **kwargs)
  File "/Users/sumith/Documents/Projects/vercel/ph-django-main/recommendations/views.py", line 35, in create
    test_paragraph = TestParagraph.objects.get(test_record=test_record_id)
  File "/Users/sumith/Documents/Projects/vercel/phenv/lib/python3.9/site-packages/django/db/models/manager.py", line 87, in manager_method
    return getattr(self.get_queryset(), name)(*args, **kwargs)
  File "/Users/sumith/Documents/Projects/vercel/phenv/lib/python3.9/site-packages/django/db/models/query.py", line 640, in get
    raise self.model.MultipleObjectsReturned(
recommendations.models.TestParagraph.MultipleObjectsReturned: get() returned more than one TestParagraph -- it returned 2!
2023-06-22 08:09:56 [ERROR] /Users/sumith/Documents/Projects/vercel/phenv/lib/python3.9/site-packages/django/utils/log.py:241 Internal Server Error: /api/testparagraphs/
Traceback (most recent call last):
  File "/Users/sumith/Documents/Projects/vercel/phenv/lib/python3.9/site-packages/django/core/handlers/exception.py", line 55, in inner
    response = get_response(request)
  File "/Users/sumith/Documents/Projects/vercel/phenv/lib/python3.9/site-packages/django/core/handlers/base.py", line 197, in _get_response
    response = wrapped_callback(request, *callback_args, **callback_kwargs)
  File "/Users/sumith/Documents/Projects/vercel/phenv/lib/python3.9/site-packages/django/views/decorators/csrf.py", line 56, in wrapper_view
    return view_func(*args, **kwargs)
  File "/Users/sumith/Documents/Projects/vercel/phenv/lib/python3.9/site-packages/rest_framework/viewsets.py", line 125, in view
    return self.dispatch(request, *args, **kwargs)
  File "/Users/sumith/Documents/Projects/vercel/phenv/lib/python3.9/site-packages/rest_framework/views.py", line 509, in dispatch
    response = self.handle_exception(exc)
  File "/Users/sumith/Documents/Projects/vercel/ph-django-main/recommendations/views.py", line 107, in handle_exception
    return super().handle_exception(exc)
  File "/Users/sumith/Documents/Projects/vercel/phenv/lib/python3.9/site-packages/rest_framework/views.py", line 469, in handle_exception
    self.raise_uncaught_exception(exc)
  File "/Users/sumith/Documents/Projects/vercel/phenv/lib/python3.9/site-packages/rest_framework/views.py", line 480, in raise_uncaught_exception
    raise exc
  File "/Users/sumith/Documents/Projects/vercel/phenv/lib/python3.9/site-packages/rest_framework/views.py", line 506, in dispatch
    response = handler(request, *args, **kwargs)
  File "/Users/sumith/Documents/Projects/vercel/ph-django-main/recommendations/views.py", line 35, in create
    test_paragraph = TestParagraph.objects.get(test_record=test_record_id)
  File "/Users/sumith/Documents/Projects/vercel/phenv/lib/python3.9/site-packages/django/db/models/manager.py", line 87, in manager_method
    return getattr(self.get_queryset(), name)(*args, **kwargs)
  File "/Users/sumith/Documents/Projects/vercel/phenv/lib/python3.9/site-packages/django/db/models/query.py", line 640, in get
    raise self.model.MultipleObjectsReturned(
recommendations.models.TestParagraph.MultipleObjectsReturned: get() returned more than one TestParagraph -- it returned 2!
2023-06-22 08:10:37 [ERROR] /Users/sumith/Documents/Projects/vercel/phenv/lib/python3.9/site-packages/django/utils/log.py:241 Internal Server Error: /api/testparagraphs/
Traceback (most recent call last):
  File "/Users/sumith/Documents/Projects/vercel/phenv/lib/python3.9/site-packages/django/core/handlers/exception.py", line 55, in inner
    response = get_response(request)
  File "/Users/sumith/Documents/Projects/vercel/phenv/lib/python3.9/site-packages/django/core/handlers/base.py", line 197, in _get_response
    response = wrapped_callback(request, *callback_args, **callback_kwargs)
  File "/Users/sumith/Documents/Projects/vercel/phenv/lib/python3.9/site-packages/django/views/decorators/csrf.py", line 56, in wrapper_view
    return view_func(*args, **kwargs)
  File "/Users/sumith/Documents/Projects/vercel/phenv/lib/python3.9/site-packages/rest_framework/viewsets.py", line 125, in view
    return self.dispatch(request, *args, **kwargs)
  File "/Users/sumith/Documents/Projects/vercel/phenv/lib/python3.9/site-packages/rest_framework/views.py", line 509, in dispatch
    response = self.handle_exception(exc)
  File "/Users/sumith/Documents/Projects/vercel/ph-django-main/recommendations/views.py", line 107, in handle_exception
    return super().handle_exception(exc)
  File "/Users/sumith/Documents/Projects/vercel/phenv/lib/python3.9/site-packages/rest_framework/views.py", line 469, in handle_exception
    self.raise_uncaught_exception(exc)
  File "/Users/sumith/Documents/Projects/vercel/phenv/lib/python3.9/site-packages/rest_framework/views.py", line 480, in raise_uncaught_exception
    raise exc
  File "/Users/sumith/Documents/Projects/vercel/phenv/lib/python3.9/site-packages/rest_framework/views.py", line 506, in dispatch
    response = handler(request, *args, **kwargs)
  File "/Users/sumith/Documents/Projects/vercel/ph-django-main/recommendations/views.py", line 35, in create
    test_paragraph = TestParagraph.objects.get(test_record=test_record_id)
  File "/Users/sumith/Documents/Projects/vercel/phenv/lib/python3.9/site-packages/django/db/models/manager.py", line 87, in manager_method
    return getattr(self.get_queryset(), name)(*args, **kwargs)
  File "/Users/sumith/Documents/Projects/vercel/phenv/lib/python3.9/site-packages/django/db/models/query.py", line 640, in get
    raise self.model.MultipleObjectsReturned(
recommendations.models.TestParagraph.MultipleObjectsReturned: get() returned more than one TestParagraph -- it returned 2!
2023-06-22 08:11:43 [INFO] /Users/sumith/Documents/Projects/vercel/phenv/lib/python3.9/site-packages/django/utils/autoreload.py:266 /Users/sumith/Documents/Projects/vercel/ph-django-main/recommendations/views.py changed, reloading.
2023-06-22 08:11:47 [INFO] /Users/sumith/Documents/Projects/vercel/phenv/lib/python3.9/site-packages/django/utils/autoreload.py:668 Watching for file changes with StatReloader
2023-06-22 08:11:48 [INFO] /Users/sumith/Documents/Projects/vercel/phenv/lib/python3.9/site-packages/numexpr/utils.py:160 NumExpr defaulting to 8 threads.
2023-06-22 08:11:52 [INFO] /Users/sumith/Documents/Projects/vercel/phenv/lib/python3.9/site-packages/sentence_transformers/SentenceTransformer.py:66 Load pretrained SentenceTransformer: bert-base-nli-mean-tokens
2023-06-22 08:11:54 [INFO] /Users/sumith/Documents/Projects/vercel/phenv/lib/python3.9/site-packages/sentence_transformers/SentenceTransformer.py:105 Use pytorch device: cpu
2023-06-22 08:47:38 [INFO] /Users/sumith/Documents/Projects/vercel/phenv/lib/python3.9/site-packages/django/utils/autoreload.py:266 /Users/sumith/Documents/Projects/vercel/ph-django-main/recommendations/views.py changed, reloading.
2023-06-22 08:47:41 [INFO] /Users/sumith/Documents/Projects/vercel/phenv/lib/python3.9/site-packages/django/utils/autoreload.py:668 Watching for file changes with StatReloader
2023-06-22 08:47:42 [INFO] /Users/sumith/Documents/Projects/vercel/phenv/lib/python3.9/site-packages/numexpr/utils.py:160 NumExpr defaulting to 8 threads.
2023-06-22 08:47:46 [INFO] /Users/sumith/Documents/Projects/vercel/phenv/lib/python3.9/site-packages/sentence_transformers/SentenceTransformer.py:66 Load pretrained SentenceTransformer: bert-base-nli-mean-tokens
2023-06-22 08:47:48 [INFO] /Users/sumith/Documents/Projects/vercel/phenv/lib/python3.9/site-packages/sentence_transformers/SentenceTransformer.py:105 Use pytorch device: cpu
2023-06-22 08:48:00 [INFO] /Users/sumith/Documents/Projects/vercel/phenv/lib/python3.9/site-packages/django/utils/autoreload.py:266 /Users/sumith/Documents/Projects/vercel/ph-django-main/recommendations/views.py changed, reloading.
2023-06-22 08:48:01 [INFO] /Users/sumith/Documents/Projects/vercel/phenv/lib/python3.9/site-packages/django/utils/autoreload.py:668 Watching for file changes with StatReloader
2023-06-22 08:48:02 [INFO] /Users/sumith/Documents/Projects/vercel/phenv/lib/python3.9/site-packages/numexpr/utils.py:160 NumExpr defaulting to 8 threads.
2023-06-22 08:48:06 [INFO] /Users/sumith/Documents/Projects/vercel/phenv/lib/python3.9/site-packages/sentence_transformers/SentenceTransformer.py:66 Load pretrained SentenceTransformer: bert-base-nli-mean-tokens
2023-06-22 08:48:07 [INFO] /Users/sumith/Documents/Projects/vercel/phenv/lib/python3.9/site-packages/sentence_transformers/SentenceTransformer.py:105 Use pytorch device: cpu
2023-06-22 09:46:47 [WARNING] /Users/sumith/Documents/Projects/vercel/phenv/lib/python3.9/site-packages/django/utils/log.py:241 Not Found: /test-paragraphs/null/
2023-06-22 09:46:48 [WARNING] /Users/sumith/Documents/Projects/vercel/phenv/lib/python3.9/site-packages/django/utils/log.py:241 Not Found: /test-paragraphs/null/
2023-06-22 09:46:51 [WARNING] /Users/sumith/Documents/Projects/vercel/phenv/lib/python3.9/site-packages/django/utils/log.py:241 Not Found: /test-paragraphs/null/
2023-06-22 09:46:52 [WARNING] /Users/sumith/Documents/Projects/vercel/phenv/lib/python3.9/site-packages/django/utils/log.py:241 Not Found: /test-paragraphs/null/
2023-06-22 09:47:03 [WARNING] /Users/sumith/Documents/Projects/vercel/phenv/lib/python3.9/site-packages/django/utils/log.py:241 Not Found: /test-paragraphs/null/
2023-06-22 11:06:03 [ERROR] /Users/sumith/Documents/Projects/vercel/phenv/lib/python3.9/site-packages/django/utils/log.py:241 Internal Server Error: /test-paragraphs/b3d01adb-e481-403c-8374-2b0b6eb91d99/
Traceback (most recent call last):
  File "/Users/sumith/Documents/Projects/vercel/phenv/lib/python3.9/site-packages/django/db/backends/base/base.py", line 289, in ensure_connection
    self.connect()
  File "/Users/sumith/Documents/Projects/vercel/phenv/lib/python3.9/site-packages/django/utils/asyncio.py", line 26, in inner
    return func(*args, **kwargs)
  File "/Users/sumith/Documents/Projects/vercel/phenv/lib/python3.9/site-packages/django/db/backends/base/base.py", line 270, in connect
    self.connection = self.get_new_connection(conn_params)
  File "/Users/sumith/Documents/Projects/vercel/phenv/lib/python3.9/site-packages/django/utils/asyncio.py", line 26, in inner
    return func(*args, **kwargs)
  File "/Users/sumith/Documents/Projects/vercel/phenv/lib/python3.9/site-packages/django/db/backends/postgresql/base.py", line 275, in get_new_connection
    connection = self.Database.connect(**conn_params)
  File "/Users/sumith/Documents/Projects/vercel/phenv/lib/python3.9/site-packages/psycopg2/__init__.py", line 122, in connect
    conn = _connect(dsn, connection_factory=connection_factory, **kwasync)
psycopg2.OperationalError: connection to server at "173.249.1.23", port 5432 failed: Network is unreachable
	Is the server running on that host and accepting TCP/IP connections?


The above exception was the direct cause of the following exception:

Traceback (most recent call last):
  File "/Users/sumith/Documents/Projects/vercel/phenv/lib/python3.9/site-packages/django/core/handlers/exception.py", line 55, in inner
    response = get_response(request)
  File "/Users/sumith/Documents/Projects/vercel/phenv/lib/python3.9/site-packages/django/core/handlers/base.py", line 197, in _get_response
    response = wrapped_callback(request, *callback_args, **callback_kwargs)
  File "/Users/sumith/Documents/Projects/vercel/ph-django-main/recommendations/views.py", line 150, in get_test_paragraphs
    test_paragraph = TestParagraph.objects.get(test_record=test_id)
  File "/Users/sumith/Documents/Projects/vercel/phenv/lib/python3.9/site-packages/django/db/models/manager.py", line 87, in manager_method
    return getattr(self.get_queryset(), name)(*args, **kwargs)
  File "/Users/sumith/Documents/Projects/vercel/phenv/lib/python3.9/site-packages/django/db/models/query.py", line 633, in get
    num = len(clone)
  File "/Users/sumith/Documents/Projects/vercel/phenv/lib/python3.9/site-packages/django/db/models/query.py", line 380, in __len__
    self._fetch_all()
  File "/Users/sumith/Documents/Projects/vercel/phenv/lib/python3.9/site-packages/django/db/models/query.py", line 1881, in _fetch_all
    self._result_cache = list(self._iterable_class(self))
  File "/Users/sumith/Documents/Projects/vercel/phenv/lib/python3.9/site-packages/django/db/models/query.py", line 91, in __iter__
    results = compiler.execute_sql(
  File "/Users/sumith/Documents/Projects/vercel/phenv/lib/python3.9/site-packages/django/db/models/sql/compiler.py", line 1558, in execute_sql
    cursor = self.connection.cursor()
  File "/Users/sumith/Documents/Projects/vercel/phenv/lib/python3.9/site-packages/django/utils/asyncio.py", line 26, in inner
    return func(*args, **kwargs)
  File "/Users/sumith/Documents/Projects/vercel/phenv/lib/python3.9/site-packages/django/db/backends/base/base.py", line 330, in cursor
    return self._cursor()
  File "/Users/sumith/Documents/Projects/vercel/phenv/lib/python3.9/site-packages/django/db/backends/base/base.py", line 306, in _cursor
    self.ensure_connection()
  File "/Users/sumith/Documents/Projects/vercel/phenv/lib/python3.9/site-packages/django/utils/asyncio.py", line 26, in inner
    return func(*args, **kwargs)
  File "/Users/sumith/Documents/Projects/vercel/phenv/lib/python3.9/site-packages/django/db/backends/base/base.py", line 289, in ensure_connection
    self.connect()
  File "/Users/sumith/Documents/Projects/vercel/phenv/lib/python3.9/site-packages/django/db/utils.py", line 91, in __exit__
    raise dj_exc_value.with_traceback(traceback) from exc_value
  File "/Users/sumith/Documents/Projects/vercel/phenv/lib/python3.9/site-packages/django/db/backends/base/base.py", line 289, in ensure_connection
    self.connect()
  File "/Users/sumith/Documents/Projects/vercel/phenv/lib/python3.9/site-packages/django/utils/asyncio.py", line 26, in inner
    return func(*args, **kwargs)
  File "/Users/sumith/Documents/Projects/vercel/phenv/lib/python3.9/site-packages/django/db/backends/base/base.py", line 270, in connect
    self.connection = self.get_new_connection(conn_params)
  File "/Users/sumith/Documents/Projects/vercel/phenv/lib/python3.9/site-packages/django/utils/asyncio.py", line 26, in inner
    return func(*args, **kwargs)
  File "/Users/sumith/Documents/Projects/vercel/phenv/lib/python3.9/site-packages/django/db/backends/postgresql/base.py", line 275, in get_new_connection
    connection = self.Database.connect(**conn_params)
  File "/Users/sumith/Documents/Projects/vercel/phenv/lib/python3.9/site-packages/psycopg2/__init__.py", line 122, in connect
    conn = _connect(dsn, connection_factory=connection_factory, **kwasync)
django.db.utils.OperationalError: connection to server at "173.249.1.23", port 5432 failed: Network is unreachable
	Is the server running on that host and accepting TCP/IP connections?

2023-06-22 11:06:47 [WARNING] /Users/sumith/Documents/Projects/vercel/phenv/lib/python3.9/site-packages/django/utils/log.py:241 Not Found: /test-paragraphs/cd827a3f-8f36-424b-8da7-2be4238bc5e9/
2023-06-22 11:16:11 [INFO] /Users/sumith/Documents/Projects/vercel/phenv/lib/python3.9/site-packages/django/utils/autoreload.py:266 /Users/sumith/Documents/Projects/vercel/ph-django-main/recommendations/views.py changed, reloading.
2023-06-22 11:16:14 [INFO] /Users/sumith/Documents/Projects/vercel/phenv/lib/python3.9/site-packages/django/utils/autoreload.py:668 Watching for file changes with StatReloader
2023-06-22 11:16:15 [INFO] /Users/sumith/Documents/Projects/vercel/phenv/lib/python3.9/site-packages/numexpr/utils.py:160 NumExpr defaulting to 8 threads.
2023-06-22 11:16:18 [INFO] /Users/sumith/Documents/Projects/vercel/phenv/lib/python3.9/site-packages/sentence_transformers/SentenceTransformer.py:66 Load pretrained SentenceTransformer: bert-base-nli-mean-tokens
2023-06-22 11:16:20 [INFO] /Users/sumith/Documents/Projects/vercel/phenv/lib/python3.9/site-packages/sentence_transformers/SentenceTransformer.py:105 Use pytorch device: cpu
2023-06-22 11:21:00 [INFO] /Users/sumith/Documents/Projects/vercel/phenv/lib/python3.9/site-packages/django/utils/autoreload.py:266 /Users/sumith/Documents/Projects/vercel/ph-django-main/recommendations/views.py changed, reloading.
2023-06-22 11:21:02 [INFO] /Users/sumith/Documents/Projects/vercel/phenv/lib/python3.9/site-packages/django/utils/autoreload.py:668 Watching for file changes with StatReloader
2023-06-22 11:21:03 [INFO] /Users/sumith/Documents/Projects/vercel/phenv/lib/python3.9/site-packages/numexpr/utils.py:160 NumExpr defaulting to 8 threads.
2023-06-22 11:21:06 [INFO] /Users/sumith/Documents/Projects/vercel/phenv/lib/python3.9/site-packages/sentence_transformers/SentenceTransformer.py:66 Load pretrained SentenceTransformer: bert-base-nli-mean-tokens
2023-06-22 11:21:08 [INFO] /Users/sumith/Documents/Projects/vercel/phenv/lib/python3.9/site-packages/sentence_transformers/SentenceTransformer.py:105 Use pytorch device: cpu
2023-06-22 11:25:12 [INFO] /Users/sumith/Documents/Projects/vercel/phenv/lib/python3.9/site-packages/django/utils/autoreload.py:266 /Users/sumith/Documents/Projects/vercel/ph-django-main/recommendations/views.py changed, reloading.
2023-06-22 11:25:16 [INFO] /Users/sumith/Documents/Projects/vercel/phenv/lib/python3.9/site-packages/django/utils/autoreload.py:668 Watching for file changes with StatReloader
2023-06-22 11:25:17 [INFO] /Users/sumith/Documents/Projects/vercel/phenv/lib/python3.9/site-packages/numexpr/utils.py:160 NumExpr defaulting to 8 threads.
2023-06-22 11:25:21 [INFO] /Users/sumith/Documents/Projects/vercel/phenv/lib/python3.9/site-packages/sentence_transformers/SentenceTransformer.py:66 Load pretrained SentenceTransformer: bert-base-nli-mean-tokens
2023-06-22 11:25:23 [INFO] /Users/sumith/Documents/Projects/vercel/phenv/lib/python3.9/site-packages/sentence_transformers/SentenceTransformer.py:105 Use pytorch device: cpu
2023-06-22 11:28:59 [INFO] /Users/sumith/Documents/Projects/vercel/phenv/lib/python3.9/site-packages/django/utils/autoreload.py:266 /Users/sumith/Documents/Projects/vercel/ph-django-main/recommendations/views.py changed, reloading.
2023-06-22 11:29:01 [INFO] /Users/sumith/Documents/Projects/vercel/phenv/lib/python3.9/site-packages/django/utils/autoreload.py:668 Watching for file changes with StatReloader
2023-06-22 11:29:02 [INFO] /Users/sumith/Documents/Projects/vercel/phenv/lib/python3.9/site-packages/numexpr/utils.py:160 NumExpr defaulting to 8 threads.
2023-06-22 11:29:06 [INFO] /Users/sumith/Documents/Projects/vercel/phenv/lib/python3.9/site-packages/sentence_transformers/SentenceTransformer.py:66 Load pretrained SentenceTransformer: bert-base-nli-mean-tokens
2023-06-22 11:29:07 [INFO] /Users/sumith/Documents/Projects/vercel/phenv/lib/python3.9/site-packages/sentence_transformers/SentenceTransformer.py:105 Use pytorch device: cpu
2023-06-22 11:29:24 [INFO] /Users/sumith/Documents/Projects/vercel/phenv/lib/python3.9/site-packages/django/utils/autoreload.py:266 /Users/sumith/Documents/Projects/vercel/ph-django-main/recommendations/views.py changed, reloading.
2023-06-22 11:29:25 [INFO] /Users/sumith/Documents/Projects/vercel/phenv/lib/python3.9/site-packages/django/utils/autoreload.py:668 Watching for file changes with StatReloader
2023-06-22 11:29:26 [INFO] /Users/sumith/Documents/Projects/vercel/phenv/lib/python3.9/site-packages/numexpr/utils.py:160 NumExpr defaulting to 8 threads.
2023-06-22 11:29:30 [INFO] /Users/sumith/Documents/Projects/vercel/phenv/lib/python3.9/site-packages/sentence_transformers/SentenceTransformer.py:66 Load pretrained SentenceTransformer: bert-base-nli-mean-tokens
2023-06-22 11:29:31 [INFO] /Users/sumith/Documents/Projects/vercel/phenv/lib/python3.9/site-packages/sentence_transformers/SentenceTransformer.py:105 Use pytorch device: cpu
2023-06-22 11:29:35 [INFO] /Users/sumith/Documents/Projects/vercel/phenv/lib/python3.9/site-packages/django/utils/autoreload.py:266 /Users/sumith/Documents/Projects/vercel/ph-django-main/recommendations/views.py changed, reloading.
2023-06-22 11:29:37 [INFO] /Users/sumith/Documents/Projects/vercel/phenv/lib/python3.9/site-packages/django/utils/autoreload.py:668 Watching for file changes with StatReloader
2023-06-22 11:29:38 [INFO] /Users/sumith/Documents/Projects/vercel/phenv/lib/python3.9/site-packages/numexpr/utils.py:160 NumExpr defaulting to 8 threads.
2023-06-22 11:29:42 [INFO] /Users/sumith/Documents/Projects/vercel/phenv/lib/python3.9/site-packages/sentence_transformers/SentenceTransformer.py:66 Load pretrained SentenceTransformer: bert-base-nli-mean-tokens
2023-06-22 11:29:44 [INFO] /Users/sumith/Documents/Projects/vercel/phenv/lib/python3.9/site-packages/sentence_transformers/SentenceTransformer.py:105 Use pytorch device: cpu
2023-06-23 10:19:28 [INFO] /Users/sumith/Documents/Projects/vercel/phenv/lib/python3.9/site-packages/django/utils/autoreload.py:266 /Users/sumith/Documents/Projects/vercel/ph-django-main/recommendations/views.py changed, reloading.
2023-06-23 10:19:32 [INFO] /Users/sumith/Documents/Projects/vercel/phenv/lib/python3.9/site-packages/django/utils/autoreload.py:668 Watching for file changes with StatReloader
2023-06-23 10:19:33 [INFO] /Users/sumith/Documents/Projects/vercel/phenv/lib/python3.9/site-packages/numexpr/utils.py:160 NumExpr defaulting to 8 threads.
2023-06-23 10:19:38 [INFO] /Users/sumith/Documents/Projects/vercel/phenv/lib/python3.9/site-packages/sentence_transformers/SentenceTransformer.py:66 Load pretrained SentenceTransformer: bert-base-nli-mean-tokens
2023-06-23 10:19:39 [INFO] /Users/sumith/Documents/Projects/vercel/phenv/lib/python3.9/site-packages/sentence_transformers/SentenceTransformer.py:105 Use pytorch device: cpu
2023-06-23 10:19:48 [ERROR] /Users/sumith/Documents/Projects/vercel/phenv/lib/python3.9/site-packages/django/utils/log.py:241 Internal Server Error: /api/recommend/
Traceback (most recent call last):
  File "/Users/sumith/Documents/Projects/vercel/phenv/lib/python3.9/site-packages/django/core/handlers/exception.py", line 55, in inner
    response = get_response(request)
  File "/Users/sumith/Documents/Projects/vercel/phenv/lib/python3.9/site-packages/django/core/handlers/base.py", line 197, in _get_response
    response = wrapped_callback(request, *callback_args, **callback_kwargs)
  File "/Users/sumith/Documents/Projects/vercel/phenv/lib/python3.9/site-packages/django/views/decorators/csrf.py", line 56, in wrapper_view
    return view_func(*args, **kwargs)
  File "/Users/sumith/Documents/Projects/vercel/ph-django-main/recommendations/views.py", line 443, in recommend_videos
    'selected_videos': selected_videoss
UnboundLocalError: local variable 'selected_videos' referenced before assignment
2023-06-23 10:20:31 [INFO] /Users/sumith/Documents/Projects/vercel/phenv/lib/python3.9/site-packages/django/utils/autoreload.py:266 /Users/sumith/Documents/Projects/vercel/ph-django-main/recommendations/views.py changed, reloading.
2023-06-23 10:20:33 [INFO] /Users/sumith/Documents/Projects/vercel/phenv/lib/python3.9/site-packages/django/utils/autoreload.py:668 Watching for file changes with StatReloader
2023-06-23 10:20:34 [INFO] /Users/sumith/Documents/Projects/vercel/phenv/lib/python3.9/site-packages/numexpr/utils.py:160 NumExpr defaulting to 8 threads.
2023-06-23 10:20:37 [INFO] /Users/sumith/Documents/Projects/vercel/phenv/lib/python3.9/site-packages/sentence_transformers/SentenceTransformer.py:66 Load pretrained SentenceTransformer: bert-base-nli-mean-tokens
2023-06-23 10:20:39 [INFO] /Users/sumith/Documents/Projects/vercel/phenv/lib/python3.9/site-packages/sentence_transformers/SentenceTransformer.py:105 Use pytorch device: cpu
2023-06-23 10:54:34 [INFO] /Users/sumith/Documents/Projects/vercel/phenv/lib/python3.9/site-packages/django/utils/autoreload.py:266 /Users/sumith/Documents/Projects/vercel/ph-django-main/recommendations/views.py changed, reloading.
2023-06-23 10:54:37 [INFO] /Users/sumith/Documents/Projects/vercel/phenv/lib/python3.9/site-packages/django/utils/autoreload.py:668 Watching for file changes with StatReloader
2023-06-23 10:54:38 [INFO] /Users/sumith/Documents/Projects/vercel/phenv/lib/python3.9/site-packages/numexpr/utils.py:160 NumExpr defaulting to 8 threads.
2023-06-23 10:54:42 [INFO] /Users/sumith/Documents/Projects/vercel/phenv/lib/python3.9/site-packages/sentence_transformers/SentenceTransformer.py:66 Load pretrained SentenceTransformer: bert-base-nli-mean-tokens
2023-06-23 10:54:43 [INFO] /Users/sumith/Documents/Projects/vercel/phenv/lib/python3.9/site-packages/sentence_transformers/SentenceTransformer.py:105 Use pytorch device: cpu
2023-06-23 13:47:14 [WARNING] /Users/sumith/Documents/Projects/vercel/phenv/lib/python3.9/site-packages/django/utils/log.py:241 Not Found: /test-paragraphs/13ca59bc-26aa-409e-b907-c4b1977d891a/
2023-06-23 13:52:27 [ERROR] /Users/sumith/Documents/Projects/vercel/phenv/lib/python3.9/site-packages/django/utils/log.py:241 Internal Server Error: /signup
Traceback (most recent call last):
  File "/Users/sumith/Documents/Projects/vercel/phenv/lib/python3.9/site-packages/django/core/handlers/exception.py", line 55, in inner
    response = get_response(request)
  File "/Users/sumith/Documents/Projects/vercel/phenv/lib/python3.9/site-packages/django/utils/deprecation.py", line 136, in __call__
    response = self.process_response(request, response)
  File "/Users/sumith/Documents/Projects/vercel/phenv/lib/python3.9/site-packages/django/middleware/common.py", line 108, in process_response
    return self.response_redirect_class(self.get_full_path_with_slash(request))
  File "/Users/sumith/Documents/Projects/vercel/phenv/lib/python3.9/site-packages/django/middleware/common.py", line 87, in get_full_path_with_slash
    raise RuntimeError(
RuntimeError: You called this URL via POST, but the URL doesn't end in a slash and you have APPEND_SLASH set. Django can't redirect to the slash URL while maintaining POST data. Change your form to point to localhost:8000/signup/ (note the trailing slash), or set APPEND_SLASH=False in your Django settings.
2023-06-23 13:52:58 [WARNING] /Users/sumith/Documents/Projects/vercel/phenv/lib/python3.9/site-packages/django/utils/log.py:241 Bad Request: /signup/
2023-06-23 13:59:18 [WARNING] /Users/sumith/Documents/Projects/vercel/phenv/lib/python3.9/site-packages/django/utils/log.py:241 Bad Request: /signup/
2023-06-23 14:35:12 [WARNING] /Users/sumith/Documents/Projects/vercel/phenv/lib/python3.9/site-packages/django/utils/log.py:241 Bad Request: /signup/
2023-06-23 14:54:09 [WARNING] /Users/sumith/Documents/Projects/vercel/phenv/lib/python3.9/site-packages/django/utils/log.py:241 Not Found: /test-paragraphs/9f973068-2aac-40dd-84d6-75d63abad449/
